#
# There is insufficient memory for the Java Runtime Environment to continue.
# Native memory allocation (mmap) failed to map 27262976 bytes for G1 virtual space
# Possible reasons:
#   The system is out of physical RAM or swap space
#   The process is running with CompressedOops enabled, and the Java Heap may be blocking the growth of the native heap
# Possible solutions:
#   Reduce memory load on the system
#   Increase physical memory or swap space
#   Check if swap backing store is full
#   Decrease Java heap size (-Xmx/-Xms)
#   Decrease number of Java threads
#   Decrease Java thread stack sizes (-Xss)
#   Set larger code cache with -XX:ReservedCodeCacheSize=
#   JVM is running with Unscaled Compressed Oops mode in which the Java heap is
#     placed in the first 4GB address space. The Java Heap base address is the
#     maximum limit for the native heap growth. Please use -XX:HeapBaseMinAddress
#     to set the Java Heap base and to place the Java Heap above 4GB virtual address.
# This output file may be truncated or incomplete.
#
#  Out of Memory Error (os_windows.cpp:3530), pid=12068, tid=13248
#
# JRE version: OpenJDK Runtime Environment (18.0.1+10) (build 18.0.1+10-24)
# Java VM: OpenJDK 64-Bit Server VM (18.0.1+10-24, mixed mode, sharing, tiered, compressed oops, compressed class ptrs, g1 gc, windows-amd64)
# No core dump will be written. Minidumps are not enabled by default on client versions of Windows
#

---------------  S U M M A R Y ------------

Command Line: -javaagent:C:\Users\user\.m2\repository/org/aspectj/aspectjweaver/1.8.10/aspectjweaver-1.8.10.jar C:\Users\user\Desktop\LHA-QA\target\surefire\surefirebooter12449444835370851822.jar C:\Users\user\Desktop\LHA-QA\target\surefire 2023-04-05T02-46-34_544-jvmRun1 surefire175347195718880528tmp surefire_06870606800577291624tmp

Host: Intel(R) Core(TM) i9-10900 CPU @ 2.80GHz, 4 cores, 7G,  Windows 10 , 64 bit Build 19041 (10.0.19041.2546)
Time: Wed Apr  5 02:46:36 2023 FLE Daylight Time elapsed time: 1.488667 seconds (0d 0h 0m 1s)

---------------  T H R E A D  ---------------

Current thread (0x000001739cea9440):  VMThread "VM Thread" [stack: 0x00000010cdd00000,0x00000010cde00000] [id=13248]

Stack: [0x00000010cdd00000,0x00000010cde00000]
Native frames: (J=compiled Java code, j=interpreted, Vv=VM code, C=native code)
V  [jvm.dll+0x69887a]
V  [jvm.dll+0x7f38bd]
V  [jvm.dll+0x7f51ce]
V  [jvm.dll+0x7f5883]
V  [jvm.dll+0x25ca3f]
V  [jvm.dll+0x6957c9]
V  [jvm.dll+0x68a2fa]
V  [jvm.dll+0x321efb]
V  [jvm.dll+0x3298d6]
V  [jvm.dll+0x37e47e]
V  [jvm.dll+0x37e6af]
V  [jvm.dll+0x2f9c7a]
V  [jvm.dll+0x2f9d27]
V  [jvm.dll+0x33e262]
V  [jvm.dll+0x33c804]
V  [jvm.dll+0x2f9450]
V  [jvm.dll+0x33bddb]
V  [jvm.dll+0x7fa66b]
V  [jvm.dll+0x7fb404]
V  [jvm.dll+0x7fb93c]
V  [jvm.dll+0x7fbd94]
V  [jvm.dll+0x7fbe57]
V  [jvm.dll+0x7a03ea]
V  [jvm.dll+0x697725]
C  [ucrtbase.dll+0x21bb2]
C  [KERNEL32.DLL+0x17614]
C  [ntdll.dll+0x526a1]

VM_Operation (0x00000010cd7f72e0): G1CollectForAllocation, mode: safepoint, requested by thread 0x00000173ff480040


---------------  P R O C E S S  ---------------

Threads class SMR info:
_java_thread_list=0x00000173a1e37760, length=15, elements={
0x00000173ff480040, 0x000001739ceac440, 0x000001739cead0a0, 0x000001739cec65d0,
0x000001739cec7f80, 0x000001739ceca930, 0x000001739cecb2d0, 0x000001739cecf720,
0x000001739cedb3b0, 0x000001739cf0f580, 0x00000173ff545210, 0x00000173a12e3d30,
0x00000173a12cb300, 0x00000173a1da5cf0, 0x00000173a1e6ee40
}

Java Threads: ( => current thread )
  0x00000173ff480040 JavaThread "main" [_thread_blocked, id=11976, stack(0x00000010cd700000,0x00000010cd800000)]
  0x000001739ceac440 JavaThread "Reference Handler" daemon [_thread_blocked, id=10652, stack(0x00000010cde00000,0x00000010cdf00000)]
  0x000001739cead0a0 JavaThread "Finalizer" daemon [_thread_blocked, id=9224, stack(0x00000010cdf00000,0x00000010ce000000)]
  0x000001739cec65d0 JavaThread "Signal Dispatcher" daemon [_thread_blocked, id=7800, stack(0x00000010ce000000,0x00000010ce100000)]
  0x000001739cec7f80 JavaThread "Attach Listener" daemon [_thread_blocked, id=7196, stack(0x00000010ce100000,0x00000010ce200000)]
  0x000001739ceca930 JavaThread "Service Thread" daemon [_thread_blocked, id=8120, stack(0x00000010ce200000,0x00000010ce300000)]
  0x000001739cecb2d0 JavaThread "Monitor Deflation Thread" daemon [_thread_blocked, id=7260, stack(0x00000010ce300000,0x00000010ce400000)]
  0x000001739cecf720 JavaThread "C2 CompilerThread0" daemon [_thread_blocked, id=11996, stack(0x00000010ce400000,0x00000010ce500000)]
  0x000001739cedb3b0 JavaThread "C1 CompilerThread0" daemon [_thread_blocked, id=9244, stack(0x00000010ce500000,0x00000010ce600000)]
  0x000001739cf0f580 JavaThread "Sweeper thread" daemon [_thread_blocked, id=11532, stack(0x00000010ce600000,0x00000010ce700000)]
  0x00000173ff545210 JavaThread "Common-Cleaner" daemon [_thread_blocked, id=11436, stack(0x00000010ce700000,0x00000010ce800000)]
  0x00000173a12e3d30 JavaThread "C2 CompilerThread1" daemon [_thread_in_native, id=9732, stack(0x00000010ce800000,0x00000010ce900000)]
  0x00000173a12cb300 JavaThread "Notification Thread" daemon [_thread_blocked, id=7588, stack(0x00000010ce900000,0x00000010cea00000)]
  0x00000173a1da5cf0 JavaThread "surefire-forkedjvm-command-thread" daemon [_thread_in_native, id=5744, stack(0x00000010cee00000,0x00000010cef00000)]
  0x00000173a1e6ee40 JavaThread "ping-20s" daemon [_thread_blocked, id=11560, stack(0x00000010cef00000,0x00000010cf000000)]

Other Threads:
=>0x000001739cea9440 VMThread "VM Thread" [stack: 0x00000010cdd00000,0x00000010cde00000] [id=13248]
  0x00000173a12cb7c0 WatcherThread "VM Periodic Task Thread" [stack: 0x00000010cea00000,0x00000010ceb00000] [id=7792]
  0x00000173ff4df880 WorkerThread "GC Thread#0" [stack: 0x00000010cd800000,0x00000010cd900000] [id=8996]
  0x00000173a16cdb70 WorkerThread "GC Thread#1" [stack: 0x00000010ceb00000,0x00000010cec00000] [id=796]
  0x00000173a1a299f0 WorkerThread "GC Thread#2" [stack: 0x00000010cec00000,0x00000010ced00000] [id=188]
  0x00000173a1cfec10 WorkerThread "GC Thread#3" [stack: 0x00000010ced00000,0x00000010cee00000] [id=5364]
  0x00000173ff4f17c0 ConcurrentGCThread "G1 Main Marker" [stack: 0x00000010cd900000,0x00000010cda00000] [id=6916]
  0x00000173ff4f2950 WorkerThread "G1 Conc#0" [stack: 0x00000010cda00000,0x00000010cdb00000] [id=1436]
  0x00000173ff530b90 ConcurrentGCThread "G1 Refine#0" [stack: 0x00000010cdb00000,0x00000010cdc00000] [id=6704]
  0x00000173ff5314a0 ConcurrentGCThread "G1 Service" [stack: 0x00000010cdc00000,0x00000010cdd00000] [id=6748]

Threads with active compile tasks:
C2 CompilerThread0     1496 2586 %     4       org.aspectj.util.GenericSignatureParser::tokenize @ 34 (822 bytes)
C2 CompilerThread1     1496 2570       4       org.aspectj.apache.bcel.generic.MethodGen::<init> (925 bytes)

VM state: at safepoint (normal execution)

VM Mutex/Monitor currently owned by a thread:  ([mutex/lock_event])
[0x00000173ff47b250] Threads_lock - owner thread: 0x000001739cea9440
[0x00000173ff47a680] Heap_lock - owner thread: 0x00000173ff480040

Heap address: 0x0000000080000000, size: 2048 MB, Compressed Oops mode: 32-bit

CDS archive(s) mapped at: [0x0000000800000000-0x0000000800b90000-0x0000000800b90000), size 12124160, SharedBaseAddress: 0x0000000800000000, ArchiveRelocationMode: 0.
Compressed class space mapped at: 0x0000000800c00000-0x0000000840c00000, reserved size: 1073741824
Narrow klass base: 0x0000000800000000, Narrow klass shift: 0, Narrow klass range: 0x100000000

GC Precious Log:
 CardTable entry size: 512
 Card Set container configuration: InlinePtr #cards 5 size 8 Array Of Cards #cards 12 size 40 Howl #buckets 4 coarsen threshold 1843 Howl Bitmap #cards 512 size 80 coarsen threshold 460 Card regions per heap region 1 cards per card region 2048
 CPUs: 4 total, 4 available
 Memory: 8191M
 Large Page Support: Disabled
 NUMA Support: Disabled
 Compressed Oops: Enabled (32-bit)
 Heap Region Size: 1M
 Heap Min Capacity: 8M
 Heap Initial Capacity: 128M
 Heap Max Capacity: 2G
 Pre-touch: Disabled
 Parallel Workers: 4
 Concurrent Workers: 1
 Concurrent Refinement Workers: 4
 Periodic GC: Disabled

Heap:
 garbage-first heap   total 131072K, used 33792K [0x0000000080000000, 0x0000000100000000)
  region size 1024K, 8 young (8192K), 8 survivors (8192K)
 Metaspace       used 18942K, committed 19200K, reserved 1114112K
  class space    used 1817K, committed 1920K, reserved 1048576K

Heap Regions: E=young(eden), S=young(survivor), O=old, HS=humongous(starts), HC=humongous(continues), CS=collection set, F=free, OA=open archive, CA=closed archive, TAMS=top-at-mark-start (previous, next)
|   0|0x0000000080000000, 0x0000000080100000, 0x0000000080100000|100%|HS|  |TAMS 0x0000000080000000, 0x0000000080000000| Complete 
|   1|0x0000000080100000, 0x0000000080200000, 0x0000000080200000|100%| O|  |TAMS 0x0000000080100000, 0x0000000080100000| Untracked 
|   2|0x0000000080200000, 0x0000000080300000, 0x0000000080300000|100%| O|  |TAMS 0x0000000080200000, 0x0000000080200000| Untracked 
|   3|0x0000000080300000, 0x0000000080400000, 0x0000000080400000|100%| O|  |TAMS 0x0000000080300000, 0x0000000080300000| Untracked 
|   4|0x0000000080400000, 0x0000000080500000, 0x0000000080500000|100%| O|  |TAMS 0x0000000080400000, 0x0000000080400000| Untracked 
|   5|0x0000000080500000, 0x0000000080600000, 0x0000000080600000|100%| O|  |TAMS 0x0000000080500000, 0x0000000080500000| Untracked 
|   6|0x0000000080600000, 0x0000000080700000, 0x0000000080700000|100%| O|  |TAMS 0x0000000080600000, 0x0000000080600000| Untracked 
|   7|0x0000000080700000, 0x0000000080800000, 0x0000000080800000|100%| O|  |TAMS 0x0000000080700000, 0x0000000080700000| Untracked 
|   8|0x0000000080800000, 0x0000000080900000, 0x0000000080900000|100%| O|  |TAMS 0x0000000080800000, 0x0000000080800000| Untracked 
|   9|0x0000000080900000, 0x0000000080a00000, 0x0000000080a00000|100%| O|  |TAMS 0x0000000080900000, 0x0000000080900000| Untracked 
|  10|0x0000000080a00000, 0x0000000080b00000, 0x0000000080b00000|100%| O|  |TAMS 0x0000000080a00000, 0x0000000080a00000| Untracked 
|  11|0x0000000080b00000, 0x0000000080c00000, 0x0000000080c00000|100%| O|  |TAMS 0x0000000080b00000, 0x0000000080b00000| Untracked 
|  12|0x0000000080c00000, 0x0000000080d00000, 0x0000000080d00000|100%| O|  |TAMS 0x0000000080c00000, 0x0000000080c00000| Untracked 
|  13|0x0000000080d00000, 0x0000000080e00000, 0x0000000080e00000|100%| O|  |TAMS 0x0000000080d00000, 0x0000000080d00000| Untracked 
|  14|0x0000000080e00000, 0x0000000080f00000, 0x0000000080f00000|100%| O|  |TAMS 0x0000000080e00000, 0x0000000080e00000| Untracked 
|  15|0x0000000080f00000, 0x0000000081000000, 0x0000000081000000|100%| O|  |TAMS 0x0000000080f00000, 0x0000000080f00000| Untracked 
|  16|0x0000000081000000, 0x0000000081100000, 0x0000000081100000|100%| O|  |TAMS 0x0000000081000000, 0x0000000081000000| Untracked 
|  17|0x0000000081100000, 0x0000000081200000, 0x0000000081200000|100%| O|  |TAMS 0x0000000081100000, 0x0000000081100000| Untracked 
|  18|0x0000000081200000, 0x0000000081300000, 0x0000000081300000|100%| O|  |TAMS 0x0000000081200000, 0x0000000081200000| Untracked 
|  19|0x0000000081300000, 0x0000000081400000, 0x0000000081400000|100%| O|  |TAMS 0x0000000081300000, 0x0000000081300000| Untracked 
|  20|0x0000000081400000, 0x0000000081500000, 0x0000000081500000|100%| O|  |TAMS 0x0000000081400000, 0x0000000081400000| Untracked 
|  21|0x0000000081500000, 0x0000000081600000, 0x0000000081600000|100%| O|  |TAMS 0x0000000081500000, 0x0000000081500000| Untracked 
|  22|0x0000000081600000, 0x0000000081700000, 0x0000000081700000|100%| O|  |TAMS 0x0000000081600000, 0x0000000081600000| Untracked 
|  23|0x0000000081700000, 0x0000000081800000, 0x0000000081800000|100%| O|  |TAMS 0x0000000081700000, 0x0000000081700000| Untracked 
|  24|0x0000000081800000, 0x0000000081900000, 0x0000000081900000|100%| O|  |TAMS 0x0000000081800000, 0x0000000081800000| Untracked 
|  25|0x0000000081900000, 0x0000000081900000, 0x0000000081a00000|  0%| F|  |TAMS 0x0000000081900000, 0x0000000081900000| Untracked 
|  26|0x0000000081a00000, 0x0000000081a00000, 0x0000000081b00000|  0%| F|  |TAMS 0x0000000081a00000, 0x0000000081a00000| Untracked 
|  27|0x0000000081b00000, 0x0000000081b00000, 0x0000000081c00000|  0%| F|  |TAMS 0x0000000081b00000, 0x0000000081b00000| Untracked 
|  28|0x0000000081c00000, 0x0000000081c00000, 0x0000000081d00000|  0%| F|  |TAMS 0x0000000081c00000, 0x0000000081c00000| Untracked 
|  29|0x0000000081d00000, 0x0000000081d00000, 0x0000000081e00000|  0%| F|  |TAMS 0x0000000081d00000, 0x0000000081d00000| Untracked 
|  30|0x0000000081e00000, 0x0000000081e00000, 0x0000000081f00000|  0%| F|  |TAMS 0x0000000081e00000, 0x0000000081e00000| Untracked 
|  31|0x0000000081f00000, 0x0000000081f00000, 0x0000000082000000|  0%| F|  |TAMS 0x0000000081f00000, 0x0000000081f00000| Untracked 
|  32|0x0000000082000000, 0x0000000082000000, 0x0000000082100000|  0%| F|  |TAMS 0x0000000082000000, 0x0000000082000000| Untracked 
|  33|0x0000000082100000, 0x0000000082100000, 0x0000000082200000|  0%| F|  |TAMS 0x0000000082100000, 0x0000000082100000| Untracked 
|  34|0x0000000082200000, 0x0000000082200000, 0x0000000082300000|  0%| F|  |TAMS 0x0000000082200000, 0x0000000082200000| Untracked 
|  35|0x0000000082300000, 0x0000000082300000, 0x0000000082400000|  0%| F|  |TAMS 0x0000000082300000, 0x0000000082300000| Untracked 
|  36|0x0000000082400000, 0x0000000082400000, 0x0000000082500000|  0%| F|  |TAMS 0x0000000082400000, 0x0000000082400000| Untracked 
|  37|0x0000000082500000, 0x0000000082500000, 0x0000000082600000|  0%| F|  |TAMS 0x0000000082500000, 0x0000000082500000| Untracked 
|  38|0x0000000082600000, 0x0000000082600000, 0x0000000082700000|  0%| F|  |TAMS 0x0000000082600000, 0x0000000082600000| Untracked 
|  39|0x0000000082700000, 0x0000000082700000, 0x0000000082800000|  0%| F|  |TAMS 0x0000000082700000, 0x0000000082700000| Untracked 
|  40|0x0000000082800000, 0x0000000082800000, 0x0000000082900000|  0%| F|  |TAMS 0x0000000082800000, 0x0000000082800000| Untracked 
|  41|0x0000000082900000, 0x0000000082900000, 0x0000000082a00000|  0%| F|  |TAMS 0x0000000082900000, 0x0000000082900000| Untracked 
|  42|0x0000000082a00000, 0x0000000082a00000, 0x0000000082b00000|  0%| F|  |TAMS 0x0000000082a00000, 0x0000000082a00000| Untracked 
|  43|0x0000000082b00000, 0x0000000082b00000, 0x0000000082c00000|  0%| F|  |TAMS 0x0000000082b00000, 0x0000000082b00000| Untracked 
|  44|0x0000000082c00000, 0x0000000082c00000, 0x0000000082d00000|  0%| F|  |TAMS 0x0000000082c00000, 0x0000000082c00000| Untracked 
|  45|0x0000000082d00000, 0x0000000082d00000, 0x0000000082e00000|  0%| F|  |TAMS 0x0000000082d00000, 0x0000000082d00000| Untracked 
|  46|0x0000000082e00000, 0x0000000082e00000, 0x0000000082f00000|  0%| F|  |TAMS 0x0000000082e00000, 0x0000000082e00000| Untracked 
|  47|0x0000000082f00000, 0x0000000082f00000, 0x0000000083000000|  0%| F|  |TAMS 0x0000000082f00000, 0x0000000082f00000| Untracked 
|  48|0x0000000083000000, 0x0000000083000000, 0x0000000083100000|  0%| F|  |TAMS 0x0000000083000000, 0x0000000083000000| Untracked 
|  49|0x0000000083100000, 0x0000000083100000, 0x0000000083200000|  0%| F|  |TAMS 0x0000000083100000, 0x0000000083100000| Untracked 
|  50|0x0000000083200000, 0x0000000083200000, 0x0000000083300000|  0%| F|  |TAMS 0x0000000083200000, 0x0000000083200000| Untracked 
|  51|0x0000000083300000, 0x0000000083300000, 0x0000000083400000|  0%| F|  |TAMS 0x0000000083300000, 0x0000000083300000| Untracked 
|  52|0x0000000083400000, 0x0000000083400000, 0x0000000083500000|  0%| F|  |TAMS 0x0000000083400000, 0x0000000083400000| Untracked 
|  53|0x0000000083500000, 0x0000000083500000, 0x0000000083600000|  0%| F|  |TAMS 0x0000000083500000, 0x0000000083500000| Untracked 
|  54|0x0000000083600000, 0x0000000083600000, 0x0000000083700000|  0%| F|  |TAMS 0x0000000083600000, 0x0000000083600000| Untracked 
|  55|0x0000000083700000, 0x0000000083700000, 0x0000000083800000|  0%| F|  |TAMS 0x0000000083700000, 0x0000000083700000| Untracked 
|  56|0x0000000083800000, 0x0000000083800000, 0x0000000083900000|  0%| F|  |TAMS 0x0000000083800000, 0x0000000083800000| Untracked 
|  57|0x0000000083900000, 0x0000000083900000, 0x0000000083a00000|  0%| F|  |TAMS 0x0000000083900000, 0x0000000083900000| Untracked 
|  58|0x0000000083a00000, 0x0000000083a00000, 0x0000000083b00000|  0%| F|  |TAMS 0x0000000083a00000, 0x0000000083a00000| Untracked 
|  59|0x0000000083b00000, 0x0000000083c00000, 0x0000000083c00000|100%| S|CS|TAMS 0x0000000083b00000, 0x0000000083b00000| Complete 
|  60|0x0000000083c00000, 0x0000000083d00000, 0x0000000083d00000|100%| S|CS|TAMS 0x0000000083c00000, 0x0000000083c00000| Complete 
|  61|0x0000000083d00000, 0x0000000083e00000, 0x0000000083e00000|100%| S|CS|TAMS 0x0000000083d00000, 0x0000000083d00000| Complete 
|  62|0x0000000083e00000, 0x0000000083f00000, 0x0000000083f00000|100%| S|CS|TAMS 0x0000000083e00000, 0x0000000083e00000| Complete 
|  63|0x0000000083f00000, 0x0000000084000000, 0x0000000084000000|100%| S|CS|TAMS 0x0000000083f00000, 0x0000000083f00000| Complete 
|  64|0x0000000084000000, 0x0000000084100000, 0x0000000084100000|100%| S|CS|TAMS 0x0000000084000000, 0x0000000084000000| Complete 
|  65|0x0000000084100000, 0x0000000084200000, 0x0000000084200000|100%| S|CS|TAMS 0x0000000084100000, 0x0000000084100000| Complete 
|  66|0x0000000084200000, 0x0000000084300000, 0x0000000084300000|100%| S|CS|TAMS 0x0000000084200000, 0x0000000084200000| Complete 
|  67|0x0000000084300000, 0x0000000084300000, 0x0000000084400000|  0%| F|  |TAMS 0x0000000084300000, 0x0000000084300000| Untracked 
|  68|0x0000000084400000, 0x0000000084400000, 0x0000000084500000|  0%| F|  |TAMS 0x0000000084400000, 0x0000000084400000| Untracked 
|  69|0x0000000084500000, 0x0000000084500000, 0x0000000084600000|  0%| F|  |TAMS 0x0000000084500000, 0x0000000084500000| Untracked 
|  70|0x0000000084600000, 0x0000000084600000, 0x0000000084700000|  0%| F|  |TAMS 0x0000000084600000, 0x0000000084600000| Untracked 
|  71|0x0000000084700000, 0x0000000084700000, 0x0000000084800000|  0%| F|  |TAMS 0x0000000084700000, 0x0000000084700000| Untracked 
|  72|0x0000000084800000, 0x0000000084800000, 0x0000000084900000|  0%| F|  |TAMS 0x0000000084800000, 0x0000000084800000| Untracked 
|  73|0x0000000084900000, 0x0000000084900000, 0x0000000084a00000|  0%| F|  |TAMS 0x0000000084900000, 0x0000000084900000| Untracked 
|  74|0x0000000084a00000, 0x0000000084a00000, 0x0000000084b00000|  0%| F|  |TAMS 0x0000000084a00000, 0x0000000084a00000| Untracked 
|  75|0x0000000084b00000, 0x0000000084b00000, 0x0000000084c00000|  0%| F|  |TAMS 0x0000000084b00000, 0x0000000084b00000| Untracked 
|  76|0x0000000084c00000, 0x0000000084c00000, 0x0000000084d00000|  0%| F|  |TAMS 0x0000000084c00000, 0x0000000084c00000| Untracked 
|  77|0x0000000084d00000, 0x0000000084d00000, 0x0000000084e00000|  0%| F|  |TAMS 0x0000000084d00000, 0x0000000084d00000| Untracked 
|  78|0x0000000084e00000, 0x0000000084e00000, 0x0000000084f00000|  0%| F|  |TAMS 0x0000000084e00000, 0x0000000084e00000| Untracked 
|  79|0x0000000084f00000, 0x0000000084f00000, 0x0000000085000000|  0%| F|  |TAMS 0x0000000084f00000, 0x0000000084f00000| Untracked 
|  80|0x0000000085000000, 0x0000000085000000, 0x0000000085100000|  0%| F|  |TAMS 0x0000000085000000, 0x0000000085000000| Untracked 
|  81|0x0000000085100000, 0x0000000085100000, 0x0000000085200000|  0%| F|  |TAMS 0x0000000085100000, 0x0000000085100000| Untracked 
|  82|0x0000000085200000, 0x0000000085200000, 0x0000000085300000|  0%| F|  |TAMS 0x0000000085200000, 0x0000000085200000| Untracked 
|  83|0x0000000085300000, 0x0000000085300000, 0x0000000085400000|  0%| F|  |TAMS 0x0000000085300000, 0x0000000085300000| Untracked 
|  84|0x0000000085400000, 0x0000000085400000, 0x0000000085500000|  0%| F|  |TAMS 0x0000000085400000, 0x0000000085400000| Untracked 
|  85|0x0000000085500000, 0x0000000085500000, 0x0000000085600000|  0%| F|  |TAMS 0x0000000085500000, 0x0000000085500000| Untracked 
|  86|0x0000000085600000, 0x0000000085600000, 0x0000000085700000|  0%| F|  |TAMS 0x0000000085600000, 0x0000000085600000| Untracked 
|  87|0x0000000085700000, 0x0000000085700000, 0x0000000085800000|  0%| F|  |TAMS 0x0000000085700000, 0x0000000085700000| Untracked 
|  88|0x0000000085800000, 0x0000000085800000, 0x0000000085900000|  0%| F|  |TAMS 0x0000000085800000, 0x0000000085800000| Untracked 
|  89|0x0000000085900000, 0x0000000085900000, 0x0000000085a00000|  0%| F|  |TAMS 0x0000000085900000, 0x0000000085900000| Untracked 
|  90|0x0000000085a00000, 0x0000000085a00000, 0x0000000085b00000|  0%| F|  |TAMS 0x0000000085a00000, 0x0000000085a00000| Untracked 
|  91|0x0000000085b00000, 0x0000000085b00000, 0x0000000085c00000|  0%| F|  |TAMS 0x0000000085b00000, 0x0000000085b00000| Untracked 
|  92|0x0000000085c00000, 0x0000000085c00000, 0x0000000085d00000|  0%| F|  |TAMS 0x0000000085c00000, 0x0000000085c00000| Untracked 
|  93|0x0000000085d00000, 0x0000000085d00000, 0x0000000085e00000|  0%| F|  |TAMS 0x0000000085d00000, 0x0000000085d00000| Untracked 
|  94|0x0000000085e00000, 0x0000000085e00000, 0x0000000085f00000|  0%| F|  |TAMS 0x0000000085e00000, 0x0000000085e00000| Untracked 
|  95|0x0000000085f00000, 0x0000000085f00000, 0x0000000086000000|  0%| F|  |TAMS 0x0000000085f00000, 0x0000000085f00000| Untracked 
|  96|0x0000000086000000, 0x0000000086000000, 0x0000000086100000|  0%| F|  |TAMS 0x0000000086000000, 0x0000000086000000| Untracked 
|  97|0x0000000086100000, 0x0000000086100000, 0x0000000086200000|  0%| F|  |TAMS 0x0000000086100000, 0x0000000086100000| Untracked 
|  98|0x0000000086200000, 0x0000000086200000, 0x0000000086300000|  0%| F|  |TAMS 0x0000000086200000, 0x0000000086200000| Untracked 
|  99|0x0000000086300000, 0x0000000086300000, 0x0000000086400000|  0%| F|  |TAMS 0x0000000086300000, 0x0000000086300000| Untracked 
| 100|0x0000000086400000, 0x0000000086400000, 0x0000000086500000|  0%| F|  |TAMS 0x0000000086400000, 0x0000000086400000| Untracked 
| 101|0x0000000086500000, 0x0000000086500000, 0x0000000086600000|  0%| F|  |TAMS 0x0000000086500000, 0x0000000086500000| Untracked 
| 102|0x0000000086600000, 0x0000000086600000, 0x0000000086700000|  0%| F|  |TAMS 0x0000000086600000, 0x0000000086600000| Untracked 
| 103|0x0000000086700000, 0x0000000086700000, 0x0000000086800000|  0%| F|  |TAMS 0x0000000086700000, 0x0000000086700000| Untracked 
| 104|0x0000000086800000, 0x0000000086800000, 0x0000000086900000|  0%| F|  |TAMS 0x0000000086800000, 0x0000000086800000| Untracked 
| 105|0x0000000086900000, 0x0000000086900000, 0x0000000086a00000|  0%| F|  |TAMS 0x0000000086900000, 0x0000000086900000| Untracked 
| 106|0x0000000086a00000, 0x0000000086a00000, 0x0000000086b00000|  0%| F|  |TAMS 0x0000000086a00000, 0x0000000086a00000| Untracked 
| 107|0x0000000086b00000, 0x0000000086b00000, 0x0000000086c00000|  0%| F|  |TAMS 0x0000000086b00000, 0x0000000086b00000| Untracked 
| 108|0x0000000086c00000, 0x0000000086c00000, 0x0000000086d00000|  0%| F|  |TAMS 0x0000000086c00000, 0x0000000086c00000| Untracked 
| 109|0x0000000086d00000, 0x0000000086d00000, 0x0000000086e00000|  0%| F|  |TAMS 0x0000000086d00000, 0x0000000086d00000| Untracked 
| 110|0x0000000086e00000, 0x0000000086e00000, 0x0000000086f00000|  0%| F|  |TAMS 0x0000000086e00000, 0x0000000086e00000| Untracked 
| 111|0x0000000086f00000, 0x0000000086f00000, 0x0000000087000000|  0%| F|  |TAMS 0x0000000086f00000, 0x0000000086f00000| Untracked 
| 112|0x0000000087000000, 0x0000000087000000, 0x0000000087100000|  0%| F|  |TAMS 0x0000000087000000, 0x0000000087000000| Untracked 
| 113|0x0000000087100000, 0x0000000087100000, 0x0000000087200000|  0%| F|  |TAMS 0x0000000087100000, 0x0000000087100000| Untracked 
| 114|0x0000000087200000, 0x0000000087200000, 0x0000000087300000|  0%| F|  |TAMS 0x0000000087200000, 0x0000000087200000| Untracked 
| 115|0x0000000087300000, 0x0000000087300000, 0x0000000087400000|  0%| F|  |TAMS 0x0000000087300000, 0x0000000087300000| Untracked 
| 116|0x0000000087400000, 0x0000000087400000, 0x0000000087500000|  0%| F|  |TAMS 0x0000000087400000, 0x0000000087400000| Untracked 
| 117|0x0000000087500000, 0x0000000087500000, 0x0000000087600000|  0%| F|  |TAMS 0x0000000087500000, 0x0000000087500000| Untracked 
| 118|0x0000000087600000, 0x0000000087600000, 0x0000000087700000|  0%| F|  |TAMS 0x0000000087600000, 0x0000000087600000| Untracked 
| 119|0x0000000087700000, 0x0000000087700000, 0x0000000087800000|  0%| F|  |TAMS 0x0000000087700000, 0x0000000087700000| Untracked 
| 120|0x0000000087800000, 0x0000000087800000, 0x0000000087900000|  0%| F|  |TAMS 0x0000000087800000, 0x0000000087800000| Untracked 
| 121|0x0000000087900000, 0x0000000087900000, 0x0000000087a00000|  0%| F|  |TAMS 0x0000000087900000, 0x0000000087900000| Untracked 
| 122|0x0000000087a00000, 0x0000000087a00000, 0x0000000087b00000|  0%| F|  |TAMS 0x0000000087a00000, 0x0000000087a00000| Untracked 
| 123|0x0000000087b00000, 0x0000000087b00000, 0x0000000087c00000|  0%| F|  |TAMS 0x0000000087b00000, 0x0000000087b00000| Untracked 
| 124|0x0000000087c00000, 0x0000000087c00000, 0x0000000087d00000|  0%| F|  |TAMS 0x0000000087c00000, 0x0000000087c00000| Untracked 
| 125|0x0000000087d00000, 0x0000000087d00000, 0x0000000087e00000|  0%| F|  |TAMS 0x0000000087d00000, 0x0000000087d00000| Untracked 
| 126|0x0000000087e00000, 0x0000000087e00000, 0x0000000087f00000|  0%| F|  |TAMS 0x0000000087e00000, 0x0000000087e00000| Untracked 
| 127|0x0000000087f00000, 0x0000000087f00000, 0x0000000088000000|  0%| F|  |TAMS 0x0000000087f00000, 0x0000000087f00000| Untracked 

Card table byte_map: [0x00000173ff950000,0x00000173ffd50000] _byte_map_base: 0x00000173ff550000

Marking Bits (Prev, Next): (CMBitMap*) 0x00000173ff4e0e90, (CMBitMap*) 0x00000173ff4e0ed0
 Prev Bits: [0x0000017396c70000, 0x0000017398c70000)
 Next Bits: [0x0000017398c70000, 0x000001739ac70000)

Polling page: 0x00000173fd5f0000

Metaspace:

Usage:
  Non-class:     16.72 MB used.
      Class:      1.78 MB used.
       Both:     18.50 MB used.

Virtual space:
  Non-class space:       64.00 MB reserved,      16.88 MB ( 26%) committed,  1 nodes.
      Class space:        1.00 GB reserved,       1.88 MB ( <1%) committed,  1 nodes.
             Both:        1.06 GB reserved,      18.75 MB (  2%) committed. 

Chunk freelists:
   Non-Class:  2.48 MB
       Class:  2.17 MB
        Both:  4.66 MB

MaxMetaspaceSize: unlimited
CompressedClassSpaceSize: 1.00 GB
Initial GC threshold: 21.00 MB
Current GC threshold: 21.00 MB
CDS: on
MetaspaceReclaimPolicy: balanced
 - commit_granule_bytes: 65536.
 - commit_granule_words: 8192.
 - virtual_space_node_default_size: 8388608.
 - enlarge_chunks_in_place: 1.
 - new_chunks_are_fully_committed: 0.
 - uncommit_free_chunks: 1.
 - use_allocation_guard: 0.


Internal statistics:

num_allocs_failed_limit: 0.
num_arena_births: 148.
num_arena_deaths: 0.
num_vsnodes_births: 2.
num_vsnodes_deaths: 0.
num_space_committed: 300.
num_space_uncommitted: 0.
num_chunks_returned_to_freelist: 0.
num_chunks_taken_from_freelist: 627.
num_chunk_merges: 0.
num_chunk_splits: 484.
num_chunks_enlarged: 431.
num_inconsistent_stats: 0.

CodeHeap 'non-profiled nmethods': size=120000Kb used=1709Kb max_used=1709Kb free=118290Kb
 bounds [0x000001738f340000, 0x000001738f5b0000, 0x0000017396870000]
CodeHeap 'profiled nmethods': size=120000Kb used=6312Kb max_used=6312Kb free=113687Kb
 bounds [0x0000017387e10000, 0x0000017388440000, 0x000001738f340000]
CodeHeap 'non-nmethods': size=5760Kb used=1201Kb max_used=1278Kb free=4558Kb
 bounds [0x0000017387870000, 0x0000017387ae0000, 0x0000017387e10000]
 total_blobs=3076 nmethods=2586 adapters=402
 compilation: enabled
              stopped_count=0, restarted_count=0
 full_count=0

Compilation events (20 events):
Event: 1.457 Thread 0x000001739cecf720 nmethod 2508 0x000001738f4df010 code [0x000001738f4df640, 0x000001738f4e5f68]
Event: 1.458 Thread 0x000001739cecf720 2578       4       org.aspectj.apache.bcel.generic.InstructionList::getInstructionHandles (40 bytes)
Event: 1.459 Thread 0x000001739cecf720 nmethod 2578 0x000001738f4e9510 code [0x000001738f4e96a0, 0x000001738f4e9998]
Event: 1.459 Thread 0x000001739cecf720 2574       4       java.lang.StringLatin1::getChars (12 bytes)
Event: 1.460 Thread 0x000001739cecf720 nmethod 2574 0x000001738f4e9b10 code [0x000001738f4e9c80, 0x000001738f4e9df8]
Event: 1.460 Thread 0x000001739cecf720 2575       4       java.lang.String::getChars (54 bytes)
Event: 1.461 Thread 0x000001739cecf720 nmethod 2575 0x000001738f4e9e90 code [0x000001738f4ea020, 0x000001738f4ea358]
Event: 1.461 Thread 0x000001739cecf720 2576       4       java.util.Collections$EmptyList::toArray (5 bytes)
Event: 1.461 Thread 0x000001739cecf720 nmethod 2576 0x000001738f4ea610 code [0x000001738f4ea7a0, 0x000001738f4ea898]
Event: 1.464 Thread 0x000001739cedb3b0 2584       3       org.aspectj.util.GenericSignatureParser::parseFormalTypeParameter (111 bytes)
Event: 1.464 Thread 0x000001739cedb3b0 nmethod 2584 0x0000017388438590 code [0x0000017388438880, 0x0000017388439b68]
Event: 1.466 Thread 0x000001739cedb3b0 2585       1       org.aspectj.util.GenericSignature$FieldTypeSignature::isClassTypeSignature (2 bytes)
Event: 1.466 Thread 0x000001739cedb3b0 nmethod 2585 0x000001738f4ea990 code [0x000001738f4eab20, 0x000001738f4eabf8]
Event: 1.467 Thread 0x000001739cecf720 2586 %     4       org.aspectj.util.GenericSignatureParser::tokenize @ 34 (822 bytes)
Event: 1.467 Thread 0x000001739cedb3b0 2587       1       org.aspectj.util.GenericSignature$FieldTypeSignature::isArrayTypeSignature (2 bytes)
Event: 1.467 Thread 0x000001739cedb3b0 nmethod 2587 0x000001738f4eac90 code [0x000001738f4eae20, 0x000001738f4eaef8]
Event: 1.467 Thread 0x000001739cedb3b0 2588       1       org.aspectj.util.GenericSignature$TypeVariableSignature::isTypeVariableSignature (2 bytes)
Event: 1.467 Thread 0x000001739cedb3b0 nmethod 2588 0x000001738f4eaf90 code [0x000001738f4eb120, 0x000001738f4eb1f8]
Event: 1.474 Thread 0x000001739cedb3b0 2591       1       org.aspectj.apache.bcel.classfile.InnerClass::getOuterClassIndex (5 bytes)
Event: 1.474 Thread 0x000001739cedb3b0 nmethod 2591 0x000001738f4eb290 code [0x000001738f4eb420, 0x000001738f4eb4f8]

GC Heap History (11 events):
Event: 0.251 GC heap before
{Heap before GC invocations=0 (full 0):
 garbage-first heap   total 131072K, used 13312K [0x0000000080000000, 0x0000000100000000)
  region size 1024K, 13 young (13312K), 0 survivors (0K)
 Metaspace       used 3762K, committed 3968K, reserved 1114112K
  class space    used 346K, committed 448K, reserved 1048576K
}
Event: 0.254 GC heap after
{Heap after GC invocations=1 (full 0):
 garbage-first heap   total 131072K, used 6650K [0x0000000080000000, 0x0000000100000000)
  region size 1024K, 2 young (2048K), 2 survivors (2048K)
 Metaspace       used 3762K, committed 3968K, reserved 1114112K
  class space    used 346K, committed 448K, reserved 1048576K
}
Event: 0.401 GC heap before
{Heap before GC invocations=1 (full 0):
 garbage-first heap   total 131072K, used 19962K [0x0000000080000000, 0x0000000100000000)
  region size 1024K, 15 young (15360K), 2 survivors (2048K)
 Metaspace       used 6935K, committed 7104K, reserved 1114112K
  class space    used 629K, committed 704K, reserved 1048576K
}
Event: 0.404 GC heap after
{Heap after GC invocations=2 (full 0):
 garbage-first heap   total 131072K, used 8779K [0x0000000080000000, 0x0000000100000000)
  region size 1024K, 2 young (2048K), 2 survivors (2048K)
 Metaspace       used 6935K, committed 7104K, reserved 1114112K
  class space    used 629K, committed 704K, reserved 1048576K
}
Event: 0.667 GC heap before
{Heap before GC invocations=2 (full 0):
 garbage-first heap   total 131072K, used 33355K [0x0000000080000000, 0x0000000100000000)
  region size 1024K, 26 young (26624K), 2 survivors (2048K)
 Metaspace       used 9855K, committed 10112K, reserved 1114112K
  class space    used 896K, committed 1024K, reserved 1048576K
}
Event: 0.671 GC heap after
{Heap after GC invocations=3 (full 0):
 garbage-first heap   total 131072K, used 12978K [0x0000000080000000, 0x0000000100000000)
  region size 1024K, 4 young (4096K), 4 survivors (4096K)
 Metaspace       used 9855K, committed 10112K, reserved 1114112K
  class space    used 896K, committed 1024K, reserved 1048576K
}
Event: 0.896 GC heap before
{Heap before GC invocations=3 (full 0):
 garbage-first heap   total 131072K, used 62130K [0x0000000080000000, 0x0000000100000000)
  region size 1024K, 52 young (53248K), 4 survivors (4096K)
 Metaspace       used 12855K, committed 13056K, reserved 1114112K
  class space    used 1131K, committed 1216K, reserved 1048576K
}
Event: 0.903 GC heap after
{Heap after GC invocations=4 (full 0):
 garbage-first heap   total 131072K, used 21287K [0x0000000080000000, 0x0000000100000000)
  region size 1024K, 7 young (7168K), 7 survivors (7168K)
 Metaspace       used 12855K, committed 13056K, reserved 1114112K
  class space    used 1131K, committed 1216K, reserved 1048576K
}
Event: 1.192 GC heap before
{Heap before GC invocations=4 (full 0):
 garbage-first heap   total 131072K, used 71463K [0x0000000080000000, 0x0000000100000000)
  region size 1024K, 56 young (57344K), 7 survivors (7168K)
 Metaspace       used 16260K, committed 16512K, reserved 1114112K
  class space    used 1548K, committed 1664K, reserved 1048576K
}
Event: 1.198 GC heap after
{Heap after GC invocations=5 (full 0):
 garbage-first heap   total 131072K, used 25426K [0x0000000080000000, 0x0000000100000000)
  region size 1024K, 4 young (4096K), 4 survivors (4096K)
 Metaspace       used 16260K, committed 16512K, reserved 1114112K
  class space    used 1548K, committed 1664K, reserved 1048576K
}
Event: 1.481 GC heap before
{Heap before GC invocations=5 (full 0):
 garbage-first heap   total 131072K, used 83794K [0x0000000080000000, 0x0000000100000000)
  region size 1024K, 61 young (62464K), 4 survivors (4096K)
 Metaspace       used 18942K, committed 19200K, reserved 1114112K
  class space    used 1817K, committed 1920K, reserved 1048576K
}

Deoptimization events (20 events):
Event: 1.201 Thread 0x00000173ff480040 Uncommon trap: trap_request=0xffffff45 fr.pc=0x000001738f3bff18 relative=0x00000000000006f8
Event: 1.201 Thread 0x00000173ff480040 Uncommon trap: reason=unstable_if action=reinterpret pc=0x000001738f3bff18 method=java.util.ArrayList.grow(I)[Ljava/lang/Object; @ 17 c2
Event: 1.201 Thread 0x00000173ff480040 DEOPT PACKING pc=0x000001738f3bff18 sp=0x00000010cd7fe670
Event: 1.201 Thread 0x00000173ff480040 DEOPT UNPACKING pc=0x00000173878c23a3 sp=0x00000010cd7fe508 mode 2
Event: 1.279 Thread 0x00000173ff480040 Uncommon trap: trap_request=0x000000a0 fr.pc=0x000001738f3d6408 relative=0x0000000000004608
Event: 1.279 Thread 0x00000173ff480040 Uncommon trap: reason=unloaded action=reinterpret pc=0x000001738f3d6408 method=org.aspectj.apache.bcel.classfile.Attribute.readAttribute(Ljava/io/DataInputStream;Lorg/aspectj/apache/bcel/classfile/ConstantPool;)Lorg/aspectj/apache/bcel/classfile/Attribute
Event: 1.279 Thread 0x00000173ff480040 DEOPT PACKING pc=0x000001738f3d6408 sp=0x00000010cd7f9e50
Event: 1.279 Thread 0x00000173ff480040 DEOPT UNPACKING pc=0x00000173878c23a3 sp=0x00000010cd7f9e30 mode 2
Event: 1.373 Thread 0x00000173ff480040 DEOPT PACKING pc=0x00000173883b62fd sp=0x00000010cd7f89e0
Event: 1.373 Thread 0x00000173ff480040 DEOPT UNPACKING pc=0x00000173878c2b43 sp=0x00000010cd7f7e68 mode 0
Event: 1.380 Thread 0x00000173ff480040 DEOPT PACKING pc=0x0000017388102d5f sp=0x00000010cd7f4a60
Event: 1.380 Thread 0x00000173ff480040 DEOPT UNPACKING pc=0x00000173878c2b43 sp=0x00000010cd7f40c0 mode 0
Event: 1.421 Thread 0x00000173ff480040 DEOPT PACKING pc=0x00000173880d4ff5 sp=0x00000010cd7f8150
Event: 1.421 Thread 0x00000173ff480040 DEOPT UNPACKING pc=0x00000173878c2b43 sp=0x00000010cd7f7620 mode 0
Event: 1.429 Thread 0x00000173ff480040 DEOPT PACKING pc=0x0000017388102d5f sp=0x00000010cd7f5670
Event: 1.429 Thread 0x00000173ff480040 DEOPT UNPACKING pc=0x00000173878c2b43 sp=0x00000010cd7f4cd0 mode 0
Event: 1.463 Thread 0x00000173ff480040 DEOPT PACKING pc=0x0000017388102d5f sp=0x00000010cd7f65f0
Event: 1.463 Thread 0x00000173ff480040 DEOPT UNPACKING pc=0x00000173878c2b43 sp=0x00000010cd7f5c50 mode 0
Event: 1.480 Thread 0x00000173ff480040 DEOPT PACKING pc=0x0000017388102d5f sp=0x00000010cd7f8d60
Event: 1.480 Thread 0x00000173ff480040 DEOPT UNPACKING pc=0x00000173878c2b43 sp=0x00000010cd7f83c0 mode 0

Classes loaded (20 events):
Event: 1.307 Loading class java/time/ZoneOffset
Event: 1.307 Loading class java/time/ZoneOffset done
Event: 1.309 Loading class java/util/regex/Pattern$SliceI
Event: 1.309 Loading class java/util/regex/Pattern$SliceI done
Event: 1.312 Loading class java/nio/file/FileVisitOption
Event: 1.312 Loading class java/nio/file/FileVisitOption done
Event: 1.312 Loading class java/nio/file/FileVisitor
Event: 1.312 Loading class java/nio/file/FileVisitor done
Event: 1.312 Loading class java/nio/file/FileSystemNotFoundException
Event: 1.312 Loading class java/nio/file/FileSystemNotFoundException done
Event: 1.316 Loading class java/nio/file/attribute/FileAttribute
Event: 1.316 Loading class java/nio/file/attribute/FileAttribute done
Event: 1.316 Loading class sun/nio/fs/WindowsSecurityDescriptor
Event: 1.316 Loading class sun/nio/fs/WindowsSecurityDescriptor done
Event: 1.316 Loading class sun/nio/fs/WindowsException
Event: 1.316 Loading class sun/nio/fs/WindowsException done
Event: 1.316 Loading class java/nio/file/FileAlreadyExistsException
Event: 1.316 Loading class java/nio/file/FileSystemException
Event: 1.316 Loading class java/nio/file/FileSystemException done
Event: 1.316 Loading class java/nio/file/FileAlreadyExistsException done

Classes unloaded (0 events):
No events

Classes redefined (0 events):
No events

Internal exceptions (20 events):
Event: 1.099 Thread 0x00000173ff480040 Exception <a 'java/lang/NoSuchMethodError'{0x000000008570ce80}: 'java.lang.Object java.lang.invoke.DirectMethodHandle$Holder.newInvokeSpecial(java.lang.Object, java.lang.Object, java.lang.Object, java.lang.Object, java.lang.Object)'> (0x000000008570ce80) 
thrown [s\open\src\hotspot\share\interpreter\linkResolver.cpp, line 766]
Event: 1.106 Thread 0x00000173ff480040 Exception <a 'java/lang/NoSuchMethodError'{0x0000000085621f48}: 'void java.lang.invoke.DirectMethodHandle$Holder.invokeStatic(java.lang.Object, java.lang.Object)'> (0x0000000085621f48) 
thrown [s\open\src\hotspot\share\interpreter\linkResolver.cpp, line 766]
Event: 1.107 Thread 0x00000173ff480040 Exception <a 'java/lang/IncompatibleClassChangeError'{0x0000000085629a90}: Found class java.lang.Object, but interface was expected> (0x0000000085629a90) 
thrown [s\open\src\hotspot\share\interpreter\linkResolver.cpp, line 833]
Event: 1.113 Thread 0x00000173ff480040 Exception <a 'java/lang/NoSuchMethodError'{0x0000000085542f50}: 'java.lang.Object java.lang.invoke.DirectMethodHandle$Holder.newInvokeSpecial(java.lang.Object, java.lang.Object, int, java.lang.Object, java.lang.Object)'> (0x0000000085542f50) 
thrown [s\open\src\hotspot\share\interpreter\linkResolver.cpp, line 766]
Event: 1.151 Thread 0x00000173ff480040 Exception <a 'java/lang/NoSuchMethodError'{0x0000000085442340}: 'java.lang.Object java.lang.invoke.DirectMethodHandle$Holder.newInvokeSpecial(java.lang.Object, int, java.lang.Object)'> (0x0000000085442340) 
thrown [s\open\src\hotspot\share\interpreter\linkResolver.cpp, line 766]
Event: 1.154 Thread 0x00000173ff480040 Exception <a 'java/lang/NoSuchMethodError'{0x000000008546fe68}: 'java.lang.Object java.lang.invoke.DirectMethodHandle$Holder.invokeStatic(java.lang.Object, java.lang.Object, java.lang.Object, int, java.lang.Object, java.lang.Object)'> (0x000000008546fe68) 
thrown [s\open\src\hotspot\share\interpreter\linkResolver.cpp, line 766]
Event: 1.155 Thread 0x00000173ff480040 Exception <a 'java/lang/NoSuchMethodError'{0x0000000085478188}: 'java.lang.Object java.lang.invoke.DirectMethodHandle$Holder.newInvokeSpecial(java.lang.Object, java.lang.Object, java.lang.Object, int, java.lang.Object)'> (0x0000000085478188) 
thrown [s\open\src\hotspot\share\interpreter\linkResolver.cpp, line 766]
Event: 1.155 Thread 0x00000173ff480040 Exception <a 'java/lang/NoSuchMethodError'{0x000000008547fd58}: 'java.lang.Object java.lang.invoke.Invokers$Holder.linkToTargetMethod(java.lang.Object, java.lang.Object, int, java.lang.Object, java.lang.Object)'> (0x000000008547fd58) 
thrown [s\open\src\hotspot\share\interpreter\linkResolver.cpp, line 766]
Event: 1.166 Thread 0x00000173ff480040 Exception <a 'java/lang/NoSuchMethodError'{0x000000008521ba88}: 'void java.lang.invoke.DirectMethodHandle$Holder.invokeInterface(java.lang.Object, java.lang.Object, java.lang.Object)'> (0x000000008521ba88) 
thrown [s\open\src\hotspot\share\interpreter\linkResolver.cpp, line 766]
Event: 1.166 Thread 0x00000173ff480040 Exception <a 'java/lang/IncompatibleClassChangeError'{0x000000008521f0f0}: Found class java.lang.Object, but interface was expected> (0x000000008521f0f0) 
thrown [s\open\src\hotspot\share\interpreter\linkResolver.cpp, line 833]
Event: 1.168 Thread 0x00000173ff480040 Exception <a 'java/lang/IncompatibleClassChangeError'{0x0000000085225e60}: Found class java.lang.Object, but interface was expected> (0x0000000085225e60) 
thrown [s\open\src\hotspot\share\interpreter\linkResolver.cpp, line 833]
Event: 1.170 Thread 0x00000173ff480040 Exception <a 'java/lang/NoSuchMethodError'{0x00000000852492e0}: 'int java.lang.invoke.DirectMethodHandle$Holder.invokeVirtual(java.lang.Object, java.lang.Object, java.lang.Object)'> (0x00000000852492e0) 
thrown [s\open\src\hotspot\share\interpreter\linkResolver.cpp, line 766]
Event: 1.173 Thread 0x00000173ff480040 Exception <a 'java/lang/NoSuchMethodError'{0x0000000085279c48}: 'int java.lang.invoke.DirectMethodHandle$Holder.invokeStatic(java.lang.Object, java.lang.Object, java.lang.Object, java.lang.Object, java.lang.Object)'> (0x0000000085279c48) 
thrown [s\open\src\hotspot\share\interpreter\linkResolver.cpp, line 766]
Event: 1.183 Thread 0x00000173ff480040 Exception <a 'java/lang/NoSuchMethodError'{0x0000000085028508}: 'void java.lang.invoke.DirectMethodHandle$Holder.invokeInterface(java.lang.Object, java.lang.Object)'> (0x0000000085028508) 
thrown [s\open\src\hotspot\share\interpreter\linkResolver.cpp, line 766]
Event: 1.208 Thread 0x00000173ff480040 Exception <a 'java/lang/NoSuchMethodError'{0x0000000087e60778}: 'java.lang.Object java.lang.invoke.DirectMethodHandle$Holder.invokeVirtual(java.lang.Object, java.lang.Object, java.lang.Object)'> (0x0000000087e60778) 
thrown [s\open\src\hotspot\share\interpreter\linkResolver.cpp, line 766]
Event: 1.209 Thread 0x00000173ff480040 Exception <a 'java/lang/IncompatibleClassChangeError'{0x0000000087e72fc0}: Found class java.lang.Object, but interface was expected> (0x0000000087e72fc0) 
thrown [s\open\src\hotspot\share\interpreter\linkResolver.cpp, line 833]
Event: 1.209 Thread 0x00000173ff480040 Exception <a 'java/lang/IncompatibleClassChangeError'{0x0000000087e76710}: Found class java.lang.Object, but interface was expected> (0x0000000087e76710) 
thrown [s\open\src\hotspot\share\interpreter\linkResolver.cpp, line 833]
Event: 1.234 Thread 0x00000173ff480040 Exception <a 'java/lang/NoSuchMethodError'{0x0000000087cde9b8}: 'java.lang.Object java.lang.invoke.DirectMethodHandle$Holder.invokeInterface(java.lang.Object, java.lang.Object, java.lang.Object)'> (0x0000000087cde9b8) 
thrown [s\open\src\hotspot\share\interpreter\linkResolver.cpp, line 766]
Event: 1.237 Thread 0x00000173ff480040 Exception <a 'java/lang/NoSuchMethodError'{0x0000000087b6c7e8}: 'java.lang.Object java.lang.invoke.DirectMethodHandle$Holder.invokeSpecialIFC(java.lang.Object, java.lang.Object, java.lang.Object, java.lang.Object)'> (0x0000000087b6c7e8) 
thrown [s\open\src\hotspot\share\interpreter\linkResolver.cpp, line 766]
Event: 1.316 Thread 0x00000173ff480040 Exception <a 'sun/nio/fs/WindowsException'{0x000000008738a500}> (0x000000008738a500) 
thrown [s\open\src\hotspot\share\prims\jni.cpp, line 516]

VM Operations (20 events):
Event: 0.645 Executing VM operation: HandshakeAllThreads done
Event: 0.667 Executing VM operation: G1CollectForAllocation
Event: 0.671 Executing VM operation: G1CollectForAllocation done
Event: 0.812 Executing VM operation: HandshakeAllThreads
Event: 0.812 Executing VM operation: HandshakeAllThreads done
Event: 0.835 Executing VM operation: HandshakeAllThreads
Event: 0.835 Executing VM operation: HandshakeAllThreads done
Event: 0.896 Executing VM operation: G1CollectForAllocation
Event: 0.903 Executing VM operation: G1CollectForAllocation done
Event: 0.947 Executing VM operation: HandshakeAllThreads
Event: 0.947 Executing VM operation: HandshakeAllThreads done
Event: 1.014 Executing VM operation: HandshakeAllThreads
Event: 1.015 Executing VM operation: HandshakeAllThreads done
Event: 1.017 Executing VM operation: HandshakeAllThreads
Event: 1.017 Executing VM operation: HandshakeAllThreads done
Event: 1.047 Executing VM operation: ICBufferFull
Event: 1.047 Executing VM operation: ICBufferFull done
Event: 1.192 Executing VM operation: G1CollectForAllocation
Event: 1.198 Executing VM operation: G1CollectForAllocation done
Event: 1.481 Executing VM operation: G1CollectForAllocation

Events (20 events):
Event: 0.023 Thread 0x000001739cec7f80 Thread added: 0x000001739cec7f80
Event: 0.023 Thread 0x000001739ceca930 Thread added: 0x000001739ceca930
Event: 0.023 Thread 0x000001739cecb2d0 Thread added: 0x000001739cecb2d0
Event: 0.023 Thread 0x000001739cecf720 Thread added: 0x000001739cecf720
Event: 0.023 Thread 0x000001739cedb3b0 Thread added: 0x000001739cedb3b0
Event: 0.023 Thread 0x000001739cf0f580 Thread added: 0x000001739cf0f580
Event: 0.036 Thread 0x00000173ff545210 Thread added: 0x00000173ff545210
Event: 0.053 Loaded shared library C:\Users\user\.jdks\openjdk-18.0.1-1\bin\zip.dll
Event: 0.055 Loaded shared library C:\Users\user\.jdks\openjdk-18.0.1-1\bin\instrument.dll
Event: 0.058 Loaded shared library C:\Users\user\.jdks\openjdk-18.0.1-1\bin\net.dll
Event: 0.058 Loaded shared library C:\Users\user\.jdks\openjdk-18.0.1-1\bin\nio.dll
Event: 0.060 Loaded shared library C:\Users\user\.jdks\openjdk-18.0.1-1\bin\zip.dll
Event: 0.083 Thread 0x00000173a12e3d30 Thread added: 0x00000173a12e3d30
Event: 0.111 Loaded shared library C:\Users\user\.jdks\openjdk-18.0.1-1\bin\jimage.dll
Event: 0.134 Thread 0x00000173a12cb300 Thread added: 0x00000173a12cb300
Event: 0.138 Loaded shared library C:\Users\user\.jdks\openjdk-18.0.1-1\bin\verify.dll
Event: 0.349 Thread 0x00000173a1da5cf0 Thread added: 0x00000173a1da5cf0
Event: 0.350 Loaded shared library C:\Users\user\.jdks\openjdk-18.0.1-1\bin\management.dll
Event: 0.351 Loaded shared library C:\Users\user\.jdks\openjdk-18.0.1-1\bin\management_ext.dll
Event: 0.364 Thread 0x00000173a1e6ee40 Thread added: 0x00000173a1e6ee40


Dynamic libraries:
0x00007ff641920000 - 0x00007ff64192e000 	C:\Users\user\.jdks\openjdk-18.0.1-1\bin\java.exe
0x00007ff86ec50000 - 0x00007ff86ee48000 	C:\Windows\SYSTEM32\ntdll.dll
0x00007ff86d9c0000 - 0x00007ff86da7f000 	C:\Windows\System32\KERNEL32.DLL
0x00007ff86c350000 - 0x00007ff86c622000 	C:\Windows\System32\KERNELBASE.dll
0x00007ff86cae0000 - 0x00007ff86cbe0000 	C:\Windows\System32\ucrtbase.dll
0x00007ff833d70000 - 0x00007ff833d87000 	C:\Users\user\.jdks\openjdk-18.0.1-1\bin\jli.dll
0x00007ff833d50000 - 0x00007ff833d6a000 	C:\Users\user\.jdks\openjdk-18.0.1-1\bin\VCRUNTIME140.dll
0x00007ff86e9f0000 - 0x00007ff86eb91000 	C:\Windows\System32\USER32.dll
0x00007ff84ee60000 - 0x00007ff84f0fa000 	C:\Windows\WinSxS\amd64_microsoft.windows.common-controls_6595b64144ccf1df_6.0.19041.1110_none_60b5254171f9507e\COMCTL32.dll
0x00007ff86cc70000 - 0x00007ff86cc92000 	C:\Windows\System32\win32u.dll
0x00007ff86d8e0000 - 0x00007ff86d90b000 	C:\Windows\System32\GDI32.dll
0x00007ff86dbb0000 - 0x00007ff86dc4e000 	C:\Windows\System32\msvcrt.dll
0x00007ff86c9d0000 - 0x00007ff86cadf000 	C:\Windows\System32\gdi32full.dll
0x00007ff86c8c0000 - 0x00007ff86c95d000 	C:\Windows\System32\msvcp_win.dll
0x00007ff86d770000 - 0x00007ff86d7a0000 	C:\Windows\System32\IMM32.DLL
0x00007ff8474b0000 - 0x00007ff8474bc000 	C:\Users\user\.jdks\openjdk-18.0.1-1\bin\vcruntime140_1.dll
0x00007ff82b3e0000 - 0x00007ff82b46d000 	C:\Users\user\.jdks\openjdk-18.0.1-1\bin\msvcp140.dll
0x00007ff8299e0000 - 0x00007ff82a5f0000 	C:\Users\user\.jdks\openjdk-18.0.1-1\bin\server\jvm.dll
0x00007ff86dc50000 - 0x00007ff86dcfe000 	C:\Windows\System32\ADVAPI32.dll
0x00007ff86e950000 - 0x00007ff86e9ec000 	C:\Windows\System32\sechost.dll
0x00007ff86d4a0000 - 0x00007ff86d5c4000 	C:\Windows\System32\RPCRT4.dll
0x00007ff86d750000 - 0x00007ff86d758000 	C:\Windows\System32\PSAPI.DLL
0x00007ff852330000 - 0x00007ff852339000 	C:\Windows\SYSTEM32\WSOCK32.dll
0x00007ff8579e0000 - 0x00007ff857a07000 	C:\Windows\SYSTEM32\WINMM.dll
0x00007ff86eba0000 - 0x00007ff86ec0b000 	C:\Windows\System32\WS2_32.dll
0x00007ff863aa0000 - 0x00007ff863aaa000 	C:\Windows\SYSTEM32\VERSION.dll
0x00007ff86a230000 - 0x00007ff86a242000 	C:\Windows\SYSTEM32\kernel.appcore.dll
0x00007ff83fde0000 - 0x00007ff83fdea000 	C:\Users\user\.jdks\openjdk-18.0.1-1\bin\jimage.dll
0x00007ff85b090000 - 0x00007ff85b274000 	C:\Windows\SYSTEM32\DBGHELP.DLL
0x00007ff85b050000 - 0x00007ff85b085000 	C:\Windows\SYSTEM32\dbgcore.DLL
0x00007ff86cbe0000 - 0x00007ff86cc62000 	C:\Windows\System32\bcryptPrimitives.dll
0x00007ff8643a0000 - 0x00007ff8643ae000 	C:\Users\user\.jdks\openjdk-18.0.1-1\bin\instrument.dll
0x00007ff832600000 - 0x00007ff832625000 	C:\Users\user\.jdks\openjdk-18.0.1-1\bin\java.dll
0x00007ff82b300000 - 0x00007ff82b3d6000 	C:\Users\user\.jdks\openjdk-18.0.1-1\bin\jsvml.dll
0x00007ff86cca0000 - 0x00007ff86d3e5000 	C:\Windows\System32\SHELL32.dll
0x00007ff86a430000 - 0x00007ff86abc2000 	C:\Windows\SYSTEM32\windows.storage.dll
0x00007ff86e5f0000 - 0x00007ff86e945000 	C:\Windows\System32\combase.dll
0x00007ff86bdb0000 - 0x00007ff86bde0000 	C:\Windows\SYSTEM32\Wldp.dll
0x00007ff86d910000 - 0x00007ff86d9bd000 	C:\Windows\System32\SHCORE.dll
0x00007ff86d5d0000 - 0x00007ff86d625000 	C:\Windows\System32\shlwapi.dll
0x00007ff86c290000 - 0x00007ff86c2af000 	C:\Windows\SYSTEM32\profapi.dll
0x00007ff830340000 - 0x00007ff830358000 	C:\Users\user\.jdks\openjdk-18.0.1-1\bin\zip.dll
0x00007ff831aa0000 - 0x00007ff831ab3000 	C:\Users\user\.jdks\openjdk-18.0.1-1\bin\net.dll
0x00007ff8641f0000 - 0x00007ff8642fa000 	C:\Windows\SYSTEM32\WINHTTP.dll
0x00007ff86bb10000 - 0x00007ff86bb7a000 	C:\Windows\system32\mswsock.dll
0x00007ff830360000 - 0x00007ff830376000 	C:\Users\user\.jdks\openjdk-18.0.1-1\bin\nio.dll
0x00007ff8335c0000 - 0x00007ff8335d0000 	C:\Users\user\.jdks\openjdk-18.0.1-1\bin\verify.dll
0x00007ff862ab0000 - 0x00007ff862ab9000 	C:\Users\user\.jdks\openjdk-18.0.1-1\bin\management.dll
0x00007ff862aa0000 - 0x00007ff862aab000 	C:\Users\user\.jdks\openjdk-18.0.1-1\bin\management_ext.dll
0x00007ff86bd10000 - 0x00007ff86bd28000 	C:\Windows\SYSTEM32\CRYPTSP.dll
0x00007ff86b3c0000 - 0x00007ff86b3f4000 	C:\Windows\system32\rsaenh.dll
0x00007ff86c630000 - 0x00007ff86c657000 	C:\Windows\System32\bcrypt.dll
0x00007ff86c250000 - 0x00007ff86c27e000 	C:\Windows\SYSTEM32\USERENV.dll
0x00007ff86bd00000 - 0x00007ff86bd0c000 	C:\Windows\SYSTEM32\CRYPTBASE.dll
0x00007ff86b7b0000 - 0x00007ff86b7eb000 	C:\Windows\SYSTEM32\IPHLPAPI.DLL
0x00007ff86d760000 - 0x00007ff86d768000 	C:\Windows\System32\NSI.dll
0x00007ff864e50000 - 0x00007ff864e67000 	C:\Windows\SYSTEM32\dhcpcsvc6.DLL
0x00007ff864e30000 - 0x00007ff864e4d000 	C:\Windows\SYSTEM32\dhcpcsvc.DLL
0x00007ff86b800000 - 0x00007ff86b8cb000 	C:\Windows\SYSTEM32\DNSAPI.dll

dbghelp: loaded successfully - version: 4.0.5 - missing functions: none
symbol engine: initialized successfully - sym options: 0x614 - pdb path: .;C:\Users\user\.jdks\openjdk-18.0.1-1\bin;C:\Windows\SYSTEM32;C:\Windows\WinSxS\amd64_microsoft.windows.common-controls_6595b64144ccf1df_6.0.19041.1110_none_60b5254171f9507e;C:\Users\user\.jdks\openjdk-18.0.1-1\bin\server

VM Arguments:
jvm_args: -javaagent:C:\Users\user\.m2\repository/org/aspectj/aspectjweaver/1.8.10/aspectjweaver-1.8.10.jar 
java_command: C:\Users\user\Desktop\LHA-QA\target\surefire\surefirebooter12449444835370851822.jar C:\Users\user\Desktop\LHA-QA\target\surefire 2023-04-05T02-46-34_544-jvmRun1 surefire175347195718880528tmp surefire_06870606800577291624tmp
java_class_path (initial): C:\Users\user\Desktop\LHA-QA\target\surefire\surefirebooter12449444835370851822.jar
Launcher Type: SUN_STANDARD

[Global flags]
     intx CICompilerCount                          = 3                                         {product} {ergonomic}
     uint ConcGCThreads                            = 1                                         {product} {ergonomic}
     uint G1ConcRefinementThreads                  = 4                                         {product} {ergonomic}
   size_t G1HeapRegionSize                         = 1048576                                   {product} {ergonomic}
    uintx GCDrainStackTargetSize                   = 64                                        {product} {ergonomic}
   size_t InitialHeapSize                          = 134217728                                 {product} {ergonomic}
   size_t MarkStackSize                            = 4194304                                   {product} {ergonomic}
   size_t MaxHeapSize                              = 2147483648                                {product} {ergonomic}
   size_t MaxNewSize                               = 1287651328                                {product} {ergonomic}
   size_t MinHeapDeltaBytes                        = 1048576                                   {product} {ergonomic}
   size_t MinHeapSize                              = 8388608                                   {product} {ergonomic}
    uintx NonNMethodCodeHeapSize                   = 5832780                                {pd product} {ergonomic}
    uintx NonProfiledCodeHeapSize                  = 122912730                              {pd product} {ergonomic}
    uintx ProfiledCodeHeapSize                     = 122912730                              {pd product} {ergonomic}
    uintx ReservedCodeCacheSize                    = 251658240                              {pd product} {ergonomic}
     bool SegmentedCodeCache                       = true                                      {product} {ergonomic}
   size_t SoftMaxHeapSize                          = 2147483648                             {manageable} {ergonomic}
     bool UseCompressedClassPointers               = true                           {product lp64_product} {ergonomic}
     bool UseCompressedOops                        = true                           {product lp64_product} {ergonomic}
     bool UseG1GC                                  = true                                      {product} {ergonomic}
     bool UseLargePagesIndividualAllocation        = false                                  {pd product} {ergonomic}

Logging:
Log output configuration:
 #0: stdout all=warning uptime,level,tags foldmultilines=false
 #1: stderr all=off uptime,level,tags foldmultilines=false

Environment Variables:
JAVA_HOME=C:\Program Files\Java\jdk1.8.0_202
PATH=C:\Program Files (x86)\Common Files\Oracle\Java\javapath;C:\Windows\system32;C:\Windows;C:\Windows\System32\Wbem;C:\Windows\System32\WindowsPowerShell\v1.0\;C:\Windows\System32\OpenSSH\;C:\Program Files\Git\cmd;C:\Program Files\Java\jdk1.8.0_202\bin;C:\maven\bin;C:\Program Files\TortoiseGit\bin;C:\Users\user\scoop\shims;C:\Users\user\AppData\Local\Microsoft\WindowsApps;
USERNAME=user
OS=Windows_NT
PROCESSOR_IDENTIFIER=Intel64 Family 6 Model 165 Stepping 5, GenuineIntel



---------------  S Y S T E M  ---------------

OS:
 Windows 10 , 64 bit Build 19041 (10.0.19041.2546)
OS uptime: 5 days 10:35 hours
VMWare virtualization detected

CPU: total 4 (initial active 4) (4 cores per cpu, 1 threads per core) family 6 model 165 stepping 5 microcode 0xca, cx8, cmov, fxsr, mmx, 3dnowpref, sse, sse2, sse3, ssse3, sse4.1, sse4.2, popcnt, lzcnt, tsc, tscinvbit, avx, avx2, aes, erms, clmul, bmi1, bmi2, adx, fma, vzeroupper, clflush, clflushopt, hv

Memory: 4k page, system-wide physical 8191M (1018M free)
TotalPageFile size 12561M (AvailPageFile size 22M)
current process WorkingSet (physical memory assigned to process): 195M, peak: 195M
current process commit charge ("private bytes"): 268M, peak: 294M

vm_info: OpenJDK 64-Bit Server VM (18.0.1+10-24) for windows-amd64 JRE (18.0.1+10-24), built on Mar  9 2022 22:38:37 by "mach5one" with MS VC++ 16.8 / 16.9 (VS2019)

END.
