#
# There is insufficient memory for the Java Runtime Environment to continue.
# Native memory allocation (malloc) failed to allocate 1052576 bytes for Chunk::new
# Possible reasons:
#   The system is out of physical RAM or swap space
#   The process is running with CompressedOops enabled, and the Java Heap may be blocking the growth of the native heap
# Possible solutions:
#   Reduce memory load on the system
#   Increase physical memory or swap space
#   Check if swap backing store is full
#   Decrease Java heap size (-Xmx/-Xms)
#   Decrease number of Java threads
#   Decrease Java thread stack sizes (-Xss)
#   Set larger code cache with -XX:ReservedCodeCacheSize=
#   JVM is running with Unscaled Compressed Oops mode in which the Java heap is
#     placed in the first 4GB address space. The Java Heap base address is the
#     maximum limit for the native heap growth. Please use -XX:HeapBaseMinAddress
#     to set the Java Heap base and to place the Java Heap above 4GB virtual address.
# This output file may be truncated or incomplete.
#
#  Out of Memory Error (arena.cpp:184), pid=3468, tid=6132
#
# JRE version: OpenJDK Runtime Environment (18.0.1+10) (build 18.0.1+10-24)
# Java VM: OpenJDK 64-Bit Server VM (18.0.1+10-24, mixed mode, sharing, tiered, compressed oops, compressed class ptrs, g1 gc, windows-amd64)
# No core dump will be written. Minidumps are not enabled by default on client versions of Windows
#

---------------  S U M M A R Y ------------

Command Line: -javaagent:C:\Users\user\.m2\repository/org/aspectj/aspectjweaver/1.8.10/aspectjweaver-1.8.10.jar C:\Users\user\Desktop\LHA-QA\target\surefire\surefirebooter10436038989520741259.jar C:\Users\user\Desktop\LHA-QA\target\surefire 2023-03-14T20-16-02_169-jvmRun1 surefire12529555872622782875tmp surefire_017787985719886814897tmp

Host: Intel(R) Core(TM) i9-10900 CPU @ 2.80GHz, 4 cores, 7G,  Windows 10 , 64 bit Build 19041 (10.0.19041.2546)
Time: Tue Mar 14 20:16:15 2023 FLE Standard Time elapsed time: 10.456988 seconds (0d 0h 0m 10s)

---------------  T H R E A D  ---------------

Current thread (0x0000020b22f3b1d0):  JavaThread "C2 CompilerThread1" daemon [_thread_in_native, id=6132, stack(0x0000002002100000,0x0000002002200000)]


Current CompileTask:
C2:  10457 2133       4       org.aspectj.apache.bcel.generic.MethodGen::<init> (925 bytes)

Stack: [0x0000002002100000,0x0000002002200000]
Native frames: (J=compiled Java code, j=interpreted, Vv=VM code, C=native code)
V  [jvm.dll+0x69887a]
V  [jvm.dll+0x7f38bd]
V  [jvm.dll+0x7f51ce]
V  [jvm.dll+0x7f5883]
V  [jvm.dll+0x25ca3f]
V  [jvm.dll+0xb8c2f]
V  [jvm.dll+0xb8fa5]
V  [jvm.dll+0x2c794f]
V  [jvm.dll+0x5a05b0]
V  [jvm.dll+0x238398]
V  [jvm.dll+0x2319c5]
V  [jvm.dll+0x22eeeb]
V  [jvm.dll+0x1b9cfc]
V  [jvm.dll+0x23e8ca]
V  [jvm.dll+0x23cbb5]
V  [jvm.dll+0x7a5fb1]
V  [jvm.dll+0x7a03ea]
V  [jvm.dll+0x697725]
C  [ucrtbase.dll+0x21bb2]
C  [KERNEL32.DLL+0x17614]
C  [ntdll.dll+0x526a1]


---------------  P R O C E S S  ---------------

Threads class SMR info:
_java_thread_list=0x0000020b27d4a700, length=15, elements={
0x0000020b0556fb30, 0x0000020b22f0beb0, 0x0000020b22f0cb10, 0x0000020b22f28050,
0x0000020b22f29a00, 0x0000020b22f2a3a0, 0x0000020b22f2ae80, 0x0000020b22f2f2d0,
0x0000020b22f39880, 0x0000020b22f7a700, 0x0000020b2717cb10, 0x0000020b274fe610,
0x0000020b27e98210, 0x0000020b27eb09b0, 0x0000020b22f3b1d0
}

Java Threads: ( => current thread )
  0x0000020b0556fb30 JavaThread "main" [_thread_in_vm, id=6932, stack(0x0000002000900000,0x0000002000a00000)]
  0x0000020b22f0beb0 JavaThread "Reference Handler" daemon [_thread_blocked, id=11912, stack(0x0000002001000000,0x0000002001100000)]
  0x0000020b22f0cb10 JavaThread "Finalizer" daemon [_thread_blocked, id=3868, stack(0x0000002001100000,0x0000002001200000)]
  0x0000020b22f28050 JavaThread "Signal Dispatcher" daemon [_thread_blocked, id=6820, stack(0x0000002001200000,0x0000002001300000)]
  0x0000020b22f29a00 JavaThread "Attach Listener" daemon [_thread_blocked, id=11512, stack(0x0000002001300000,0x0000002001400000)]
  0x0000020b22f2a3a0 JavaThread "Service Thread" daemon [_thread_blocked, id=10868, stack(0x0000002001400000,0x0000002001500000)]
  0x0000020b22f2ae80 JavaThread "Monitor Deflation Thread" daemon [_thread_blocked, id=5236, stack(0x0000002001500000,0x0000002001600000)]
  0x0000020b22f2f2d0 JavaThread "C2 CompilerThread0" daemon [_thread_in_native, id=684, stack(0x0000002001600000,0x0000002001700000)]
  0x0000020b22f39880 JavaThread "C1 CompilerThread0" daemon [_thread_in_native, id=10492, stack(0x0000002001700000,0x0000002001800000)]
  0x0000020b22f7a700 JavaThread "Sweeper thread" daemon [_thread_blocked, id=8740, stack(0x0000002001800000,0x0000002001900000)]
  0x0000020b2717cb10 JavaThread "Common-Cleaner" daemon [_thread_blocked, id=7512, stack(0x0000002001900000,0x0000002001a00000)]
  0x0000020b274fe610 JavaThread "Notification Thread" daemon [_thread_blocked, id=4776, stack(0x0000002001b00000,0x0000002001c00000)]
  0x0000020b27e98210 JavaThread "surefire-forkedjvm-command-thread" daemon [_thread_in_native, id=6200, stack(0x0000002001f00000,0x0000002002000000)]
  0x0000020b27eb09b0 JavaThread "ping-20s" daemon [_thread_blocked, id=1548, stack(0x0000002002000000,0x0000002002100000)]
=>0x0000020b22f3b1d0 JavaThread "C2 CompilerThread1" daemon [_thread_in_native, id=6132, stack(0x0000002002100000,0x0000002002200000)]

Other Threads:
  0x0000020b22f08eb0 VMThread "VM Thread" [stack: 0x0000002000f00000,0x0000002001000000] [id=10044] _threads_hazard_ptr=0x0000020b27d4a700
  0x0000020b274fead0 WatcherThread "VM Periodic Task Thread" [stack: 0x0000002001c00000,0x0000002001d00000] [id=10796]
  0x0000020b055cf370 WorkerThread "GC Thread#0" [stack: 0x0000002000a00000,0x0000002000b00000] [id=2804]
  0x0000020b27b50300 WorkerThread "GC Thread#1" [stack: 0x0000002001a00000,0x0000002001b00000] [id=7108]
  0x0000020b27a92b40 WorkerThread "GC Thread#2" [stack: 0x0000002001d00000,0x0000002001e00000] [id=7092]
  0x0000020b27a931c0 WorkerThread "GC Thread#3" [stack: 0x0000002001e00000,0x0000002001f00000] [id=6420]
  0x0000020b055e12b0 ConcurrentGCThread "G1 Main Marker" [stack: 0x0000002000b00000,0x0000002000c00000] [id=10388]
  0x0000020b055e2440 WorkerThread "G1 Conc#0" [stack: 0x0000002000c00000,0x0000002000d00000] [id=10600]
  0x0000020b05620730 ConcurrentGCThread "G1 Refine#0" [stack: 0x0000002000d00000,0x0000002000e00000] [id=7424]
  0x0000020b05621040 ConcurrentGCThread "G1 Service" [stack: 0x0000002000e00000,0x0000002000f00000] [id=2808]

Threads with active compile tasks:
C2 CompilerThread0    11289 2163       4       org.aspectj.weaver.bcel.BcelMethod::<init> (106 bytes)
C1 CompilerThread0    11289 2175   !   3       org.aspectj.weaver.bcel.BcelWeaver::weave (883 bytes)
C2 CompilerThread1    11289 2133       4       org.aspectj.apache.bcel.generic.MethodGen::<init> (925 bytes)

VM state: synchronizing (normal execution)

VM Mutex/Monitor currently owned by a thread:  ([mutex/lock_event])
[0x0000020b0555d3c0] Metaspace_lock - owner thread: 0x0000020b0556fb30
[0x0000020b0556b250] Threads_lock - owner thread: 0x0000020b22f08eb0

Heap address: 0x0000000080000000, size: 2048 MB, Compressed Oops mode: 32-bit

CDS archive(s) mapped at: [0x0000000800000000-0x0000000800b90000-0x0000000800b90000), size 12124160, SharedBaseAddress: 0x0000000800000000, ArchiveRelocationMode: 0.
Compressed class space mapped at: 0x0000000800c00000-0x0000000840c00000, reserved size: 1073741824
Narrow klass base: 0x0000000800000000, Narrow klass shift: 0, Narrow klass range: 0x100000000

GC Precious Log:
 CardTable entry size: 512
 Card Set container configuration: InlinePtr #cards 5 size 8 Array Of Cards #cards 12 size 40 Howl #buckets 4 coarsen threshold 1843 Howl Bitmap #cards 512 size 80 coarsen threshold 460 Card regions per heap region 1 cards per card region 2048
 CPUs: 4 total, 4 available
 Memory: 8191M
 Large Page Support: Disabled
 NUMA Support: Disabled
 Compressed Oops: Enabled (32-bit)
 Heap Region Size: 1M
 Heap Min Capacity: 8M
 Heap Initial Capacity: 128M
 Heap Max Capacity: 2G
 Pre-touch: Disabled
 Parallel Workers: 4
 Concurrent Workers: 1
 Concurrent Refinement Workers: 4
 Periodic GC: Disabled

Heap:
 garbage-first heap   total 131072K, used 41317K [0x0000000080000000, 0x0000000100000000)
  region size 1024K, 28 young (28672K), 7 survivors (7168K)
 Metaspace       used 13737K, committed 13888K, reserved 1114112K
  class space    used 1244K, committed 1344K, reserved 1048576K

Heap Regions: E=young(eden), S=young(survivor), O=old, HS=humongous(starts), HC=humongous(continues), CS=collection set, F=free, OA=open archive, CA=closed archive, TAMS=top-at-mark-start (previous, next)
|   0|0x0000000080000000, 0x0000000080100000, 0x0000000080100000|100%|HS|  |TAMS 0x0000000080000000, 0x0000000080000000| Complete 
|   1|0x0000000080100000, 0x0000000080200000, 0x0000000080200000|100%| O|  |TAMS 0x0000000080100000, 0x0000000080100000| Untracked 
|   2|0x0000000080200000, 0x0000000080300000, 0x0000000080300000|100%| O|  |TAMS 0x0000000080200000, 0x0000000080200000| Untracked 
|   3|0x0000000080300000, 0x0000000080400000, 0x0000000080400000|100%| O|  |TAMS 0x0000000080300000, 0x0000000080300000| Untracked 
|   4|0x0000000080400000, 0x0000000080500000, 0x0000000080500000|100%| O|  |TAMS 0x0000000080400000, 0x0000000080400000| Untracked 
|   5|0x0000000080500000, 0x0000000080600000, 0x0000000080600000|100%| O|  |TAMS 0x0000000080500000, 0x0000000080500000| Untracked 
|   6|0x0000000080600000, 0x0000000080700000, 0x0000000080700000|100%| O|  |TAMS 0x0000000080600000, 0x0000000080600000| Untracked 
|   7|0x0000000080700000, 0x0000000080800000, 0x0000000080800000|100%| O|  |TAMS 0x0000000080700000, 0x0000000080700000| Untracked 
|   8|0x0000000080800000, 0x0000000080900000, 0x0000000080900000|100%| O|  |TAMS 0x0000000080800000, 0x0000000080800000| Untracked 
|   9|0x0000000080900000, 0x0000000080a00000, 0x0000000080a00000|100%| O|  |TAMS 0x0000000080900000, 0x0000000080900000| Untracked 
|  10|0x0000000080a00000, 0x0000000080b00000, 0x0000000080b00000|100%| O|  |TAMS 0x0000000080a00000, 0x0000000080a00000| Untracked 
|  11|0x0000000080b00000, 0x0000000080c00000, 0x0000000080c00000|100%| O|  |TAMS 0x0000000080b00000, 0x0000000080b00000| Untracked 
|  12|0x0000000080c00000, 0x0000000080d00000, 0x0000000080d00000|100%| O|  |TAMS 0x0000000080c00000, 0x0000000080c00000| Untracked 
|  13|0x0000000080d00000, 0x0000000080d59400, 0x0000000080e00000| 34%| O|  |TAMS 0x0000000080d00000, 0x0000000080d00000| Untracked 
|  14|0x0000000080e00000, 0x0000000080e00000, 0x0000000080f00000|  0%| F|  |TAMS 0x0000000080e00000, 0x0000000080e00000| Untracked 
|  15|0x0000000080f00000, 0x0000000080f00000, 0x0000000081000000|  0%| F|  |TAMS 0x0000000080f00000, 0x0000000080f00000| Untracked 
|  16|0x0000000081000000, 0x0000000081000000, 0x0000000081100000|  0%| F|  |TAMS 0x0000000081000000, 0x0000000081000000| Untracked 
|  17|0x0000000081100000, 0x0000000081100000, 0x0000000081200000|  0%| F|  |TAMS 0x0000000081100000, 0x0000000081100000| Untracked 
|  18|0x0000000081200000, 0x0000000081200000, 0x0000000081300000|  0%| F|  |TAMS 0x0000000081200000, 0x0000000081200000| Untracked 
|  19|0x0000000081300000, 0x0000000081300000, 0x0000000081400000|  0%| F|  |TAMS 0x0000000081300000, 0x0000000081300000| Untracked 
|  20|0x0000000081400000, 0x0000000081400000, 0x0000000081500000|  0%| F|  |TAMS 0x0000000081400000, 0x0000000081400000| Untracked 
|  21|0x0000000081500000, 0x0000000081500000, 0x0000000081600000|  0%| F|  |TAMS 0x0000000081500000, 0x0000000081500000| Untracked 
|  22|0x0000000081600000, 0x0000000081600000, 0x0000000081700000|  0%| F|  |TAMS 0x0000000081600000, 0x0000000081600000| Untracked 
|  23|0x0000000081700000, 0x0000000081700000, 0x0000000081800000|  0%| F|  |TAMS 0x0000000081700000, 0x0000000081700000| Untracked 
|  24|0x0000000081800000, 0x0000000081800000, 0x0000000081900000|  0%| F|  |TAMS 0x0000000081800000, 0x0000000081800000| Untracked 
|  25|0x0000000081900000, 0x0000000081900000, 0x0000000081a00000|  0%| F|  |TAMS 0x0000000081900000, 0x0000000081900000| Untracked 
|  26|0x0000000081a00000, 0x0000000081a00000, 0x0000000081b00000|  0%| F|  |TAMS 0x0000000081a00000, 0x0000000081a00000| Untracked 
|  27|0x0000000081b00000, 0x0000000081b00000, 0x0000000081c00000|  0%| F|  |TAMS 0x0000000081b00000, 0x0000000081b00000| Untracked 
|  28|0x0000000081c00000, 0x0000000081c00000, 0x0000000081d00000|  0%| F|  |TAMS 0x0000000081c00000, 0x0000000081c00000| Untracked 
|  29|0x0000000081d00000, 0x0000000081d00000, 0x0000000081e00000|  0%| F|  |TAMS 0x0000000081d00000, 0x0000000081d00000| Untracked 
|  30|0x0000000081e00000, 0x0000000081e00000, 0x0000000081f00000|  0%| F|  |TAMS 0x0000000081e00000, 0x0000000081e00000| Untracked 
|  31|0x0000000081f00000, 0x0000000081f00000, 0x0000000082000000|  0%| F|  |TAMS 0x0000000081f00000, 0x0000000081f00000| Untracked 
|  32|0x0000000082000000, 0x0000000082000000, 0x0000000082100000|  0%| F|  |TAMS 0x0000000082000000, 0x0000000082000000| Untracked 
|  33|0x0000000082100000, 0x0000000082100000, 0x0000000082200000|  0%| F|  |TAMS 0x0000000082100000, 0x0000000082100000| Untracked 
|  34|0x0000000082200000, 0x0000000082200000, 0x0000000082300000|  0%| F|  |TAMS 0x0000000082200000, 0x0000000082200000| Untracked 
|  35|0x0000000082300000, 0x0000000082300000, 0x0000000082400000|  0%| F|  |TAMS 0x0000000082300000, 0x0000000082300000| Untracked 
|  36|0x0000000082400000, 0x0000000082400000, 0x0000000082500000|  0%| F|  |TAMS 0x0000000082400000, 0x0000000082400000| Untracked 
|  37|0x0000000082500000, 0x0000000082500000, 0x0000000082600000|  0%| F|  |TAMS 0x0000000082500000, 0x0000000082500000| Untracked 
|  38|0x0000000082600000, 0x0000000082600000, 0x0000000082700000|  0%| F|  |TAMS 0x0000000082600000, 0x0000000082600000| Untracked 
|  39|0x0000000082700000, 0x0000000082700000, 0x0000000082800000|  0%| F|  |TAMS 0x0000000082700000, 0x0000000082700000| Untracked 
|  40|0x0000000082800000, 0x0000000082800000, 0x0000000082900000|  0%| F|  |TAMS 0x0000000082800000, 0x0000000082800000| Untracked 
|  41|0x0000000082900000, 0x0000000082900000, 0x0000000082a00000|  0%| F|  |TAMS 0x0000000082900000, 0x0000000082900000| Untracked 
|  42|0x0000000082a00000, 0x0000000082a00000, 0x0000000082b00000|  0%| F|  |TAMS 0x0000000082a00000, 0x0000000082a00000| Untracked 
|  43|0x0000000082b00000, 0x0000000082b00000, 0x0000000082c00000|  0%| F|  |TAMS 0x0000000082b00000, 0x0000000082b00000| Untracked 
|  44|0x0000000082c00000, 0x0000000082c00000, 0x0000000082d00000|  0%| F|  |TAMS 0x0000000082c00000, 0x0000000082c00000| Untracked 
|  45|0x0000000082d00000, 0x0000000082d00000, 0x0000000082e00000|  0%| F|  |TAMS 0x0000000082d00000, 0x0000000082d00000| Untracked 
|  46|0x0000000082e00000, 0x0000000082e00000, 0x0000000082f00000|  0%| F|  |TAMS 0x0000000082e00000, 0x0000000082e00000| Untracked 
|  47|0x0000000082f00000, 0x0000000082f00000, 0x0000000083000000|  0%| F|  |TAMS 0x0000000082f00000, 0x0000000082f00000| Untracked 
|  48|0x0000000083000000, 0x0000000083000000, 0x0000000083100000|  0%| F|  |TAMS 0x0000000083000000, 0x0000000083000000| Untracked 
|  49|0x0000000083100000, 0x0000000083100000, 0x0000000083200000|  0%| F|  |TAMS 0x0000000083100000, 0x0000000083100000| Untracked 
|  50|0x0000000083200000, 0x0000000083200000, 0x0000000083300000|  0%| F|  |TAMS 0x0000000083200000, 0x0000000083200000| Untracked 
|  51|0x0000000083300000, 0x0000000083300000, 0x0000000083400000|  0%| F|  |TAMS 0x0000000083300000, 0x0000000083300000| Untracked 
|  52|0x0000000083400000, 0x0000000083400000, 0x0000000083500000|  0%| F|  |TAMS 0x0000000083400000, 0x0000000083400000| Untracked 
|  53|0x0000000083500000, 0x0000000083500000, 0x0000000083600000|  0%| F|  |TAMS 0x0000000083500000, 0x0000000083500000| Untracked 
|  54|0x0000000083600000, 0x0000000083600000, 0x0000000083700000|  0%| F|  |TAMS 0x0000000083600000, 0x0000000083600000| Untracked 
|  55|0x0000000083700000, 0x0000000083700000, 0x0000000083800000|  0%| F|  |TAMS 0x0000000083700000, 0x0000000083700000| Untracked 
|  56|0x0000000083800000, 0x0000000083800000, 0x0000000083900000|  0%| F|  |TAMS 0x0000000083800000, 0x0000000083800000| Untracked 
|  57|0x0000000083900000, 0x0000000083900000, 0x0000000083a00000|  0%| F|  |TAMS 0x0000000083900000, 0x0000000083900000| Untracked 
|  58|0x0000000083a00000, 0x0000000083a00000, 0x0000000083b00000|  0%| F|  |TAMS 0x0000000083a00000, 0x0000000083a00000| Untracked 
|  59|0x0000000083b00000, 0x0000000083b00000, 0x0000000083c00000|  0%| F|  |TAMS 0x0000000083b00000, 0x0000000083b00000| Untracked 
|  60|0x0000000083c00000, 0x0000000083c00000, 0x0000000083d00000|  0%| F|  |TAMS 0x0000000083c00000, 0x0000000083c00000| Untracked 
|  61|0x0000000083d00000, 0x0000000083d00000, 0x0000000083e00000|  0%| F|  |TAMS 0x0000000083d00000, 0x0000000083d00000| Untracked 
|  62|0x0000000083e00000, 0x0000000083e00000, 0x0000000083f00000|  0%| F|  |TAMS 0x0000000083e00000, 0x0000000083e00000| Untracked 
|  63|0x0000000083f00000, 0x0000000083f00000, 0x0000000084000000|  0%| F|  |TAMS 0x0000000083f00000, 0x0000000083f00000| Untracked 
|  64|0x0000000084000000, 0x0000000084000000, 0x0000000084100000|  0%| F|  |TAMS 0x0000000084000000, 0x0000000084000000| Untracked 
|  65|0x0000000084100000, 0x0000000084100000, 0x0000000084200000|  0%| F|  |TAMS 0x0000000084100000, 0x0000000084100000| Untracked 
|  66|0x0000000084200000, 0x0000000084200000, 0x0000000084300000|  0%| F|  |TAMS 0x0000000084200000, 0x0000000084200000| Untracked 
|  67|0x0000000084300000, 0x0000000084300000, 0x0000000084400000|  0%| F|  |TAMS 0x0000000084300000, 0x0000000084300000| Untracked 
|  68|0x0000000084400000, 0x0000000084400000, 0x0000000084500000|  0%| F|  |TAMS 0x0000000084400000, 0x0000000084400000| Untracked 
|  69|0x0000000084500000, 0x0000000084600000, 0x0000000084600000|100%| S|CS|TAMS 0x0000000084500000, 0x0000000084500000| Complete 
|  70|0x0000000084600000, 0x0000000084700000, 0x0000000084700000|100%| S|CS|TAMS 0x0000000084600000, 0x0000000084600000| Complete 
|  71|0x0000000084700000, 0x0000000084800000, 0x0000000084800000|100%| S|CS|TAMS 0x0000000084700000, 0x0000000084700000| Complete 
|  72|0x0000000084800000, 0x0000000084900000, 0x0000000084900000|100%| S|CS|TAMS 0x0000000084800000, 0x0000000084800000| Complete 
|  73|0x0000000084900000, 0x0000000084a00000, 0x0000000084a00000|100%| S|CS|TAMS 0x0000000084900000, 0x0000000084900000| Complete 
|  74|0x0000000084a00000, 0x0000000084b00000, 0x0000000084b00000|100%| S|CS|TAMS 0x0000000084a00000, 0x0000000084a00000| Complete 
|  75|0x0000000084b00000, 0x0000000084c00000, 0x0000000084c00000|100%| S|CS|TAMS 0x0000000084b00000, 0x0000000084b00000| Complete 
|  76|0x0000000084c00000, 0x0000000084c00000, 0x0000000084d00000|  0%| F|  |TAMS 0x0000000084c00000, 0x0000000084c00000| Untracked 
|  77|0x0000000084d00000, 0x0000000084d00000, 0x0000000084e00000|  0%| F|  |TAMS 0x0000000084d00000, 0x0000000084d00000| Untracked 
|  78|0x0000000084e00000, 0x0000000084e00000, 0x0000000084f00000|  0%| F|  |TAMS 0x0000000084e00000, 0x0000000084e00000| Untracked 
|  79|0x0000000084f00000, 0x0000000084f00000, 0x0000000085000000|  0%| F|  |TAMS 0x0000000084f00000, 0x0000000084f00000| Untracked 
|  80|0x0000000085000000, 0x0000000085000000, 0x0000000085100000|  0%| F|  |TAMS 0x0000000085000000, 0x0000000085000000| Untracked 
|  81|0x0000000085100000, 0x0000000085100000, 0x0000000085200000|  0%| F|  |TAMS 0x0000000085100000, 0x0000000085100000| Untracked 
|  82|0x0000000085200000, 0x0000000085200000, 0x0000000085300000|  0%| F|  |TAMS 0x0000000085200000, 0x0000000085200000| Untracked 
|  83|0x0000000085300000, 0x0000000085300000, 0x0000000085400000|  0%| F|  |TAMS 0x0000000085300000, 0x0000000085300000| Untracked 
|  84|0x0000000085400000, 0x0000000085400000, 0x0000000085500000|  0%| F|  |TAMS 0x0000000085400000, 0x0000000085400000| Untracked 
|  85|0x0000000085500000, 0x0000000085500000, 0x0000000085600000|  0%| F|  |TAMS 0x0000000085500000, 0x0000000085500000| Untracked 
|  86|0x0000000085600000, 0x0000000085600000, 0x0000000085700000|  0%| F|  |TAMS 0x0000000085600000, 0x0000000085600000| Untracked 
|  87|0x0000000085700000, 0x0000000085700000, 0x0000000085800000|  0%| F|  |TAMS 0x0000000085700000, 0x0000000085700000| Untracked 
|  88|0x0000000085800000, 0x0000000085800000, 0x0000000085900000|  0%| F|  |TAMS 0x0000000085800000, 0x0000000085800000| Untracked 
|  89|0x0000000085900000, 0x0000000085900000, 0x0000000085a00000|  0%| F|  |TAMS 0x0000000085900000, 0x0000000085900000| Untracked 
|  90|0x0000000085a00000, 0x0000000085a00000, 0x0000000085b00000|  0%| F|  |TAMS 0x0000000085a00000, 0x0000000085a00000| Untracked 
|  91|0x0000000085b00000, 0x0000000085b00000, 0x0000000085c00000|  0%| F|  |TAMS 0x0000000085b00000, 0x0000000085b00000| Untracked 
|  92|0x0000000085c00000, 0x0000000085c00000, 0x0000000085d00000|  0%| F|  |TAMS 0x0000000085c00000, 0x0000000085c00000| Untracked 
|  93|0x0000000085d00000, 0x0000000085d00000, 0x0000000085e00000|  0%| F|  |TAMS 0x0000000085d00000, 0x0000000085d00000| Untracked 
|  94|0x0000000085e00000, 0x0000000085e00000, 0x0000000085f00000|  0%| F|  |TAMS 0x0000000085e00000, 0x0000000085e00000| Untracked 
|  95|0x0000000085f00000, 0x0000000085f00000, 0x0000000086000000|  0%| F|  |TAMS 0x0000000085f00000, 0x0000000085f00000| Untracked 
|  96|0x0000000086000000, 0x0000000086000000, 0x0000000086100000|  0%| F|  |TAMS 0x0000000086000000, 0x0000000086000000| Untracked 
|  97|0x0000000086100000, 0x0000000086100000, 0x0000000086200000|  0%| F|  |TAMS 0x0000000086100000, 0x0000000086100000| Untracked 
|  98|0x0000000086200000, 0x0000000086200000, 0x0000000086300000|  0%| F|  |TAMS 0x0000000086200000, 0x0000000086200000| Untracked 
|  99|0x0000000086300000, 0x0000000086300000, 0x0000000086400000|  0%| F|  |TAMS 0x0000000086300000, 0x0000000086300000| Untracked 
| 100|0x0000000086400000, 0x0000000086400000, 0x0000000086500000|  0%| F|  |TAMS 0x0000000086400000, 0x0000000086400000| Untracked 
| 101|0x0000000086500000, 0x0000000086500000, 0x0000000086600000|  0%| F|  |TAMS 0x0000000086500000, 0x0000000086500000| Untracked 
| 102|0x0000000086600000, 0x0000000086600000, 0x0000000086700000|  0%| F|  |TAMS 0x0000000086600000, 0x0000000086600000| Untracked 
| 103|0x0000000086700000, 0x0000000086700000, 0x0000000086800000|  0%| F|  |TAMS 0x0000000086700000, 0x0000000086700000| Untracked 
| 104|0x0000000086800000, 0x0000000086800000, 0x0000000086900000|  0%| F|  |TAMS 0x0000000086800000, 0x0000000086800000| Untracked 
| 105|0x0000000086900000, 0x0000000086900000, 0x0000000086a00000|  0%| F|  |TAMS 0x0000000086900000, 0x0000000086900000| Untracked 
| 106|0x0000000086a00000, 0x0000000086a00000, 0x0000000086b00000|  0%| F|  |TAMS 0x0000000086a00000, 0x0000000086a00000| Untracked 
| 107|0x0000000086b00000, 0x0000000086b80800, 0x0000000086c00000| 50%| E|  |TAMS 0x0000000086b00000, 0x0000000086b00000| Complete 
| 108|0x0000000086c00000, 0x0000000086d00000, 0x0000000086d00000|100%| E|CS|TAMS 0x0000000086c00000, 0x0000000086c00000| Complete 
| 109|0x0000000086d00000, 0x0000000086e00000, 0x0000000086e00000|100%| E|CS|TAMS 0x0000000086d00000, 0x0000000086d00000| Complete 
| 110|0x0000000086e00000, 0x0000000086f00000, 0x0000000086f00000|100%| E|CS|TAMS 0x0000000086e00000, 0x0000000086e00000| Complete 
| 111|0x0000000086f00000, 0x0000000087000000, 0x0000000087000000|100%| E|CS|TAMS 0x0000000086f00000, 0x0000000086f00000| Complete 
| 112|0x0000000087000000, 0x0000000087100000, 0x0000000087100000|100%| E|CS|TAMS 0x0000000087000000, 0x0000000087000000| Complete 
| 113|0x0000000087100000, 0x0000000087200000, 0x0000000087200000|100%| E|CS|TAMS 0x0000000087100000, 0x0000000087100000| Complete 
| 114|0x0000000087200000, 0x0000000087300000, 0x0000000087300000|100%| E|CS|TAMS 0x0000000087200000, 0x0000000087200000| Complete 
| 115|0x0000000087300000, 0x0000000087400000, 0x0000000087400000|100%| E|CS|TAMS 0x0000000087300000, 0x0000000087300000| Complete 
| 116|0x0000000087400000, 0x0000000087500000, 0x0000000087500000|100%| E|CS|TAMS 0x0000000087400000, 0x0000000087400000| Complete 
| 117|0x0000000087500000, 0x0000000087600000, 0x0000000087600000|100%| E|CS|TAMS 0x0000000087500000, 0x0000000087500000| Complete 
| 118|0x0000000087600000, 0x0000000087700000, 0x0000000087700000|100%| E|CS|TAMS 0x0000000087600000, 0x0000000087600000| Complete 
| 119|0x0000000087700000, 0x0000000087800000, 0x0000000087800000|100%| E|CS|TAMS 0x0000000087700000, 0x0000000087700000| Complete 
| 120|0x0000000087800000, 0x0000000087900000, 0x0000000087900000|100%| E|CS|TAMS 0x0000000087800000, 0x0000000087800000| Complete 
| 121|0x0000000087900000, 0x0000000087a00000, 0x0000000087a00000|100%| E|CS|TAMS 0x0000000087900000, 0x0000000087900000| Complete 
| 122|0x0000000087a00000, 0x0000000087b00000, 0x0000000087b00000|100%| E|CS|TAMS 0x0000000087a00000, 0x0000000087a00000| Complete 
| 123|0x0000000087b00000, 0x0000000087c00000, 0x0000000087c00000|100%| E|CS|TAMS 0x0000000087b00000, 0x0000000087b00000| Complete 
| 124|0x0000000087c00000, 0x0000000087d00000, 0x0000000087d00000|100%| E|CS|TAMS 0x0000000087c00000, 0x0000000087c00000| Complete 
| 125|0x0000000087d00000, 0x0000000087e00000, 0x0000000087e00000|100%| E|CS|TAMS 0x0000000087d00000, 0x0000000087d00000| Complete 
| 126|0x0000000087e00000, 0x0000000087f00000, 0x0000000087f00000|100%| E|CS|TAMS 0x0000000087e00000, 0x0000000087e00000| Complete 
| 127|0x0000000087f00000, 0x0000000088000000, 0x0000000088000000|100%| E|CS|TAMS 0x0000000087f00000, 0x0000000087f00000| Complete 

Card table byte_map: [0x0000020b1c2b0000,0x0000020b1c6b0000] _byte_map_base: 0x0000020b1beb0000

Marking Bits (Prev, Next): (CMBitMap*) 0x0000020b055d0980, (CMBitMap*) 0x0000020b055d09c0
 Prev Bits: [0x0000020b1cab0000, 0x0000020b1eab0000)
 Next Bits: [0x0000020b1eab0000, 0x0000020b20ab0000)

Polling page: 0x0000020b033e0000

Metaspace:

Usage:
  Non-class:     12.20 MB used.
      Class:      1.22 MB used.
       Both:     13.42 MB used.

Virtual space:
  Non-class space:       64.00 MB reserved,      12.25 MB ( 19%) committed,  1 nodes.
      Class space:        1.00 GB reserved,       1.31 MB ( <1%) committed,  1 nodes.
             Both:        1.06 GB reserved,      13.56 MB (  1%) committed. 

Chunk freelists:
   Non-Class:  3.55 MB
       Class:  2.72 MB
        Both:  6.27 MB

MaxMetaspaceSize: unlimited
CompressedClassSpaceSize: 1.00 GB
Initial GC threshold: 21.00 MB
Current GC threshold: 21.00 MB
CDS: on
MetaspaceReclaimPolicy: balanced
 - commit_granule_bytes: 65536.
 - commit_granule_words: 8192.
 - virtual_space_node_default_size: 8388608.
 - enlarge_chunks_in_place: 1.
 - new_chunks_are_fully_committed: 0.
 - uncommit_free_chunks: 1.
 - use_allocation_guard: 0.


Internal statistics:

num_allocs_failed_limit: 0.
num_arena_births: 66.
num_arena_deaths: 0.
num_vsnodes_births: 2.
num_vsnodes_deaths: 0.
num_space_committed: 217.
num_space_uncommitted: 0.
num_chunks_returned_to_freelist: 0.
num_chunks_taken_from_freelist: 373.
num_chunk_merges: 0.
num_chunk_splits: 307.
num_chunks_enlarged: 281.
num_inconsistent_stats: 0.

CodeHeap 'non-profiled nmethods': size=120000Kb used=1315Kb max_used=1315Kb free=118684Kb
 bounds [0x0000020b14980000, 0x0000020b14bf0000, 0x0000020b1beb0000]
CodeHeap 'profiled nmethods': size=120000Kb used=5324Kb max_used=5324Kb free=114676Kb
 bounds [0x0000020b0d450000, 0x0000020b0d990000, 0x0000020b14980000]
CodeHeap 'non-nmethods': size=5760Kb used=1192Kb max_used=1236Kb free=4568Kb
 bounds [0x0000020b0ceb0000, 0x0000020b0d120000, 0x0000020b0d450000]
 total_blobs=2638 nmethods=2164 adapters=386
 compilation: enabled
              stopped_count=0, restarted_count=0
 full_count=0

Compilation events (20 events):
Event: 10.415 Thread 0x0000020b22f39880 2160       3       org.aspectj.weaver.TypeVariable::<init> (11 bytes)
Event: 10.415 Thread 0x0000020b22f39880 nmethod 2160 0x0000020b0d979f90 code [0x0000020b0d97a140, 0x0000020b0d97a438]
Event: 10.415 Thread 0x0000020b22f39880 2161       3       org.aspectj.weaver.ResolvedType::isParameterizedWithTypeVariable (287 bytes)
Event: 10.415 Thread 0x0000020b22f2f2d0 2163       4       org.aspectj.weaver.bcel.BcelMethod::<init> (106 bytes)
Event: 10.416 Thread 0x0000020b22f39880 nmethod 2161 0x0000020b0d97a510 code [0x0000020b0d97a860, 0x0000020b0d97c248]
Event: 10.416 Thread 0x0000020b22f39880 2162       3       org.aspectj.weaver.TypeVariable::<init> (32 bytes)
Event: 10.416 Thread 0x0000020b22f39880 nmethod 2162 0x0000020b0d97c710 code [0x0000020b0d97c8c0, 0x0000020b0d97caf8]
Event: 10.418 Thread 0x0000020b22f39880 2167       3       org.aspectj.util.GenericSignatureParser::eat (83 bytes)
Event: 10.419 Thread 0x0000020b22f39880 nmethod 2167 0x0000020b0d97cb90 code [0x0000020b0d97ce40, 0x0000020b0d97d7e8]
Event: 10.420 Thread 0x0000020b22f39880 2169   !   3       org.aspectj.weaver.bcel.Utility::makeJavaClass (41 bytes)
Event: 10.420 Thread 0x0000020b22f39880 nmethod 2169 0x0000020b0d97dc90 code [0x0000020b0d97dec0, 0x0000020b0d97e9f8]
Event: 10.420 Thread 0x0000020b22f39880 2170       3       org.aspectj.util.GenericSignature$ClassSignature::<init> (19 bytes)
Event: 10.420 Thread 0x0000020b22f39880 nmethod 2170 0x0000020b0d97ee10 code [0x0000020b0d97efc0, 0x0000020b0d97f1f8]
Event: 10.421 Thread 0x0000020b22f39880 2172       3       org.aspectj.weaver.ResolvedType::parameterize (227 bytes)
Event: 10.422 Thread 0x0000020b22f39880 nmethod 2172 0x0000020b0d97f290 code [0x0000020b0d97f5a0, 0x0000020b0d980f38]
Event: 10.422 Thread 0x0000020b22f39880 2173       3       org.aspectj.weaver.ResolvedType::getMemberParameterizationMap (62 bytes)
Event: 10.422 Thread 0x0000020b22f39880 nmethod 2173 0x0000020b0d981490 code [0x0000020b0d9816a0, 0x0000020b0d981e58]
Event: 10.422 Thread 0x0000020b22f39880 2174       3       org.aspectj.weaver.bcel.BcelGenericSignatureToTypeXConverter::fixUpCircularDependencies (85 bytes)
Event: 10.422 Thread 0x0000020b22f39880 nmethod 2174 0x0000020b0d982110 code [0x0000020b0d982320, 0x0000020b0d982d98]
Event: 10.422 Thread 0x0000020b22f39880 2175   !   3       org.aspectj.weaver.bcel.BcelWeaver::weave (883 bytes)

GC Heap History (8 events):
Event: 2.833 GC heap before
{Heap before GC invocations=0 (full 0):
 garbage-first heap   total 131072K, used 13312K [0x0000000080000000, 0x0000000100000000)
  region size 1024K, 13 young (13312K), 0 survivors (0K)
 Metaspace       used 3755K, committed 3968K, reserved 1114112K
  class space    used 345K, committed 448K, reserved 1048576K
}
Event: 2.835 GC heap after
{Heap after GC invocations=1 (full 0):
 garbage-first heap   total 131072K, used 6497K [0x0000000080000000, 0x0000000100000000)
  region size 1024K, 2 young (2048K), 2 survivors (2048K)
 Metaspace       used 3755K, committed 3968K, reserved 1114112K
  class space    used 345K, committed 448K, reserved 1048576K
}
Event: 3.693 GC heap before
{Heap before GC invocations=1 (full 0):
 garbage-first heap   total 131072K, used 19809K [0x0000000080000000, 0x0000000100000000)
  region size 1024K, 15 young (15360K), 2 survivors (2048K)
 Metaspace       used 6953K, committed 7104K, reserved 1114112K
  class space    used 629K, committed 704K, reserved 1048576K
}
Event: 3.695 GC heap after
{Heap after GC invocations=2 (full 0):
 garbage-first heap   total 131072K, used 8425K [0x0000000080000000, 0x0000000100000000)
  region size 1024K, 2 young (2048K), 2 survivors (2048K)
 Metaspace       used 6953K, committed 7104K, reserved 1114112K
  class space    used 629K, committed 704K, reserved 1048576K
}
Event: 6.264 GC heap before
{Heap before GC invocations=2 (full 0):
 garbage-first heap   total 131072K, used 33001K [0x0000000080000000, 0x0000000100000000)
  region size 1024K, 26 young (26624K), 2 survivors (2048K)
 Metaspace       used 9842K, committed 10048K, reserved 1114112K
  class space    used 898K, committed 1024K, reserved 1048576K
}
Event: 6.267 GC heap after
{Heap after GC invocations=3 (full 0):
 garbage-first heap   total 131072K, used 12654K [0x0000000080000000, 0x0000000100000000)
  region size 1024K, 4 young (4096K), 4 survivors (4096K)
 Metaspace       used 9842K, committed 10048K, reserved 1114112K
  class space    used 898K, committed 1024K, reserved 1048576K
}
Event: 9.914 GC heap before
{Heap before GC invocations=3 (full 0):
 garbage-first heap   total 131072K, used 60782K [0x0000000080000000, 0x0000000100000000)
  region size 1024K, 52 young (53248K), 4 survivors (4096K)
 Metaspace       used 12878K, committed 13056K, reserved 1114112K
  class space    used 1135K, committed 1216K, reserved 1048576K
}
Event: 9.921 GC heap after
{Heap after GC invocations=4 (full 0):
 garbage-first heap   total 131072K, used 20837K [0x0000000080000000, 0x0000000100000000)
  region size 1024K, 7 young (7168K), 7 survivors (7168K)
 Metaspace       used 12878K, committed 13056K, reserved 1114112K
  class space    used 1135K, committed 1216K, reserved 1048576K
}

Deoptimization events (20 events):
Event: 10.358 Thread 0x0000020b0556fb30 DEOPT PACKING pc=0x0000020b14a98664 sp=0x00000020009f7880
Event: 10.358 Thread 0x0000020b0556fb30 DEOPT UNPACKING pc=0x0000020b0cf023a3 sp=0x00000020009f7848 mode 2
Event: 10.366 Thread 0x0000020b0556fb30 Uncommon trap: trap_request=0xffffffc6 fr.pc=0x0000020b14a3cb04 relative=0x0000000000001f04
Event: 10.366 Thread 0x0000020b0556fb30 Uncommon trap: reason=bimorphic_or_optimized_type_check action=maybe_recompile pc=0x0000020b14a3cb04 method=org.aspectj.weaver.World.resolve(Lorg/aspectj/weaver/ResolvedType;)Lorg/aspectj/weaver/ResolvedType; @ 36 c2
Event: 10.366 Thread 0x0000020b0556fb30 DEOPT PACKING pc=0x0000020b14a3cb04 sp=0x00000020009f7b00
Event: 10.366 Thread 0x0000020b0556fb30 DEOPT UNPACKING pc=0x0000020b0cf023a3 sp=0x00000020009f7a68 mode 2
Event: 10.366 Thread 0x0000020b0556fb30 Uncommon trap: trap_request=0xffffffc6 fr.pc=0x0000020b14a3cb04 relative=0x0000000000001f04
Event: 10.366 Thread 0x0000020b0556fb30 Uncommon trap: reason=bimorphic_or_optimized_type_check action=maybe_recompile pc=0x0000020b14a3cb04 method=org.aspectj.weaver.World.resolve(Lorg/aspectj/weaver/ResolvedType;)Lorg/aspectj/weaver/ResolvedType; @ 36 c2
Event: 10.366 Thread 0x0000020b0556fb30 DEOPT PACKING pc=0x0000020b14a3cb04 sp=0x00000020009f78e0
Event: 10.366 Thread 0x0000020b0556fb30 DEOPT UNPACKING pc=0x0000020b0cf023a3 sp=0x00000020009f7848 mode 2
Event: 10.366 Thread 0x0000020b0556fb30 Uncommon trap: trap_request=0xffffffc6 fr.pc=0x0000020b14a3cb04 relative=0x0000000000001f04
Event: 10.366 Thread 0x0000020b0556fb30 Uncommon trap: reason=bimorphic_or_optimized_type_check action=maybe_recompile pc=0x0000020b14a3cb04 method=org.aspectj.weaver.World.resolve(Lorg/aspectj/weaver/ResolvedType;)Lorg/aspectj/weaver/ResolvedType; @ 36 c2
Event: 10.366 Thread 0x0000020b0556fb30 DEOPT PACKING pc=0x0000020b14a3cb04 sp=0x00000020009f78e0
Event: 10.366 Thread 0x0000020b0556fb30 DEOPT UNPACKING pc=0x0000020b0cf023a3 sp=0x00000020009f7848 mode 2
Event: 10.366 Thread 0x0000020b0556fb30 Uncommon trap: trap_request=0xffffffc6 fr.pc=0x0000020b14a3cb04 relative=0x0000000000001f04
Event: 10.366 Thread 0x0000020b0556fb30 Uncommon trap: reason=bimorphic_or_optimized_type_check action=maybe_recompile pc=0x0000020b14a3cb04 method=org.aspectj.weaver.World.resolve(Lorg/aspectj/weaver/ResolvedType;)Lorg/aspectj/weaver/ResolvedType; @ 36 c2
Event: 10.366 Thread 0x0000020b0556fb30 DEOPT PACKING pc=0x0000020b14a3cb04 sp=0x00000020009f7950
Event: 10.366 Thread 0x0000020b0556fb30 DEOPT UNPACKING pc=0x0000020b0cf023a3 sp=0x00000020009f78b8 mode 2
Event: 10.419 Thread 0x0000020b0556fb30 DEOPT PACKING pc=0x0000020b0d6ef5f5 sp=0x00000020009f6050
Event: 10.419 Thread 0x0000020b0556fb30 DEOPT UNPACKING pc=0x0000020b0cf02b43 sp=0x00000020009f5548 mode 0

Classes loaded (20 events):
Event: 9.272 Loading class java/util/stream/IntPipeline
Event: 9.305 Loading class java/util/stream/IntPipeline done
Event: 9.305 Loading class java/util/stream/IntPipeline$Head
Event: 9.321 Loading class java/util/stream/IntPipeline$Head done
Event: 9.322 Loading class java/util/stream/IntPipeline$StatelessOp
Event: 9.322 Loading class java/util/stream/IntPipeline$StatelessOp done
Event: 9.322 Loading class java/util/stream/IntPipeline$10
Event: 9.322 Loading class java/util/stream/IntPipeline$10 done
Event: 9.322 Loading class java/util/stream/Sink$OfInt
Event: 9.322 Loading class java/util/stream/Sink$OfInt done
Event: 9.322 Loading class java/util/stream/FindOps$FindSink$OfInt
Event: 9.538 Loading class java/util/stream/FindOps$FindSink$OfInt done
Event: 9.539 Loading class java/util/stream/Sink$ChainedInt
Event: 9.539 Loading class java/util/stream/Sink$ChainedInt done
Event: 9.539 Loading class java/util/stream/IntPipeline$10$1
Event: 9.539 Loading class java/util/stream/IntPipeline$10$1 done
Event: 9.633 Loading class java/text/DecimalFormat
Event: 9.634 Loading class java/text/DecimalFormat done
Event: 9.704 Loading class java/io/CharArrayReader
Event: 9.775 Loading class java/io/CharArrayReader done

Classes unloaded (0 events):
No events

Classes redefined (0 events):
No events

Internal exceptions (20 events):
Event: 2.929 Thread 0x0000020b0556fb30 Exception <a 'java/lang/ArrayIndexOutOfBoundsException'{0x0000000087c2e4b0}: Index 7 out of bounds for length 7> (0x0000000087c2e4b0) 
thrown [s\open\src\hotspot\share\interpreter\interpreterRuntime.cpp, line 431]
Event: 2.929 Thread 0x0000020b0556fb30 Exception <a 'java/lang/ArrayIndexOutOfBoundsException'{0x0000000087c2ea78}: Index 7 out of bounds for length 7> (0x0000000087c2ea78) 
thrown [s\open\src\hotspot\share\interpreter\interpreterRuntime.cpp, line 431]
Event: 2.930 Thread 0x0000020b0556fb30 Exception <a 'java/lang/ArrayIndexOutOfBoundsException'{0x0000000087c31f78}: Index 7 out of bounds for length 7> (0x0000000087c31f78) 
thrown [s\open\src\hotspot\share\interpreter\interpreterRuntime.cpp, line 431]
Event: 2.930 Thread 0x0000020b0556fb30 Exception <a 'java/lang/ArrayIndexOutOfBoundsException'{0x0000000087c32540}: Index 7 out of bounds for length 7> (0x0000000087c32540) 
thrown [s\open\src\hotspot\share\interpreter\interpreterRuntime.cpp, line 431]
Event: 2.930 Thread 0x0000020b0556fb30 Exception <a 'java/lang/ArrayIndexOutOfBoundsException'{0x0000000087c32b08}: Index 7 out of bounds for length 7> (0x0000000087c32b08) 
thrown [s\open\src\hotspot\share\interpreter\interpreterRuntime.cpp, line 431]
Event: 2.933 Thread 0x0000020b0556fb30 Exception <a 'java/lang/ArrayIndexOutOfBoundsException'{0x0000000087c5efc8}: Index 11 out of bounds for length 11> (0x0000000087c5efc8) 
thrown [s\open\src\hotspot\share\interpreter\interpreterRuntime.cpp, line 431]
Event: 2.933 Thread 0x0000020b0556fb30 Exception <a 'java/lang/ArrayIndexOutOfBoundsException'{0x0000000087c5f590}: Index 11 out of bounds for length 11> (0x0000000087c5f590) 
thrown [s\open\src\hotspot\share\interpreter\interpreterRuntime.cpp, line 431]
Event: 2.933 Thread 0x0000020b0556fb30 Exception <a 'java/lang/ArrayIndexOutOfBoundsException'{0x0000000087c5fb58}: Index 11 out of bounds for length 11> (0x0000000087c5fb58) 
thrown [s\open\src\hotspot\share\interpreter\interpreterRuntime.cpp, line 431]
Event: 2.933 Thread 0x0000020b0556fb30 Exception <a 'java/lang/ArrayIndexOutOfBoundsException'{0x0000000087c60fc0}: Index 9 out of bounds for length 9> (0x0000000087c60fc0) 
thrown [s\open\src\hotspot\share\interpreter\interpreterRuntime.cpp, line 431]
Event: 2.933 Thread 0x0000020b0556fb30 Exception <a 'java/lang/ArrayIndexOutOfBoundsException'{0x0000000087c61588}: Index 9 out of bounds for length 9> (0x0000000087c61588) 
thrown [s\open\src\hotspot\share\interpreter\interpreterRuntime.cpp, line 431]
Event: 2.933 Thread 0x0000020b0556fb30 Exception <a 'java/lang/ArrayIndexOutOfBoundsException'{0x0000000087c61b50}: Index 9 out of bounds for length 9> (0x0000000087c61b50) 
thrown [s\open\src\hotspot\share\interpreter\interpreterRuntime.cpp, line 431]
Event: 2.933 Thread 0x0000020b0556fb30 Exception <a 'java/lang/ArrayIndexOutOfBoundsException'{0x0000000087c66df0}: Index 7 out of bounds for length 7> (0x0000000087c66df0) 
thrown [s\open\src\hotspot\share\interpreter\interpreterRuntime.cpp, line 431]
Event: 2.933 Thread 0x0000020b0556fb30 Exception <a 'java/lang/ArrayIndexOutOfBoundsException'{0x0000000087c673b8}: Index 7 out of bounds for length 7> (0x0000000087c673b8) 
thrown [s\open\src\hotspot\share\interpreter\interpreterRuntime.cpp, line 431]
Event: 2.933 Thread 0x0000020b0556fb30 Exception <a 'java/lang/ArrayIndexOutOfBoundsException'{0x0000000087c67980}: Index 7 out of bounds for length 7> (0x0000000087c67980) 
thrown [s\open\src\hotspot\share\interpreter\interpreterRuntime.cpp, line 431]
Event: 3.077 Thread 0x0000020b0556fb30 Exception <a 'java/lang/NoSuchMethodError'{0x00000000878a8e30}: 'java.lang.Object java.lang.invoke.DirectMethodHandle$Holder.invokeStaticInit(java.lang.Object)'> (0x00000000878a8e30) 
thrown [s\open\src\hotspot\share\interpreter\linkResolver.cpp, line 766]
Event: 3.126 Thread 0x0000020b0556fb30 Exception <a 'java/lang/NoSuchMethodError'{0x00000000877ebd88}: 'int java.lang.invoke.DirectMethodHandle$Holder.invokeSpecial(java.lang.Object, java.lang.Object, java.lang.Object)'> (0x00000000877ebd88) 
thrown [s\open\src\hotspot\share\interpreter\linkResolver.cpp, line 766]
Event: 4.723 Thread 0x0000020b0556fb30 Exception <a 'java/lang/NoSuchMethodError'{0x00000000871edde0}: 'int java.lang.invoke.DirectMethodHandle$Holder.invokeStaticInit(java.lang.Object, java.lang.Object)'> (0x00000000871edde0) 
thrown [s\open\src\hotspot\share\interpreter\linkResolver.cpp, line 766]
Event: 4.831 Thread 0x0000020b0556fb30 Exception <a 'java/lang/NoSuchMethodError'{0x0000000086cc7540}: 'java.lang.Object java.lang.invoke.DirectMethodHandle$Holder.invokeStaticInit(java.lang.Object, int, int, int, int)'> (0x0000000086cc7540) 
thrown [s\open\src\hotspot\share\interpreter\linkResolver.cpp, line 766]
Event: 5.006 Thread 0x0000020b0556fb30 Exception <a 'java/lang/NoSuchMethodError'{0x0000000086b522e0}: 'java.lang.Object java.lang.invoke.DirectMethodHandle$Holder.invokeStaticInit(java.lang.Object, java.lang.Object, int, int, int, int)'> (0x0000000086b522e0) 
thrown [s\open\src\hotspot\share\interpreter\linkResolver.cpp, line 766]
Event: 6.268 Thread 0x0000020b0556fb30 Implicit null exception at 0x0000020b14a0b260 to 0x0000020b14a0c9ac

VM Operations (20 events):
Event: 4.952 Executing VM operation: HandshakeAllThreads
Event: 4.952 Executing VM operation: HandshakeAllThreads done
Event: 5.270 Executing VM operation: HandshakeAllThreads
Event: 5.271 Executing VM operation: HandshakeAllThreads done
Event: 6.263 Executing VM operation: G1CollectForAllocation
Event: 6.267 Executing VM operation: G1CollectForAllocation done
Event: 7.277 Executing VM operation: Cleanup
Event: 7.277 Executing VM operation: Cleanup done
Event: 8.291 Executing VM operation: Cleanup
Event: 8.385 Executing VM operation: Cleanup done
Event: 8.653 Executing VM operation: HandshakeAllThreads
Event: 8.653 Executing VM operation: HandshakeAllThreads done
Event: 9.633 Executing VM operation: HandshakeAllThreads
Event: 9.633 Executing VM operation: HandshakeAllThreads done
Event: 9.633 Executing VM operation: Cleanup
Event: 9.633 Executing VM operation: Cleanup done
Event: 9.914 Executing VM operation: G1CollectForAllocation
Event: 9.921 Executing VM operation: G1CollectForAllocation done
Event: 9.929 Executing VM operation: HandshakeAllThreads
Event: 9.929 Executing VM operation: HandshakeAllThreads done

Events (20 events):
Event: 0.045 Loaded shared library C:\Users\user\.jdks\openjdk-18.0.1-1\bin\instrument.dll
Event: 0.048 Loaded shared library C:\Users\user\.jdks\openjdk-18.0.1-1\bin\net.dll
Event: 0.048 Loaded shared library C:\Users\user\.jdks\openjdk-18.0.1-1\bin\nio.dll
Event: 0.050 Loaded shared library C:\Users\user\.jdks\openjdk-18.0.1-1\bin\zip.dll
Event: 0.069 Thread 0x0000020b22f3bbf0 Thread added: 0x0000020b22f3bbf0
Event: 0.125 Loaded shared library C:\Users\user\.jdks\openjdk-18.0.1-1\bin\jimage.dll
Event: 0.172 Thread 0x0000020b274fe610 Thread added: 0x0000020b274fe610
Event: 0.240 Loaded shared library C:\Users\user\.jdks\openjdk-18.0.1-1\bin\verify.dll
Event: 0.627 Thread 0x0000020b22f3bbf0 Thread exited: 0x0000020b22f3bbf0
Event: 3.077 Thread 0x0000020b27e98210 Thread added: 0x0000020b27e98210
Event: 3.094 Loaded shared library C:\Users\user\.jdks\openjdk-18.0.1-1\bin\management.dll
Event: 3.115 Loaded shared library C:\Users\user\.jdks\openjdk-18.0.1-1\bin\management_ext.dll
Event: 3.133 Thread 0x0000020b27eb09b0 Thread added: 0x0000020b27eb09b0
Event: 3.735 Thread 0x0000020b22f3b1d0 Thread added: 0x0000020b22f3b1d0
Event: 4.125 Thread 0x0000020b22f3b1d0 Thread exited: 0x0000020b22f3b1d0
Event: 4.198 Thread 0x0000020b22f39d90 Thread added: 0x0000020b22f39d90
Event: 4.953 Thread 0x0000020b22f39d90 Thread exited: 0x0000020b22f39d90
Event: 10.019 Thread 0x0000020b22f39d90 Thread added: 0x0000020b22f39d90
Event: 10.359 Thread 0x0000020b22f39d90 Thread exited: 0x0000020b22f39d90
Event: 10.376 Thread 0x0000020b22f3b1d0 Thread added: 0x0000020b22f3b1d0


Dynamic libraries:
0x00007ff6c1e20000 - 0x00007ff6c1e2e000 	C:\Users\user\.jdks\openjdk-18.0.1-1\bin\java.exe
0x00007ffcdd010000 - 0x00007ffcdd208000 	C:\Windows\SYSTEM32\ntdll.dll
0x00007ffcdcc00000 - 0x00007ffcdccbf000 	C:\Windows\System32\KERNEL32.DLL
0x00007ffcda990000 - 0x00007ffcdac62000 	C:\Windows\System32\KERNELBASE.dll
0x00007ffcda750000 - 0x00007ffcda850000 	C:\Windows\System32\ucrtbase.dll
0x00007ffca76a0000 - 0x00007ffca76ba000 	C:\Users\user\.jdks\openjdk-18.0.1-1\bin\VCRUNTIME140.dll
0x00007ffcba9d0000 - 0x00007ffcba9e7000 	C:\Users\user\.jdks\openjdk-18.0.1-1\bin\jli.dll
0x00007ffcdc880000 - 0x00007ffcdca21000 	C:\Windows\System32\USER32.dll
0x00007ffcdae70000 - 0x00007ffcdae92000 	C:\Windows\System32\win32u.dll
0x00007ffcdc850000 - 0x00007ffcdc87b000 	C:\Windows\System32\GDI32.dll
0x00007ffcbb130000 - 0x00007ffcbb3ca000 	C:\Windows\WinSxS\amd64_microsoft.windows.common-controls_6595b64144ccf1df_6.0.19041.1110_none_60b5254171f9507e\COMCTL32.dll
0x00007ffcdaea0000 - 0x00007ffcdafaf000 	C:\Windows\System32\gdi32full.dll
0x00007ffcdb870000 - 0x00007ffcdb90e000 	C:\Windows\System32\msvcrt.dll
0x00007ffcdafb0000 - 0x00007ffcdb04d000 	C:\Windows\System32\msvcp_win.dll
0x00007ffcdb0b0000 - 0x00007ffcdb0e2000 	C:\Windows\System32\IMM32.DLL
0x00007ffcb5750000 - 0x00007ffcb575c000 	C:\Users\user\.jdks\openjdk-18.0.1-1\bin\vcruntime140_1.dll
0x00007ffc8eb60000 - 0x00007ffc8ebed000 	C:\Users\user\.jdks\openjdk-18.0.1-1\bin\msvcp140.dll
0x00007ffc8df50000 - 0x00007ffc8eb60000 	C:\Users\user\.jdks\openjdk-18.0.1-1\bin\server\jvm.dll
0x00007ffcdb910000 - 0x00007ffcdb9be000 	C:\Windows\System32\ADVAPI32.dll
0x00007ffcdcf30000 - 0x00007ffcdcfcc000 	C:\Windows\System32\sechost.dll
0x00007ffcdb9c0000 - 0x00007ffcdbae5000 	C:\Windows\System32\RPCRT4.dll
0x00007ffcdb3d0000 - 0x00007ffcdb3d8000 	C:\Windows\System32\PSAPI.DLL
0x00007ffcaadf0000 - 0x00007ffcaadf9000 	C:\Windows\SYSTEM32\WSOCK32.dll
0x00007ffcbdff0000 - 0x00007ffcbe017000 	C:\Windows\SYSTEM32\WINMM.dll
0x00007ffcd21c0000 - 0x00007ffcd21ca000 	C:\Windows\SYSTEM32\VERSION.dll
0x00007ffcdc3d0000 - 0x00007ffcdc43b000 	C:\Windows\System32\WS2_32.dll
0x00007ffcd85e0000 - 0x00007ffcd85f2000 	C:\Windows\SYSTEM32\kernel.appcore.dll
0x00007ffcaa740000 - 0x00007ffcaa74a000 	C:\Users\user\.jdks\openjdk-18.0.1-1\bin\jimage.dll
0x00007ffcc9c70000 - 0x00007ffcc9e54000 	C:\Windows\SYSTEM32\DBGHELP.DLL
0x00007ffcd06e0000 - 0x00007ffcd0715000 	C:\Windows\SYSTEM32\dbgcore.DLL
0x00007ffcda850000 - 0x00007ffcda8d2000 	C:\Windows\System32\bcryptPrimitives.dll
0x00007ffcc6c20000 - 0x00007ffcc6c2e000 	C:\Users\user\.jdks\openjdk-18.0.1-1\bin\instrument.dll
0x00007ffc8dcf0000 - 0x00007ffc8dd15000 	C:\Users\user\.jdks\openjdk-18.0.1-1\bin\java.dll
0x00007ffc8de70000 - 0x00007ffc8df46000 	C:\Users\user\.jdks\openjdk-18.0.1-1\bin\jsvml.dll
0x00007ffcdbb60000 - 0x00007ffcdc2a5000 	C:\Windows\System32\SHELL32.dll
0x00007ffcd87e0000 - 0x00007ffcd8f72000 	C:\Windows\SYSTEM32\windows.storage.dll
0x00007ffcdc4f0000 - 0x00007ffcdc845000 	C:\Windows\System32\combase.dll
0x00007ffcda080000 - 0x00007ffcda0b0000 	C:\Windows\SYSTEM32\Wldp.dll
0x00007ffcdc440000 - 0x00007ffcdc4ed000 	C:\Windows\System32\SHCORE.dll
0x00007ffcdb050000 - 0x00007ffcdb0a5000 	C:\Windows\System32\shlwapi.dll
0x00007ffcda640000 - 0x00007ffcda65f000 	C:\Windows\SYSTEM32\profapi.dll
0x00007ffc8dcd0000 - 0x00007ffc8dce8000 	C:\Users\user\.jdks\openjdk-18.0.1-1\bin\zip.dll
0x00007ffc8de00000 - 0x00007ffc8de13000 	C:\Users\user\.jdks\openjdk-18.0.1-1\bin\net.dll
0x00007ffcd2390000 - 0x00007ffcd249c000 	C:\Windows\SYSTEM32\WINHTTP.dll
0x00007ffcd9de0000 - 0x00007ffcd9e4a000 	C:\Windows\system32\mswsock.dll
0x00007ffc8dde0000 - 0x00007ffc8ddf6000 	C:\Users\user\.jdks\openjdk-18.0.1-1\bin\nio.dll
0x00007ffcbf670000 - 0x00007ffcbf680000 	C:\Users\user\.jdks\openjdk-18.0.1-1\bin\verify.dll
0x00007ffcc6850000 - 0x00007ffcc6859000 	C:\Users\user\.jdks\openjdk-18.0.1-1\bin\management.dll
0x00007ffcc3090000 - 0x00007ffcc309b000 	C:\Users\user\.jdks\openjdk-18.0.1-1\bin\management_ext.dll
0x00007ffcd9fe0000 - 0x00007ffcd9ff8000 	C:\Windows\SYSTEM32\CRYPTSP.dll
0x00007ffcd9700000 - 0x00007ffcd9734000 	C:\Windows\system32\rsaenh.dll
0x00007ffcdae40000 - 0x00007ffcdae67000 	C:\Windows\System32\bcrypt.dll
0x00007ffcda600000 - 0x00007ffcda62e000 	C:\Windows\SYSTEM32\USERENV.dll
0x00007ffcd9fd0000 - 0x00007ffcd9fdc000 	C:\Windows\SYSTEM32\CRYPTBASE.dll
0x00007ffcd9ad0000 - 0x00007ffcd9b0b000 	C:\Windows\SYSTEM32\IPHLPAPI.DLL
0x00007ffcdcf20000 - 0x00007ffcdcf28000 	C:\Windows\System32\NSI.dll
0x00007ffcd30c0000 - 0x00007ffcd30d7000 	C:\Windows\SYSTEM32\dhcpcsvc6.DLL
0x00007ffcd3140000 - 0x00007ffcd315d000 	C:\Windows\SYSTEM32\dhcpcsvc.DLL
0x00007ffcd9b10000 - 0x00007ffcd9bdb000 	C:\Windows\SYSTEM32\DNSAPI.dll

dbghelp: loaded successfully - version: 4.0.5 - missing functions: none
symbol engine: initialized successfully - sym options: 0x614 - pdb path: .;C:\Users\user\.jdks\openjdk-18.0.1-1\bin;C:\Windows\SYSTEM32;C:\Windows\WinSxS\amd64_microsoft.windows.common-controls_6595b64144ccf1df_6.0.19041.1110_none_60b5254171f9507e;C:\Users\user\.jdks\openjdk-18.0.1-1\bin\server

VM Arguments:
jvm_args: -javaagent:C:\Users\user\.m2\repository/org/aspectj/aspectjweaver/1.8.10/aspectjweaver-1.8.10.jar 
java_command: C:\Users\user\Desktop\LHA-QA\target\surefire\surefirebooter10436038989520741259.jar C:\Users\user\Desktop\LHA-QA\target\surefire 2023-03-14T20-16-02_169-jvmRun1 surefire12529555872622782875tmp surefire_017787985719886814897tmp
java_class_path (initial): C:\Users\user\Desktop\LHA-QA\target\surefire\surefirebooter10436038989520741259.jar
Launcher Type: SUN_STANDARD

[Global flags]
     intx CICompilerCount                          = 3                                         {product} {ergonomic}
     uint ConcGCThreads                            = 1                                         {product} {ergonomic}
     uint G1ConcRefinementThreads                  = 4                                         {product} {ergonomic}
   size_t G1HeapRegionSize                         = 1048576                                   {product} {ergonomic}
    uintx GCDrainStackTargetSize                   = 64                                        {product} {ergonomic}
   size_t InitialHeapSize                          = 134217728                                 {product} {ergonomic}
   size_t MarkStackSize                            = 4194304                                   {product} {ergonomic}
   size_t MaxHeapSize                              = 2147483648                                {product} {ergonomic}
   size_t MaxNewSize                               = 1287651328                                {product} {ergonomic}
   size_t MinHeapDeltaBytes                        = 1048576                                   {product} {ergonomic}
   size_t MinHeapSize                              = 8388608                                   {product} {ergonomic}
    uintx NonNMethodCodeHeapSize                   = 5832780                                {pd product} {ergonomic}
    uintx NonProfiledCodeHeapSize                  = 122912730                              {pd product} {ergonomic}
    uintx ProfiledCodeHeapSize                     = 122912730                              {pd product} {ergonomic}
    uintx ReservedCodeCacheSize                    = 251658240                              {pd product} {ergonomic}
     bool SegmentedCodeCache                       = true                                      {product} {ergonomic}
   size_t SoftMaxHeapSize                          = 2147483648                             {manageable} {ergonomic}
     bool UseCompressedClassPointers               = true                           {product lp64_product} {ergonomic}
     bool UseCompressedOops                        = true                           {product lp64_product} {ergonomic}
     bool UseG1GC                                  = true                                      {product} {ergonomic}
     bool UseLargePagesIndividualAllocation        = false                                  {pd product} {ergonomic}

Logging:
Log output configuration:
 #0: stdout all=warning uptime,level,tags foldmultilines=false
 #1: stderr all=off uptime,level,tags foldmultilines=false

Environment Variables:
JAVA_HOME=C:\Program Files\Java\jdk1.8.0_202
PATH=C:\Program Files (x86)\Common Files\Oracle\Java\javapath;C:\Windows\system32;C:\Windows;C:\Windows\System32\Wbem;C:\Windows\System32\WindowsPowerShell\v1.0\;C:\Windows\System32\OpenSSH\;C:\Program Files\Git\cmd;C:\Program Files\Java\jdk1.8.0_202\bin;C:\maven\bin;C:\Program Files\TortoiseGit\bin;C:\Users\user\scoop\shims;C:\Users\user\AppData\Local\Microsoft\WindowsApps;
USERNAME=user
OS=Windows_NT
PROCESSOR_IDENTIFIER=Intel64 Family 6 Model 165 Stepping 5, GenuineIntel



---------------  S Y S T E M  ---------------

OS:
 Windows 10 , 64 bit Build 19041 (10.0.19041.2546)
OS uptime: 3 days 4:48 hours
VMWare virtualization detected

CPU: total 4 (initial active 4) (4 cores per cpu, 1 threads per core) family 6 model 165 stepping 5 microcode 0xca, cx8, cmov, fxsr, mmx, 3dnowpref, sse, sse2, sse3, ssse3, sse4.1, sse4.2, popcnt, lzcnt, tsc, tscinvbit, avx, avx2, aes, erms, clmul, bmi1, bmi2, adx, fma, vzeroupper, clflush, clflushopt, hv

Memory: 4k page, system-wide physical 8191M (671M free)
TotalPageFile size 13793M (AvailPageFile size 1M)
current process WorkingSet (physical memory assigned to process): 151M, peak: 151M
current process commit charge ("private bytes"): 243M, peak: 243M

vm_info: OpenJDK 64-Bit Server VM (18.0.1+10-24) for windows-amd64 JRE (18.0.1+10-24), built on Mar  9 2022 22:38:37 by "mach5one" with MS VC++ 16.8 / 16.9 (VS2019)

END.
