#
# There is insufficient memory for the Java Runtime Environment to continue.
# Native memory allocation (malloc) failed to allocate 242896 bytes for Chunk::new
# Possible reasons:
#   The system is out of physical RAM or swap space
#   The process is running with CompressedOops enabled, and the Java Heap may be blocking the growth of the native heap
# Possible solutions:
#   Reduce memory load on the system
#   Increase physical memory or swap space
#   Check if swap backing store is full
#   Decrease Java heap size (-Xmx/-Xms)
#   Decrease number of Java threads
#   Decrease Java thread stack sizes (-Xss)
#   Set larger code cache with -XX:ReservedCodeCacheSize=
#   JVM is running with Unscaled Compressed Oops mode in which the Java heap is
#     placed in the first 4GB address space. The Java Heap base address is the
#     maximum limit for the native heap growth. Please use -XX:HeapBaseMinAddress
#     to set the Java Heap base and to place the Java Heap above 4GB virtual address.
# This output file may be truncated or incomplete.
#
#  Out of Memory Error (arena.cpp:184), pid=7796, tid=9836
#
# JRE version: OpenJDK Runtime Environment (18.0.1+10) (build 18.0.1+10-24)
# Java VM: OpenJDK 64-Bit Server VM (18.0.1+10-24, mixed mode, sharing, tiered, compressed oops, compressed class ptrs, g1 gc, windows-amd64)
# No core dump will be written. Minidumps are not enabled by default on client versions of Windows
#

---------------  S U M M A R Y ------------

Command Line: -Dmaven.multiModuleProjectDirectory=C:\Users\user\Desktop\LHA-QA -Dmaven.home=C:\Program Files\JetBrains\IntelliJ IDEA Community Edition 2022.1\plugins\maven\lib\maven3 -Dclassworlds.conf=C:\Program Files\JetBrains\IntelliJ IDEA Community Edition 2022.1\plugins\maven\lib\maven3\bin\m2.conf -Dmaven.ext.class.path=C:\Program Files\JetBrains\IntelliJ IDEA Community Edition 2022.1\plugins\maven\lib\maven-event-listener.jar -javaagent:C:\Program Files\JetBrains\IntelliJ IDEA Community Edition 2022.1\lib\idea_rt.jar=52896:C:\Program Files\JetBrains\IntelliJ IDEA Community Edition 2022.1\bin -Dfile.encoding=UTF-8 org.codehaus.classworlds.Launcher -Didea.version=2022.1 clean test -Dtest=TestRunner -Dcucumber.filter.tags=@C167

Host: Intel(R) Core(TM) i9-10900 CPU @ 2.80GHz, 4 cores, 7G,  Windows 10 , 64 bit Build 19041 (10.0.19041.2546)
Time: Tue Mar 14 20:16:15 2023 FLE Standard Time elapsed time: 22.407501 seconds (0d 0h 0m 22s)

---------------  T H R E A D  ---------------

Current thread (0x00000200584f0bc0):  JavaThread "C2 CompilerThread0" daemon [_thread_in_native, id=9836, stack(0x0000005671100000,0x0000005671200000)]


Current CompileTask:
C2:  22407 8650       4       java.net.URLStreamHandler::setURL (73 bytes)

Stack: [0x0000005671100000,0x0000005671200000]
Native frames: (J=compiled Java code, j=interpreted, Vv=VM code, C=native code)
V  [jvm.dll+0x69887a]
V  [jvm.dll+0x7f38bd]
V  [jvm.dll+0x7f51ce]
V  [jvm.dll+0x7f5883]
V  [jvm.dll+0x25ca3f]
V  [jvm.dll+0xb8c2f]
V  [jvm.dll+0xb8fa5]
V  [jvm.dll+0x385a31]
V  [jvm.dll+0x34f811]
V  [jvm.dll+0x34ecaa]
V  [jvm.dll+0x22fc21]
V  [jvm.dll+0x22eff1]
V  [jvm.dll+0x1b9cfc]
V  [jvm.dll+0x23e8ca]
V  [jvm.dll+0x23cbb5]
V  [jvm.dll+0x7a5fb1]
V  [jvm.dll+0x7a03ea]
V  [jvm.dll+0x697725]
C  [ucrtbase.dll+0x21bb2]
C  [KERNEL32.DLL+0x17614]
C  [ntdll.dll+0x526a1]


---------------  P R O C E S S  ---------------

Threads class SMR info:
_java_thread_list=0x000002005dbc9c10, length=24, elements={
0x000002003ab328e0, 0x00000200584d3a10, 0x00000200584d42c0, 0x00000200584ee350,
0x00000200584eec00, 0x00000200584ef4b0, 0x00000200584efea0, 0x00000200584f0bc0,
0x00000200584f5b00, 0x00000200584f6530, 0x000002005c857f20, 0x000002005c95de60,
0x000002005c95e320, 0x000002005de97a70, 0x000002005de94f20, 0x000002005de96c00,
0x000002005de970d0, 0x000002005de95d90, 0x000002005de96260, 0x000002005de953f0,
0x000002005de96730, 0x000002005de97f40, 0x000002005de975a0, 0x00000200601d4fe0
}

Java Threads: ( => current thread )
  0x000002003ab328e0 JavaThread "main" [_thread_in_native, id=7852, stack(0x0000005670400000,0x0000005670500000)]
  0x00000200584d3a10 JavaThread "Reference Handler" daemon [_thread_blocked, id=11368, stack(0x0000005670b00000,0x0000005670c00000)]
  0x00000200584d42c0 JavaThread "Finalizer" daemon [_thread_blocked, id=6800, stack(0x0000005670c00000,0x0000005670d00000)]
  0x00000200584ee350 JavaThread "Signal Dispatcher" daemon [_thread_blocked, id=5092, stack(0x0000005670d00000,0x0000005670e00000)]
  0x00000200584eec00 JavaThread "Attach Listener" daemon [_thread_blocked, id=2728, stack(0x0000005670e00000,0x0000005670f00000)]
  0x00000200584ef4b0 JavaThread "Service Thread" daemon [_thread_blocked, id=11932, stack(0x0000005670f00000,0x0000005671000000)]
  0x00000200584efea0 JavaThread "Monitor Deflation Thread" daemon [_thread_blocked, id=3668, stack(0x0000005671000000,0x0000005671100000)]
=>0x00000200584f0bc0 JavaThread "C2 CompilerThread0" daemon [_thread_in_native, id=9836, stack(0x0000005671100000,0x0000005671200000)]
  0x00000200584f5b00 JavaThread "C1 CompilerThread0" daemon [_thread_blocked, id=10716, stack(0x0000005671200000,0x0000005671300000)]
  0x00000200584f6530 JavaThread "Sweeper thread" daemon [_thread_blocked, id=7784, stack(0x0000005671300000,0x0000005671400000)]
  0x000002005c857f20 JavaThread "Common-Cleaner" daemon [_thread_blocked, id=5784, stack(0x0000005671400000,0x0000005671500000)]
  0x000002005c95de60 JavaThread "Monitor Ctrl-Break" daemon [_thread_in_native, id=1408, stack(0x0000005671500000,0x0000005671600000)]
  0x000002005c95e320 JavaThread "Notification Thread" daemon [_thread_blocked, id=1708, stack(0x0000005671600000,0x0000005671700000)]
  0x000002005de97a70 JavaThread "resolver-1" daemon [_thread_blocked, id=5736, stack(0x0000005671b00000,0x0000005671c00000)]
  0x000002005de94f20 JavaThread "resolver-2" daemon [_thread_blocked, id=9672, stack(0x0000005671e00000,0x0000005671f00000)]
  0x000002005de96c00 JavaThread "resolver-3" daemon [_thread_blocked, id=12184, stack(0x0000005671f00000,0x0000005672000000)]
  0x000002005de970d0 JavaThread "resolver-4" daemon [_thread_blocked, id=11664, stack(0x0000005672000000,0x0000005672100000)]
  0x000002005de95d90 JavaThread "resolver-5" daemon [_thread_blocked, id=12048, stack(0x0000005672100000,0x0000005672200000)]
  0x000002005de96260 JavaThread "timeout-check-timer" daemon [_thread_blocked, id=4420, stack(0x0000005672200000,0x0000005672300000)]
  0x000002005de953f0 JavaThread "ping-timer-10s" daemon [_thread_blocked, id=10808, stack(0x0000005672300000,0x0000005672400000)]
  0x000002005de96730 JavaThread "ThreadedStreamConsumer" daemon [_thread_blocked, id=4336, stack(0x0000005672400000,0x0000005672500000)]
  0x000002005de97f40 JavaThread "Thread-1" [_thread_blocked, id=9468, stack(0x0000005672500000,0x0000005672600000)]
  0x000002005de975a0 JavaThread "Thread-2" [_thread_in_native, id=11316, stack(0x0000005672600000,0x0000005672700000)]
  0x00000200601d4fe0 JavaThread "Thread-3" [_thread_in_native, id=11740, stack(0x0000005672700000,0x0000005672800000)]

Other Threads:
  0x00000200584ccc50 VMThread "VM Thread" [stack: 0x0000005670a00000,0x0000005670b00000] [id=7788]
  0x000002005c8fc140 WatcherThread "VM Periodic Task Thread" [stack: 0x0000005671700000,0x0000005671800000] [id=4164]
  0x000002003ab91560 WorkerThread "GC Thread#0" [stack: 0x0000005670500000,0x0000005670600000] [id=10584]
  0x000002005cdf1e60 WorkerThread "GC Thread#1" [stack: 0x0000005671800000,0x0000005671900000] [id=10576]
  0x000002005cdb1a40 WorkerThread "GC Thread#2" [stack: 0x0000005671900000,0x0000005671a00000] [id=2944]
  0x000002005cdde040 WorkerThread "GC Thread#3" [stack: 0x0000005671a00000,0x0000005671b00000] [id=10072]
  0x000002003aba2240 ConcurrentGCThread "G1 Main Marker" [stack: 0x0000005670600000,0x0000005670700000] [id=4664]
  0x000002003aba3180 WorkerThread "G1 Conc#0" [stack: 0x0000005670700000,0x0000005670800000] [id=8596]
  0x000002003abe3010 ConcurrentGCThread "G1 Refine#0" [stack: 0x0000005670800000,0x0000005670900000] [id=5032]
  0x000002005d9026d0 ConcurrentGCThread "G1 Refine#1" [stack: 0x0000005671c00000,0x0000005671d00000] [id=3324]
  0x000002005d903210 ConcurrentGCThread "G1 Refine#2" [stack: 0x0000005671d00000,0x0000005671e00000] [id=10684]
  0x000002003abe36d0 ConcurrentGCThread "G1 Service" [stack: 0x0000005670900000,0x0000005670a00000] [id=10020]

Threads with active compile tasks:
C2 CompilerThread0    23241 8650       4       java.net.URLStreamHandler::setURL (73 bytes)

VM state: not at safepoint (normal execution)

VM Mutex/Monitor currently owned by a thread: None

Heap address: 0x0000000080000000, size: 2048 MB, Compressed Oops mode: 32-bit

CDS archive(s) mapped at: [0x0000000800000000-0x0000000800b90000-0x0000000800b90000), size 12124160, SharedBaseAddress: 0x0000000800000000, ArchiveRelocationMode: 0.
Compressed class space mapped at: 0x0000000800c00000-0x0000000840c00000, reserved size: 1073741824
Narrow klass base: 0x0000000800000000, Narrow klass shift: 0, Narrow klass range: 0x100000000

GC Precious Log:
 CardTable entry size: 512
 Card Set container configuration: InlinePtr #cards 5 size 8 Array Of Cards #cards 12 size 40 Howl #buckets 4 coarsen threshold 1843 Howl Bitmap #cards 512 size 80 coarsen threshold 460 Card regions per heap region 1 cards per card region 2048
 CPUs: 4 total, 4 available
 Memory: 8191M
 Large Page Support: Disabled
 NUMA Support: Disabled
 Compressed Oops: Enabled (32-bit)
 Heap Region Size: 1M
 Heap Min Capacity: 8M
 Heap Initial Capacity: 128M
 Heap Max Capacity: 2G
 Pre-touch: Disabled
 Parallel Workers: 4
 Concurrent Workers: 1
 Concurrent Refinement Workers: 4
 Periodic GC: Disabled

Heap:
 garbage-first heap   total 144384K, used 88298K [0x0000000080000000, 0x0000000100000000)
  region size 1024K, 27 young (27648K), 3 survivors (3072K)
 Metaspace       used 29411K, committed 29888K, reserved 1114112K
  class space    used 3056K, committed 3264K, reserved 1048576K

Heap Regions: E=young(eden), S=young(survivor), O=old, HS=humongous(starts), HC=humongous(continues), CS=collection set, F=free, OA=open archive, CA=closed archive, TAMS=top-at-mark-start (previous, next)
|   0|0x0000000080000000, 0x0000000080100000, 0x0000000080100000|100%| O|  |TAMS 0x0000000080100000, 0x0000000080000000| Untracked 
|   1|0x0000000080100000, 0x0000000080200000, 0x0000000080200000|100%| O|  |TAMS 0x0000000080200000, 0x0000000080100000| Untracked 
|   2|0x0000000080200000, 0x0000000080300000, 0x0000000080300000|100%| O|  |TAMS 0x0000000080300000, 0x0000000080200000| Untracked 
|   3|0x0000000080300000, 0x0000000080400000, 0x0000000080400000|100%| O|  |TAMS 0x0000000080400000, 0x0000000080300000| Untracked 
|   4|0x0000000080400000, 0x0000000080500000, 0x0000000080500000|100%| O|  |TAMS 0x0000000080500000, 0x0000000080400000| Untracked 
|   5|0x0000000080500000, 0x0000000080600000, 0x0000000080600000|100%| O|  |TAMS 0x0000000080600000, 0x0000000080500000| Untracked 
|   6|0x0000000080600000, 0x0000000080700000, 0x0000000080700000|100%| O|  |TAMS 0x0000000080700000, 0x0000000080600000| Untracked 
|   7|0x0000000080700000, 0x0000000080800000, 0x0000000080800000|100%| O|  |TAMS 0x0000000080800000, 0x0000000080700000| Untracked 
|   8|0x0000000080800000, 0x0000000080900000, 0x0000000080900000|100%| O|  |TAMS 0x0000000080900000, 0x0000000080800000| Untracked 
|   9|0x0000000080900000, 0x0000000080a00000, 0x0000000080a00000|100%|HS|  |TAMS 0x0000000080a00000, 0x0000000080900000| Complete 
|  10|0x0000000080a00000, 0x0000000080b00000, 0x0000000080b00000|100%| O|  |TAMS 0x0000000080a00000, 0x0000000080a00000| Untracked 
|  11|0x0000000080b00000, 0x0000000080c00000, 0x0000000080c00000|100%| O|  |TAMS 0x0000000080c00000, 0x0000000080b00000| Untracked 
|  12|0x0000000080c00000, 0x0000000080d00000, 0x0000000080d00000|100%| O|  |TAMS 0x0000000080d00000, 0x0000000080c00000| Untracked 
|  13|0x0000000080d00000, 0x0000000080e00000, 0x0000000080e00000|100%| O|  |TAMS 0x0000000080e00000, 0x0000000080d00000| Untracked 
|  14|0x0000000080e00000, 0x0000000080f00000, 0x0000000080f00000|100%| O|  |TAMS 0x0000000080f00000, 0x0000000080e00000| Untracked 
|  15|0x0000000080f00000, 0x0000000081000000, 0x0000000081000000|100%| O|  |TAMS 0x0000000081000000, 0x0000000080f00000| Untracked 
|  16|0x0000000081000000, 0x0000000081100000, 0x0000000081100000|100%| O|  |TAMS 0x0000000081100000, 0x0000000081000000| Untracked 
|  17|0x0000000081100000, 0x0000000081200000, 0x0000000081200000|100%| O|  |TAMS 0x0000000081200000, 0x0000000081100000| Untracked 
|  18|0x0000000081200000, 0x0000000081300000, 0x0000000081300000|100%| O|  |TAMS 0x0000000081300000, 0x0000000081200000| Untracked 
|  19|0x0000000081300000, 0x0000000081400000, 0x0000000081400000|100%| O|  |TAMS 0x0000000081400000, 0x0000000081300000| Untracked 
|  20|0x0000000081400000, 0x0000000081500000, 0x0000000081500000|100%| O|  |TAMS 0x0000000081500000, 0x0000000081400000| Untracked 
|  21|0x0000000081500000, 0x0000000081600000, 0x0000000081600000|100%| O|  |TAMS 0x0000000081600000, 0x0000000081500000| Untracked 
|  22|0x0000000081600000, 0x0000000081700000, 0x0000000081700000|100%| O|  |TAMS 0x0000000081700000, 0x0000000081600000| Untracked 
|  23|0x0000000081700000, 0x0000000081700000, 0x0000000081800000|  0%| F|  |TAMS 0x0000000081700000, 0x0000000081700000| Untracked 
|  24|0x0000000081800000, 0x0000000081900000, 0x0000000081900000|100%| O|  |TAMS 0x0000000081900000, 0x0000000081800000| Untracked 
|  25|0x0000000081900000, 0x0000000081a00000, 0x0000000081a00000|100%| O|  |TAMS 0x0000000081a00000, 0x0000000081900000| Untracked 
|  26|0x0000000081a00000, 0x0000000081b00000, 0x0000000081b00000|100%| O|  |TAMS 0x0000000081b00000, 0x0000000081a00000| Untracked 
|  27|0x0000000081b00000, 0x0000000081c00000, 0x0000000081c00000|100%| O|  |TAMS 0x0000000081c00000, 0x0000000081b00000| Untracked 
|  28|0x0000000081c00000, 0x0000000081d00000, 0x0000000081d00000|100%| O|  |TAMS 0x0000000081d00000, 0x0000000081c00000| Untracked 
|  29|0x0000000081d00000, 0x0000000081e00000, 0x0000000081e00000|100%| O|  |TAMS 0x0000000081e00000, 0x0000000081d00000| Untracked 
|  30|0x0000000081e00000, 0x0000000081e00000, 0x0000000081f00000|  0%| F|  |TAMS 0x0000000081e00000, 0x0000000081e00000| Untracked 
|  31|0x0000000081f00000, 0x0000000082000000, 0x0000000082000000|100%| O|  |TAMS 0x0000000082000000, 0x0000000081f00000| Untracked 
|  32|0x0000000082000000, 0x0000000082100000, 0x0000000082100000|100%| O|  |TAMS 0x0000000082100000, 0x0000000082000000| Untracked 
|  33|0x0000000082100000, 0x0000000082200000, 0x0000000082200000|100%| O|  |TAMS 0x0000000082200000, 0x0000000082100000| Untracked 
|  34|0x0000000082200000, 0x0000000082300000, 0x0000000082300000|100%|HS|  |TAMS 0x0000000082300000, 0x0000000082200000| Complete 
|  35|0x0000000082300000, 0x0000000082400000, 0x0000000082400000|100%|HC|  |TAMS 0x0000000082400000, 0x0000000082300000| Complete 
|  36|0x0000000082400000, 0x0000000082500000, 0x0000000082500000|100%| O|  |TAMS 0x0000000082500000, 0x0000000082400000| Untracked 
|  37|0x0000000082500000, 0x0000000082600000, 0x0000000082600000|100%| O|  |TAMS 0x0000000082600000, 0x0000000082500000| Untracked 
|  38|0x0000000082600000, 0x0000000082700000, 0x0000000082700000|100%| O|  |TAMS 0x0000000082700000, 0x0000000082600000| Untracked 
|  39|0x0000000082700000, 0x0000000082800000, 0x0000000082800000|100%| O|  |TAMS 0x0000000082800000, 0x0000000082700000| Untracked 
|  40|0x0000000082800000, 0x0000000082900000, 0x0000000082900000|100%| O|  |TAMS 0x0000000082900000, 0x0000000082800000| Untracked 
|  41|0x0000000082900000, 0x0000000082a00000, 0x0000000082a00000|100%| O|  |TAMS 0x0000000082a00000, 0x0000000082900000| Untracked 
|  42|0x0000000082a00000, 0x0000000082b00000, 0x0000000082b00000|100%| O|  |TAMS 0x0000000082b00000, 0x0000000082a00000| Untracked 
|  43|0x0000000082b00000, 0x0000000082c00000, 0x0000000082c00000|100%| O|  |TAMS 0x0000000082c00000, 0x0000000082b00000| Untracked 
|  44|0x0000000082c00000, 0x0000000082d00000, 0x0000000082d00000|100%| O|  |TAMS 0x0000000082d00000, 0x0000000082c00000| Untracked 
|  45|0x0000000082d00000, 0x0000000082e00000, 0x0000000082e00000|100%| O|  |TAMS 0x0000000082e00000, 0x0000000082d00000| Untracked 
|  46|0x0000000082e00000, 0x0000000082f00000, 0x0000000082f00000|100%| O|  |TAMS 0x0000000082f00000, 0x0000000082e00000| Untracked 
|  47|0x0000000082f00000, 0x0000000083000000, 0x0000000083000000|100%| O|  |TAMS 0x0000000083000000, 0x0000000082f00000| Untracked 
|  48|0x0000000083000000, 0x0000000083100000, 0x0000000083100000|100%| O|  |TAMS 0x00000000830a4200, 0x0000000083000000| Untracked 
|  49|0x0000000083100000, 0x0000000083200000, 0x0000000083200000|100%| O|  |TAMS 0x0000000083100000, 0x0000000083100000| Untracked 
|  50|0x0000000083200000, 0x0000000083300000, 0x0000000083300000|100%| O|  |TAMS 0x0000000083200000, 0x0000000083200000| Untracked 
|  51|0x0000000083300000, 0x0000000083400000, 0x0000000083400000|100%| O|  |TAMS 0x0000000083300000, 0x0000000083300000| Untracked 
|  52|0x0000000083400000, 0x0000000083500000, 0x0000000083500000|100%|HS|  |TAMS 0x0000000083400000, 0x0000000083400000| Complete 
|  53|0x0000000083500000, 0x0000000083600000, 0x0000000083600000|100%| O|  |TAMS 0x0000000083500000, 0x0000000083500000| Untracked 
|  54|0x0000000083600000, 0x0000000083700000, 0x0000000083700000|100%| O|  |TAMS 0x0000000083600000, 0x0000000083600000| Untracked 
|  55|0x0000000083700000, 0x0000000083800000, 0x0000000083800000|100%| O|  |TAMS 0x0000000083700000, 0x0000000083700000| Untracked 
|  56|0x0000000083800000, 0x0000000083900000, 0x0000000083900000|100%| O|  |TAMS 0x0000000083800000, 0x0000000083800000| Untracked 
|  57|0x0000000083900000, 0x0000000083a00000, 0x0000000083a00000|100%| O|  |TAMS 0x0000000083900000, 0x0000000083900000| Untracked 
|  58|0x0000000083a00000, 0x0000000083aa7a00, 0x0000000083b00000| 65%| O|  |TAMS 0x0000000083a00000, 0x0000000083a00000| Untracked 
|  59|0x0000000083b00000, 0x0000000083b00000, 0x0000000083c00000|  0%| F|  |TAMS 0x0000000083b00000, 0x0000000083b00000| Untracked 
|  60|0x0000000083c00000, 0x0000000083c00000, 0x0000000083d00000|  0%| F|  |TAMS 0x0000000083c00000, 0x0000000083c00000| Untracked 
|  61|0x0000000083d00000, 0x0000000083d00000, 0x0000000083e00000|  0%| F|  |TAMS 0x0000000083d00000, 0x0000000083d00000| Untracked 
|  62|0x0000000083e00000, 0x0000000083e00000, 0x0000000083f00000|  0%| F|  |TAMS 0x0000000083e00000, 0x0000000083e00000| Untracked 
|  63|0x0000000083f00000, 0x0000000083f00000, 0x0000000084000000|  0%| F|  |TAMS 0x0000000083f00000, 0x0000000083f00000| Untracked 
|  64|0x0000000084000000, 0x0000000084000000, 0x0000000084100000|  0%| F|  |TAMS 0x0000000084000000, 0x0000000084000000| Untracked 
|  65|0x0000000084100000, 0x0000000084100000, 0x0000000084200000|  0%| F|  |TAMS 0x0000000084100000, 0x0000000084100000| Untracked 
|  66|0x0000000084200000, 0x0000000084200000, 0x0000000084300000|  0%| F|  |TAMS 0x0000000084200000, 0x0000000084200000| Untracked 
|  67|0x0000000084300000, 0x0000000084300000, 0x0000000084400000|  0%| F|  |TAMS 0x0000000084300000, 0x0000000084300000| Untracked 
|  68|0x0000000084400000, 0x0000000084400000, 0x0000000084500000|  0%| F|  |TAMS 0x0000000084400000, 0x0000000084400000| Untracked 
|  69|0x0000000084500000, 0x0000000084500000, 0x0000000084600000|  0%| F|  |TAMS 0x0000000084500000, 0x0000000084500000| Untracked 
|  70|0x0000000084600000, 0x0000000084600000, 0x0000000084700000|  0%| F|  |TAMS 0x0000000084600000, 0x0000000084600000| Untracked 
|  71|0x0000000084700000, 0x0000000084700000, 0x0000000084800000|  0%| F|  |TAMS 0x0000000084700000, 0x0000000084700000| Untracked 
|  72|0x0000000084800000, 0x0000000084800000, 0x0000000084900000|  0%| F|  |TAMS 0x0000000084800000, 0x0000000084800000| Untracked 
|  73|0x0000000084900000, 0x0000000084900000, 0x0000000084a00000|  0%| F|  |TAMS 0x0000000084900000, 0x0000000084900000| Untracked 
|  74|0x0000000084a00000, 0x0000000084a00000, 0x0000000084b00000|  0%| F|  |TAMS 0x0000000084a00000, 0x0000000084a00000| Untracked 
|  75|0x0000000084b00000, 0x0000000084b00000, 0x0000000084c00000|  0%| F|  |TAMS 0x0000000084b00000, 0x0000000084b00000| Untracked 
|  76|0x0000000084c00000, 0x0000000084c00000, 0x0000000084d00000|  0%| F|  |TAMS 0x0000000084c00000, 0x0000000084c00000| Untracked 
|  77|0x0000000084d00000, 0x0000000084d00000, 0x0000000084e00000|  0%| F|  |TAMS 0x0000000084d00000, 0x0000000084d00000| Untracked 
|  78|0x0000000084e00000, 0x0000000084e00000, 0x0000000084f00000|  0%| F|  |TAMS 0x0000000084e00000, 0x0000000084e00000| Untracked 
|  79|0x0000000084f00000, 0x0000000084f00000, 0x0000000085000000|  0%| F|  |TAMS 0x0000000084f00000, 0x0000000084f00000| Untracked 
|  80|0x0000000085000000, 0x0000000085000000, 0x0000000085100000|  0%| F|  |TAMS 0x0000000085000000, 0x0000000085000000| Untracked 
|  81|0x0000000085100000, 0x0000000085100000, 0x0000000085200000|  0%| F|  |TAMS 0x0000000085100000, 0x0000000085100000| Untracked 
|  82|0x0000000085200000, 0x0000000085200000, 0x0000000085300000|  0%| F|  |TAMS 0x0000000085200000, 0x0000000085200000| Untracked 
|  83|0x0000000085300000, 0x0000000085300000, 0x0000000085400000|  0%| F|  |TAMS 0x0000000085300000, 0x0000000085300000| Untracked 
|  84|0x0000000085400000, 0x0000000085400000, 0x0000000085500000|  0%| F|  |TAMS 0x0000000085400000, 0x0000000085400000| Untracked 
|  85|0x0000000085500000, 0x0000000085500000, 0x0000000085600000|  0%| F|  |TAMS 0x0000000085500000, 0x0000000085500000| Untracked 
|  86|0x0000000085600000, 0x0000000085600000, 0x0000000085700000|  0%| F|  |TAMS 0x0000000085600000, 0x0000000085600000| Untracked 
|  87|0x0000000085700000, 0x0000000085700000, 0x0000000085800000|  0%| F|  |TAMS 0x0000000085700000, 0x0000000085700000| Untracked 
|  88|0x0000000085800000, 0x0000000085800000, 0x0000000085900000|  0%| F|  |TAMS 0x0000000085800000, 0x0000000085800000| Untracked 
|  89|0x0000000085900000, 0x0000000085900000, 0x0000000085a00000|  0%| F|  |TAMS 0x0000000085900000, 0x0000000085900000| Untracked 
|  90|0x0000000085a00000, 0x0000000085a00000, 0x0000000085b00000|  0%| F|  |TAMS 0x0000000085a00000, 0x0000000085a00000| Untracked 
|  91|0x0000000085b00000, 0x0000000085b00000, 0x0000000085c00000|  0%| F|  |TAMS 0x0000000085b00000, 0x0000000085b00000| Untracked 
|  92|0x0000000085c00000, 0x0000000085c00000, 0x0000000085d00000|  0%| F|  |TAMS 0x0000000085c00000, 0x0000000085c00000| Untracked 
|  93|0x0000000085d00000, 0x0000000085d00000, 0x0000000085e00000|  0%| F|  |TAMS 0x0000000085d00000, 0x0000000085d00000| Untracked 
|  94|0x0000000085e00000, 0x0000000085e00000, 0x0000000085f00000|  0%| F|  |TAMS 0x0000000085e00000, 0x0000000085e00000| Untracked 
|  95|0x0000000085f00000, 0x0000000085f00000, 0x0000000086000000|  0%| F|  |TAMS 0x0000000085f00000, 0x0000000085f00000| Untracked 
|  96|0x0000000086000000, 0x0000000086000000, 0x0000000086100000|  0%| F|  |TAMS 0x0000000086000000, 0x0000000086000000| Untracked 
|  97|0x0000000086100000, 0x0000000086100000, 0x0000000086200000|  0%| F|  |TAMS 0x0000000086100000, 0x0000000086100000| Untracked 
|  98|0x0000000086200000, 0x0000000086200000, 0x0000000086300000|  0%| F|  |TAMS 0x0000000086200000, 0x0000000086200000| Untracked 
|  99|0x0000000086300000, 0x0000000086300000, 0x0000000086400000|  0%| F|  |TAMS 0x0000000086300000, 0x0000000086300000| Untracked 
| 100|0x0000000086400000, 0x0000000086400000, 0x0000000086500000|  0%| F|  |TAMS 0x0000000086400000, 0x0000000086400000| Untracked 
| 101|0x0000000086500000, 0x00000000865931a8, 0x0000000086600000| 57%| S|CS|TAMS 0x0000000086500000, 0x0000000086500000| Complete 
| 102|0x0000000086600000, 0x0000000086700000, 0x0000000086700000|100%| S|CS|TAMS 0x0000000086600000, 0x0000000086600000| Complete 
| 103|0x0000000086700000, 0x0000000086800000, 0x0000000086800000|100%| S|CS|TAMS 0x0000000086700000, 0x0000000086700000| Complete 
| 104|0x0000000086800000, 0x0000000086800000, 0x0000000086900000|  0%| F|  |TAMS 0x0000000086800000, 0x0000000086800000| Untracked 
| 105|0x0000000086900000, 0x0000000086900000, 0x0000000086a00000|  0%| F|  |TAMS 0x0000000086900000, 0x0000000086900000| Untracked 
| 106|0x0000000086a00000, 0x0000000086a00000, 0x0000000086b00000|  0%| F|  |TAMS 0x0000000086a00000, 0x0000000086a00000| Untracked 
| 107|0x0000000086b00000, 0x0000000086b00000, 0x0000000086c00000|  0%| F|  |TAMS 0x0000000086b00000, 0x0000000086b00000| Untracked 
| 108|0x0000000086c00000, 0x0000000086c00000, 0x0000000086d00000|  0%| F|  |TAMS 0x0000000086c00000, 0x0000000086c00000| Untracked 
| 109|0x0000000086d00000, 0x0000000086d00000, 0x0000000086e00000|  0%| F|  |TAMS 0x0000000086d00000, 0x0000000086d00000| Untracked 
| 110|0x0000000086e00000, 0x0000000086e00000, 0x0000000086f00000|  0%| F|  |TAMS 0x0000000086e00000, 0x0000000086e00000| Untracked 
| 111|0x0000000086f00000, 0x0000000086f00000, 0x0000000087000000|  0%| F|  |TAMS 0x0000000086f00000, 0x0000000086f00000| Untracked 
| 112|0x0000000087000000, 0x0000000087000000, 0x0000000087100000|  0%| F|  |TAMS 0x0000000087000000, 0x0000000087000000| Untracked 
| 113|0x0000000087100000, 0x0000000087200000, 0x0000000087200000|100%| E|  |TAMS 0x0000000087100000, 0x0000000087100000| Complete 
| 114|0x0000000087200000, 0x0000000087300000, 0x0000000087300000|100%| E|CS|TAMS 0x0000000087200000, 0x0000000087200000| Complete 
| 115|0x0000000087300000, 0x0000000087400000, 0x0000000087400000|100%| E|CS|TAMS 0x0000000087300000, 0x0000000087300000| Complete 
| 116|0x0000000087400000, 0x0000000087500000, 0x0000000087500000|100%| E|CS|TAMS 0x0000000087400000, 0x0000000087400000| Complete 
| 117|0x0000000087500000, 0x0000000087600000, 0x0000000087600000|100%| E|CS|TAMS 0x0000000087500000, 0x0000000087500000| Complete 
| 118|0x0000000087600000, 0x0000000087700000, 0x0000000087700000|100%| E|CS|TAMS 0x0000000087600000, 0x0000000087600000| Complete 
| 119|0x0000000087700000, 0x0000000087800000, 0x0000000087800000|100%| E|CS|TAMS 0x0000000087700000, 0x0000000087700000| Complete 
| 120|0x0000000087800000, 0x0000000087900000, 0x0000000087900000|100%| E|CS|TAMS 0x0000000087800000, 0x0000000087800000| Complete 
| 121|0x0000000087900000, 0x0000000087a00000, 0x0000000087a00000|100%| E|CS|TAMS 0x0000000087900000, 0x0000000087900000| Complete 
| 122|0x0000000087a00000, 0x0000000087b00000, 0x0000000087b00000|100%| E|CS|TAMS 0x0000000087a00000, 0x0000000087a00000| Complete 
| 123|0x0000000087b00000, 0x0000000087c00000, 0x0000000087c00000|100%| E|CS|TAMS 0x0000000087b00000, 0x0000000087b00000| Complete 
| 124|0x0000000087c00000, 0x0000000087d00000, 0x0000000087d00000|100%| E|CS|TAMS 0x0000000087c00000, 0x0000000087c00000| Complete 
| 125|0x0000000087d00000, 0x0000000087e00000, 0x0000000087e00000|100%| E|CS|TAMS 0x0000000087d00000, 0x0000000087d00000| Complete 
| 126|0x0000000087e00000, 0x0000000087f00000, 0x0000000087f00000|100%| E|CS|TAMS 0x0000000087e00000, 0x0000000087e00000| Complete 
| 127|0x0000000087f00000, 0x0000000088000000, 0x0000000088000000|100%| E|CS|TAMS 0x0000000087f00000, 0x0000000087f00000| Complete 
| 128|0x0000000088000000, 0x0000000088100000, 0x0000000088100000|100%| E|CS|TAMS 0x0000000088000000, 0x0000000088000000| Complete 
| 129|0x0000000088100000, 0x0000000088200000, 0x0000000088200000|100%| E|CS|TAMS 0x0000000088100000, 0x0000000088100000| Complete 
| 130|0x0000000088200000, 0x0000000088300000, 0x0000000088300000|100%| E|CS|TAMS 0x0000000088200000, 0x0000000088200000| Complete 
| 131|0x0000000088300000, 0x0000000088400000, 0x0000000088400000|100%| E|CS|TAMS 0x0000000088300000, 0x0000000088300000| Complete 
| 132|0x0000000088400000, 0x0000000088500000, 0x0000000088500000|100%| E|CS|TAMS 0x0000000088400000, 0x0000000088400000| Complete 
| 133|0x0000000088500000, 0x0000000088600000, 0x0000000088600000|100%| E|CS|TAMS 0x0000000088500000, 0x0000000088500000| Complete 
| 134|0x0000000088600000, 0x0000000088700000, 0x0000000088700000|100%| E|CS|TAMS 0x0000000088600000, 0x0000000088600000| Complete 
| 135|0x0000000088700000, 0x0000000088800000, 0x0000000088800000|100%| E|CS|TAMS 0x0000000088700000, 0x0000000088700000| Complete 
| 136|0x0000000088800000, 0x0000000088900000, 0x0000000088900000|100%| E|CS|TAMS 0x0000000088800000, 0x0000000088800000| Complete 
|2044|0x00000000ffc00000, 0x00000000ffd00000, 0x00000000ffd00000|100%| O|  |TAMS 0x00000000ffd00000, 0x00000000ffc00000| Untracked 
|2045|0x00000000ffd00000, 0x00000000ffe00000, 0x00000000ffe00000|100%| O|  |TAMS 0x00000000ffe00000, 0x00000000ffd00000| Untracked 
|2046|0x00000000ffe00000, 0x00000000fff00000, 0x00000000fff00000|100%| O|  |TAMS 0x00000000fff00000, 0x00000000ffe00000| Untracked 
|2047|0x00000000fff00000, 0x0000000100000000, 0x0000000100000000|100%| O|  |TAMS 0x0000000100000000, 0x00000000fff00000| Untracked 

Card table byte_map: [0x0000020051870000,0x0000020051c70000] _byte_map_base: 0x0000020051470000

Marking Bits (Prev, Next): (CMBitMap*) 0x000002003ab91950, (CMBitMap*) 0x000002003ab91910
 Prev Bits: [0x0000020054070000, 0x0000020056070000)
 Next Bits: [0x0000020052070000, 0x0000020054070000)

Polling page: 0x0000020038ad0000

Metaspace:

Usage:
  Non-class:     25.74 MB used.
      Class:      2.99 MB used.
       Both:     28.72 MB used.

Virtual space:
  Non-class space:       64.00 MB reserved,      26.00 MB ( 41%) committed,  1 nodes.
      Class space:        1.00 GB reserved,       3.19 MB ( <1%) committed,  1 nodes.
             Both:        1.06 GB reserved,      29.19 MB (  3%) committed. 

Chunk freelists:
   Non-Class:  1.86 MB
       Class:  842.00 KB
        Both:  2.68 MB

MaxMetaspaceSize: unlimited
CompressedClassSpaceSize: 1.00 GB
Initial GC threshold: 21.00 MB
Current GC threshold: 45.62 MB
CDS: on
MetaspaceReclaimPolicy: balanced
 - commit_granule_bytes: 65536.
 - commit_granule_words: 8192.
 - virtual_space_node_default_size: 8388608.
 - enlarge_chunks_in_place: 1.
 - new_chunks_are_fully_committed: 0.
 - uncommit_free_chunks: 1.
 - use_allocation_guard: 0.


Internal statistics:

num_allocs_failed_limit: 3.
num_arena_births: 416.
num_arena_deaths: 0.
num_vsnodes_births: 2.
num_vsnodes_deaths: 0.
num_space_committed: 467.
num_space_uncommitted: 0.
num_chunks_returned_to_freelist: 3.
num_chunks_taken_from_freelist: 1414.
num_chunk_merges: 3.
num_chunk_splits: 1025.
num_chunks_enlarged: 801.
num_inconsistent_stats: 0.

CodeHeap 'non-profiled nmethods': size=120000Kb used=4657Kb max_used=4935Kb free=115342Kb
 bounds [0x0000020049f40000, 0x000002004a420000, 0x0000020051470000]
CodeHeap 'profiled nmethods': size=120000Kb used=16834Kb max_used=18083Kb free=103165Kb
 bounds [0x0000020042a10000, 0x0000020043bc0000, 0x0000020049f40000]
CodeHeap 'non-nmethods': size=5760Kb used=1239Kb max_used=1330Kb free=4520Kb
 bounds [0x0000020042470000, 0x00000200426e0000, 0x0000020042a10000]
 total_blobs=7997 nmethods=7462 adapters=447
 compilation: enabled
              stopped_count=0, restarted_count=0
 full_count=0

Compilation events (20 events):
Event: 18.299 Thread 0x00000200584f5b00 nmethod 8642 0x0000020043bb6790 code [0x0000020043bb69a0, 0x0000020043bb71a8]
Event: 20.906 Thread 0x00000200584f5b00 8643       3       java.util.concurrent.ThreadPoolExecutor::workerCountOf (5 bytes)
Event: 20.906 Thread 0x00000200584f5b00 nmethod 8643 0x0000020042f30190 code [0x0000020042f30320, 0x0000020042f30418]
Event: 21.109 Thread 0x00000200584f5b00 8644       3       jdk.internal.misc.Unsafe::putReferenceOpaque (9 bytes)
Event: 21.109 Thread 0x00000200584f5b00 nmethod 8644 0x0000020043bb7410 code [0x0000020043bb75a0, 0x0000020043bb76f8]
Event: 21.702 Thread 0x00000200584f5b00 8645       3       java.util.concurrent.locks.AbstractQueuedSynchronizer$ConditionObject::canReacquire (28 bytes)
Event: 21.702 Thread 0x00000200584f5b00 nmethod 8645 0x0000020043bb7790 code [0x0000020043bb7940, 0x0000020043bb7c98]
Event: 21.997 Thread 0x00000200584f5b00 8646       3       java.util.concurrent.locks.LockSupport::setBlocker (12 bytes)
Event: 21.998 Thread 0x00000200584f5b00 nmethod 8646 0x0000020043bb7e10 code [0x0000020043bb7fc0, 0x0000020043bb81c8]
Event: 22.308 Thread 0x00000200584f5b00 8647       1       java.util.concurrent.ThreadPoolExecutor::getQueue (5 bytes)
Event: 22.308 Thread 0x00000200584f5b00 nmethod 8647 0x000002004a1d0310 code [0x000002004a1d04a0, 0x000002004a1d0578]
Event: 22.398 Thread 0x00000200584f5b00 8648       3       java.util.concurrent.locks.ReentrantLock::lockInterruptibly (8 bytes)
Event: 22.398 Thread 0x00000200584f0bc0 8650       4       java.net.URLStreamHandler::setURL (73 bytes)
Event: 22.398 Thread 0x00000200584f5b00 nmethod 8648 0x0000020043bb8290 code [0x0000020043bb8480, 0x0000020043bb8938]
Event: 22.398 Thread 0x00000200584f5b00 8649       3       java.util.concurrent.locks.ReentrantLock$Sync::lockInterruptibly (27 bytes)
Event: 22.399 Thread 0x00000200584f5b00 nmethod 8649 0x0000020043bb8b10 code [0x0000020043bb8d00, 0x0000020043bb9158]
Event: 22.399 Thread 0x00000200584f5b00 8651       3       java.util.concurrent.locks.AbstractQueuedSynchronizer$ConditionObject::signal (34 bytes)
Event: 22.399 Thread 0x00000200584f5b00 nmethod 8651 0x0000020043bb9310 code [0x0000020043bb94e0, 0x0000020043bb9828]
Event: 22.403 Thread 0x00000200584f5b00 8652       3       java.util.concurrent.ScheduledThreadPoolExecutor$DelayedWorkQueue::setIndex (16 bytes)
Event: 22.403 Thread 0x00000200584f5b00 nmethod 8652 0x0000020042a5e390 code [0x0000020042a5e540, 0x0000020042a5e858]

GC Heap History (20 events):
Event: 4.266 GC heap before
{Heap before GC invocations=9 (full 0):
 garbage-first heap   total 59392K, used 44286K [0x0000000080000000, 0x0000000100000000)
  region size 1024K, 18 young (18432K), 3 survivors (3072K)
 Metaspace       used 24033K, committed 24384K, reserved 1114112K
  class space    used 2601K, committed 2752K, reserved 1048576K
}
Event: 4.269 GC heap after
{Heap after GC invocations=10 (full 0):
 garbage-first heap   total 59392K, used 34271K [0x0000000080000000, 0x0000000100000000)
  region size 1024K, 3 young (3072K), 3 survivors (3072K)
 Metaspace       used 24033K, committed 24384K, reserved 1114112K
  class space    used 2601K, committed 2752K, reserved 1048576K
}
Event: 4.316 GC heap before
{Heap before GC invocations=10 (full 0):
 garbage-first heap   total 59392K, used 44511K [0x0000000080000000, 0x0000000100000000)
  region size 1024K, 13 young (13312K), 3 survivors (3072K)
 Metaspace       used 24270K, committed 24640K, reserved 1114112K
  class space    used 2621K, committed 2752K, reserved 1048576K
}
Event: 4.320 GC heap after
{Heap after GC invocations=11 (full 0):
 garbage-first heap   total 99328K, used 36554K [0x0000000080000000, 0x0000000100000000)
  region size 1024K, 2 young (2048K), 2 survivors (2048K)
 Metaspace       used 24270K, committed 24640K, reserved 1114112K
  class space    used 2621K, committed 2752K, reserved 1048576K
}
Event: 4.808 GC heap before
{Heap before GC invocations=12 (full 0):
 garbage-first heap   total 99328K, used 66250K [0x0000000080000000, 0x0000000100000000)
  region size 1024K, 30 young (30720K), 2 survivors (2048K)
 Metaspace       used 26058K, committed 26432K, reserved 1114112K
  class space    used 2794K, committed 2944K, reserved 1048576K
}
Event: 4.817 GC heap after
{Heap after GC invocations=13 (full 0):
 garbage-first heap   total 99328K, used 42233K [0x0000000080000000, 0x0000000100000000)
  region size 1024K, 4 young (4096K), 4 survivors (4096K)
 Metaspace       used 26058K, committed 26432K, reserved 1114112K
  class space    used 2794K, committed 2944K, reserved 1048576K
}
Event: 5.489 GC heap before
{Heap before GC invocations=13 (full 0):
 garbage-first heap   total 99328K, used 70905K [0x0000000080000000, 0x0000000100000000)
  region size 1024K, 30 young (30720K), 4 survivors (4096K)
 Metaspace       used 27156K, committed 27520K, reserved 1114112K
  class space    used 2867K, committed 3008K, reserved 1048576K
}
Event: 5.497 GC heap after
{Heap after GC invocations=14 (full 0):
 garbage-first heap   total 99328K, used 45153K [0x0000000080000000, 0x0000000100000000)
  region size 1024K, 2 young (2048K), 2 survivors (2048K)
 Metaspace       used 27156K, committed 27520K, reserved 1114112K
  class space    used 2867K, committed 3008K, reserved 1048576K
}
Event: 7.178 GC heap before
{Heap before GC invocations=14 (full 0):
 garbage-first heap   total 99328K, used 70753K [0x0000000080000000, 0x0000000100000000)
  region size 1024K, 28 young (28672K), 2 survivors (2048K)
 Metaspace       used 27607K, committed 28032K, reserved 1114112K
  class space    used 2902K, committed 3072K, reserved 1048576K
}
Event: 7.182 GC heap after
{Heap after GC invocations=15 (full 0):
 garbage-first heap   total 99328K, used 45671K [0x0000000080000000, 0x0000000100000000)
  region size 1024K, 4 young (4096K), 4 survivors (4096K)
 Metaspace       used 27607K, committed 28032K, reserved 1114112K
  class space    used 2902K, committed 3072K, reserved 1048576K
}
Event: 7.964 GC heap before
{Heap before GC invocations=15 (full 0):
 garbage-first heap   total 99328K, used 74343K [0x0000000080000000, 0x0000000100000000)
  region size 1024K, 31 young (31744K), 4 survivors (4096K)
 Metaspace       used 27664K, committed 28032K, reserved 1114112K
  class space    used 2902K, committed 3072K, reserved 1048576K
}
Event: 7.972 GC heap after
{Heap after GC invocations=16 (full 0):
 garbage-first heap   total 99328K, used 56976K [0x0000000080000000, 0x0000000100000000)
  region size 1024K, 4 young (4096K), 4 survivors (4096K)
 Metaspace       used 27664K, committed 28032K, reserved 1114112K
  class space    used 2902K, committed 3072K, reserved 1048576K
}
Event: 7.987 GC heap before
{Heap before GC invocations=16 (full 0):
 garbage-first heap   total 99328K, used 58000K [0x0000000080000000, 0x0000000100000000)
  region size 1024K, 6 young (6144K), 4 survivors (4096K)
 Metaspace       used 27664K, committed 28032K, reserved 1114112K
  class space    used 2902K, committed 3072K, reserved 1048576K
}
Event: 7.990 GC heap after
{Heap after GC invocations=17 (full 0):
 garbage-first heap   total 99328K, used 57777K [0x0000000080000000, 0x0000000100000000)
  region size 1024K, 1 young (1024K), 1 survivors (1024K)
 Metaspace       used 27664K, committed 28032K, reserved 1114112K
  class space    used 2902K, committed 3072K, reserved 1048576K
}
Event: 8.131 GC heap before
{Heap before GC invocations=18 (full 0):
 garbage-first heap   total 117760K, used 77233K [0x0000000080000000, 0x0000000100000000)
  region size 1024K, 19 young (19456K), 1 survivors (1024K)
 Metaspace       used 27689K, committed 28096K, reserved 1114112K
  class space    used 2902K, committed 3072K, reserved 1048576K
}
Event: 8.136 GC heap after
{Heap after GC invocations=19 (full 0):
 garbage-first heap   total 117760K, used 63800K [0x0000000080000000, 0x0000000100000000)
  region size 1024K, 3 young (3072K), 3 survivors (3072K)
 Metaspace       used 27689K, committed 28096K, reserved 1114112K
  class space    used 2902K, committed 3072K, reserved 1048576K
}
Event: 8.147 GC heap before
{Heap before GC invocations=19 (full 0):
 garbage-first heap   total 117760K, used 65848K [0x0000000080000000, 0x0000000100000000)
  region size 1024K, 5 young (5120K), 3 survivors (3072K)
 Metaspace       used 27701K, committed 28096K, reserved 1114112K
  class space    used 2902K, committed 3072K, reserved 1048576K
}
Event: 8.151 GC heap after
{Heap after GC invocations=20 (full 0):
 garbage-first heap   total 144384K, used 63709K [0x0000000080000000, 0x0000000100000000)
  region size 1024K, 1 young (1024K), 1 survivors (1024K)
 Metaspace       used 27701K, committed 28096K, reserved 1114112K
  class space    used 2902K, committed 3072K, reserved 1048576K
}
Event: 9.556 GC heap before
{Heap before GC invocations=20 (full 0):
 garbage-first heap   total 144384K, used 95453K [0x0000000080000000, 0x0000000100000000)
  region size 1024K, 33 young (33792K), 1 survivors (1024K)
 Metaspace       used 28447K, committed 28864K, reserved 1114112K
  class space    used 2960K, committed 3136K, reserved 1048576K
}
Event: 9.560 GC heap after
{Heap after GC invocations=21 (full 0):
 garbage-first heap   total 144384K, used 64746K [0x0000000080000000, 0x0000000100000000)
  region size 1024K, 3 young (3072K), 3 survivors (3072K)
 Metaspace       used 28447K, committed 28864K, reserved 1114112K
  class space    used 2960K, committed 3136K, reserved 1048576K
}

Deoptimization events (20 events):
Event: 10.114 Thread 0x000002003ab328e0 Uncommon trap: trap_request=0xffffffde fr.pc=0x000002004a081d74 relative=0x0000000000000074
Event: 10.114 Thread 0x000002003ab328e0 Uncommon trap: reason=class_check action=maybe_recompile pc=0x000002004a081d74 method=java.util.Collections$UnmodifiableMap$UnmodifiableEntrySet$UnmodifiableEntry.getValue()Ljava/lang/Object; @ 4 c2
Event: 10.114 Thread 0x000002003ab328e0 DEOPT PACKING pc=0x000002004a081d74 sp=0x00000056704fe060
Event: 10.114 Thread 0x000002003ab328e0 DEOPT UNPACKING pc=0x00000200424c23a3 sp=0x00000056704fdff0 mode 2
Event: 20.006 Thread 0x000002005de953f0 Uncommon trap: trap_request=0xffffffc6 fr.pc=0x000002004a4036b4 relative=0x0000000000000274
Event: 20.006 Thread 0x000002005de953f0 Uncommon trap: reason=bimorphic_or_optimized_type_check action=maybe_recompile pc=0x000002004a4036b4 method=java.util.concurrent.locks.AbstractQueuedSynchronizer.releaseShared(I)Z @ 2 c2
Event: 20.006 Thread 0x000002005de953f0 DEOPT PACKING pc=0x000002004a4036b4 sp=0x00000056723fed80
Event: 20.006 Thread 0x000002005de953f0 DEOPT UNPACKING pc=0x00000200424c23a3 sp=0x00000056723fed48 mode 2
Event: 22.398 Thread 0x000002005de975a0 Uncommon trap: trap_request=0xffffff45 fr.pc=0x000002004a40e6a8 relative=0x0000000000001568
Event: 22.398 Thread 0x000002005de975a0 Uncommon trap: reason=unstable_if action=reinterpret pc=0x000002004a40e6a8 method=java.io.BufferedReader.readLine(Z[Z)Ljava/lang/String; @ 48 c2
Event: 22.398 Thread 0x000002005de975a0 DEOPT PACKING pc=0x000002004a40e6a8 sp=0x00000056726ff5c0
Event: 22.398 Thread 0x000002005de975a0 DEOPT UNPACKING pc=0x00000200424c23a3 sp=0x00000056726ff568 mode 2
Event: 22.399 Thread 0x000002005de96730 Uncommon trap: trap_request=0xffffff45 fr.pc=0x000002004a3d3e38 relative=0x0000000000000038
Event: 22.399 Thread 0x000002005de96730 Uncommon trap: reason=unstable_if action=reinterpret pc=0x000002004a3d3e38 method=java.util.Formatter$Conversion.isValid(C)Z @ 1 c2
Event: 22.399 Thread 0x000002005de96730 DEOPT PACKING pc=0x000002004a3d3e38 sp=0x00000056724fefa0
Event: 22.399 Thread 0x000002005de96730 DEOPT UNPACKING pc=0x00000200424c23a3 sp=0x00000056724fef28 mode 2
Event: 22.399 Thread 0x000002005de96730 Uncommon trap: trap_request=0xffffff45 fr.pc=0x000002004a3d6658 relative=0x0000000000000578
Event: 22.399 Thread 0x000002005de96730 Uncommon trap: reason=unstable_if action=reinterpret pc=0x000002004a3d6658 method=java.util.Formatter$FormatSpecifier.print(Ljava/lang/Object;Ljava/util/Locale;)V @ 18 c2
Event: 22.399 Thread 0x000002005de96730 DEOPT PACKING pc=0x000002004a3d6658 sp=0x00000056724ff090
Event: 22.399 Thread 0x000002005de96730 DEOPT UNPACKING pc=0x00000200424c23a3 sp=0x00000056724ff078 mode 2

Classes loaded (20 events):
Event: 10.150 Loading class java/lang/ProcessHandle done
Event: 10.150 Loading class java/lang/ProcessHandleImpl done
Event: 10.151 Loading class java/util/concurrent/SynchronousQueue
Event: 10.152 Loading class java/util/concurrent/SynchronousQueue done
Event: 10.152 Loading class java/util/concurrent/SynchronousQueue$TransferStack
Event: 10.152 Loading class java/util/concurrent/SynchronousQueue$Transferer
Event: 10.152 Loading class java/util/concurrent/SynchronousQueue$Transferer done
Event: 10.152 Loading class java/util/concurrent/SynchronousQueue$TransferStack done
Event: 10.152 Loading class java/util/concurrent/SynchronousQueue$TransferStack$SNode
Event: 10.152 Loading class java/util/concurrent/SynchronousQueue$TransferStack$SNode done
Event: 10.152 Loading class java/lang/ProcessImpl$2
Event: 10.152 Loading class java/lang/ProcessImpl$2 done
Event: 10.152 Loading class java/lang/Process$PipeInputStream
Event: 10.152 Loading class java/lang/Process$PipeInputStream done
Event: 10.153 Loading class jdk/internal/event/ProcessStartEvent
Event: 10.394 Loading class jdk/internal/event/Event
Event: 10.394 Loading class jdk/internal/event/Event done
Event: 10.394 Loading class jdk/internal/event/ProcessStartEvent done
Event: 16.184 Loading class java/io/SequenceInputStream
Event: 16.653 Loading class java/io/SequenceInputStream done

Classes unloaded (0 events):
No events

Classes redefined (0 events):
No events

Internal exceptions (20 events):
Event: 8.292 Thread 0x000002003ab328e0 Exception <a 'sun/nio/fs/WindowsException'{0x00000000880c0cb0}> (0x00000000880c0cb0) 
thrown [s\open\src\hotspot\share\prims\jni.cpp, line 516]
Event: 8.292 Thread 0x000002003ab328e0 Exception <a 'sun/nio/fs/WindowsException'{0x00000000880d7fe8}> (0x00000000880d7fe8) 
thrown [s\open\src\hotspot\share\prims\jni.cpp, line 516]
Event: 8.292 Thread 0x000002003ab328e0 Exception <a 'sun/nio/fs/WindowsException'{0x00000000880d8248}> (0x00000000880d8248) 
thrown [s\open\src\hotspot\share\prims\jni.cpp, line 516]
Event: 8.293 Thread 0x000002003ab328e0 Exception <a 'sun/nio/fs/WindowsException'{0x0000000087f0ac08}> (0x0000000087f0ac08) 
thrown [s\open\src\hotspot\share\prims\jni.cpp, line 516]
Event: 8.293 Thread 0x000002003ab328e0 Exception <a 'sun/nio/fs/WindowsException'{0x0000000087f0aea8}> (0x0000000087f0aea8) 
thrown [s\open\src\hotspot\share\prims\jni.cpp, line 516]
Event: 8.293 Thread 0x000002003ab328e0 Exception <a 'sun/nio/fs/WindowsException'{0x0000000087f0c888}> (0x0000000087f0c888) 
thrown [s\open\src\hotspot\share\prims\jni.cpp, line 516]
Event: 8.293 Thread 0x000002003ab328e0 Exception <a 'sun/nio/fs/WindowsException'{0x0000000087f0cbf8}> (0x0000000087f0cbf8) 
thrown [s\open\src\hotspot\share\prims\jni.cpp, line 516]
Event: 8.296 Thread 0x000002003ab328e0 Exception <a 'sun/nio/fs/WindowsException'{0x0000000087f6c6f8}> (0x0000000087f6c6f8) 
thrown [s\open\src\hotspot\share\prims\jni.cpp, line 516]
Event: 8.326 Thread 0x000002003ab328e0 Exception <a 'sun/nio/fs/WindowsException'{0x0000000087e19d30}> (0x0000000087e19d30) 
thrown [s\open\src\hotspot\share\prims\jni.cpp, line 516]
Event: 8.348 Thread 0x000002003ab328e0 Exception <a 'sun/nio/fs/WindowsException'{0x0000000087e75c08}> (0x0000000087e75c08) 
thrown [s\open\src\hotspot\share\prims\jni.cpp, line 516]
Event: 8.353 Thread 0x000002003ab328e0 Exception <a 'sun/nio/fs/WindowsException'{0x0000000087ee7210}> (0x0000000087ee7210) 
thrown [s\open\src\hotspot\share\prims\jni.cpp, line 516]
Event: 8.363 Thread 0x000002003ab328e0 Exception <a 'sun/nio/fs/WindowsException'{0x0000000087ce9fc8}> (0x0000000087ce9fc8) 
thrown [s\open\src\hotspot\share\prims\jni.cpp, line 516]
Event: 8.367 Thread 0x000002003ab328e0 Exception <a 'sun/nio/fs/WindowsException'{0x0000000087b32d20}> (0x0000000087b32d20) 
thrown [s\open\src\hotspot\share\prims\jni.cpp, line 516]
Event: 8.371 Thread 0x000002003ab328e0 Exception <a 'sun/nio/fs/WindowsException'{0x0000000087b50028}> (0x0000000087b50028) 
thrown [s\open\src\hotspot\share\prims\jni.cpp, line 516]
Event: 9.064 Thread 0x000002003ab328e0 Exception <a 'java/lang/NoSuchMethodError'{0x0000000086b15d10}: 'java.lang.String org.apache.maven.execution.MavenExecutionRequest.getFailureBehavior()'> (0x0000000086b15d10) 
thrown [s\open\src\hotspot\share\interpreter\linkResolver.cpp, line 862]
Event: 10.149 Thread 0x000002003ab328e0 Exception <a 'java/lang/NoSuchMethodError'{0x0000000087207cd8}: 'void java.lang.invoke.DirectMethodHandle$Holder.invokeStatic(java.lang.Object, long)'> (0x0000000087207cd8) 
thrown [s\open\src\hotspot\share\interpreter\linkResolver.cpp, line 766]
Event: 10.149 Thread 0x000002003ab328e0 Exception <a 'java/lang/NoSuchMethodError'{0x000000008720d230}: 'java.lang.Object java.lang.invoke.DirectMethodHandle$Holder.newInvokeSpecial(java.lang.Object, long)'> (0x000000008720d230) 
thrown [s\open\src\hotspot\share\interpreter\linkResolver.cpp, line 766]
Event: 10.151 Thread 0x000002003ab328e0 Exception <a 'java/lang/NoSuchMethodError'{0x0000000087217f10}: 'java.lang.Object java.lang.invoke.DirectMethodHandle$Holder.invokeStaticInit(java.lang.Object, java.lang.Object, long, java.lang.Object)'> (0x0000000087217f10) 
thrown [s\open\src\hotspot\share\interpreter\linkResolver.cpp, line 766]
Event: 10.151 Thread 0x000002003ab328e0 Exception <a 'java/lang/NoSuchMethodError'{0x000000008721e558}: 'java.lang.Object java.lang.invoke.DirectMethodHandle$Holder.newInvokeSpecial(java.lang.Object, java.lang.Object, long)'> (0x000000008721e558) 
thrown [s\open\src\hotspot\share\interpreter\linkResolver.cpp, line 766]
Event: 10.151 Thread 0x000002003ab328e0 Exception <a 'java/lang/NoSuchMethodError'{0x00000000872220d0}: 'java.lang.Object java.lang.invoke.Invokers$Holder.linkToTargetMethod(java.lang.Object, long, java.lang.Object)'> (0x00000000872220d0) 
thrown [s\open\src\hotspot\share\interpreter\linkResolver.cpp, line 766]

VM Operations (20 events):
Event: 8.386 Executing VM operation: ICBufferFull
Event: 8.386 Executing VM operation: ICBufferFull done
Event: 9.403 Executing VM operation: Cleanup
Event: 9.403 Executing VM operation: Cleanup done
Event: 9.556 Executing VM operation: G1CollectForAllocation
Event: 9.560 Executing VM operation: G1CollectForAllocation done
Event: 9.997 Executing VM operation: HandshakeAllThreads
Event: 9.997 Executing VM operation: HandshakeAllThreads done
Event: 10.002 Executing VM operation: HandshakeAllThreads
Event: 10.019 Executing VM operation: HandshakeAllThreads done
Event: 10.153 Executing VM operation: HandshakeAllThreads
Event: 10.153 Executing VM operation: HandshakeAllThreads done
Event: 11.156 Executing VM operation: Cleanup
Event: 11.156 Executing VM operation: Cleanup done
Event: 16.664 Executing VM operation: HandshakeAllThreads
Event: 16.664 Executing VM operation: HandshakeAllThreads done
Event: 17.676 Executing VM operation: Cleanup
Event: 17.676 Executing VM operation: Cleanup done
Event: 22.398 Executing VM operation: HandshakeAllThreads
Event: 22.398 Executing VM operation: HandshakeAllThreads done

Events (20 events):
Event: 22.404 Thread 0x00000200584f6530 flushing nmethod 0x00000200433edb90
Event: 22.404 Thread 0x00000200584f6530 flushing nmethod 0x00000200433f2290
Event: 22.404 Thread 0x00000200584f6530 flushing nmethod 0x00000200433f2b90
Event: 22.404 Thread 0x00000200584f6530 flushing nmethod 0x00000200433f2f10
Event: 22.404 Thread 0x00000200584f6530 flushing nmethod 0x00000200433f6190
Event: 22.404 Thread 0x00000200584f6530 flushing nmethod 0x00000200433f9310
Event: 22.404 Thread 0x00000200584f6530 flushing nmethod 0x00000200433f9c10
Event: 22.404 Thread 0x00000200584f6530 flushing nmethod 0x00000200433fc610
Event: 22.404 Thread 0x00000200584f6530 flushing nmethod 0x0000020043401c10
Event: 22.404 Thread 0x00000200584f6530 flushing nmethod 0x0000020043402010
Event: 22.404 Thread 0x00000200584f6530 flushing nmethod 0x0000020043412a90
Event: 22.404 Thread 0x00000200584f6530 flushing nmethod 0x0000020043414190
Event: 22.404 Thread 0x00000200584f6530 flushing nmethod 0x000002004342d390
Event: 22.404 Thread 0x00000200584f6530 flushing nmethod 0x000002004342e990
Event: 22.404 Thread 0x00000200584f6530 flushing nmethod 0x000002004345c690
Event: 22.404 Thread 0x00000200584f6530 flushing nmethod 0x0000020043474110
Event: 22.404 Thread 0x00000200584f6530 flushing nmethod 0x0000020043478490
Event: 22.404 Thread 0x00000200584f6530 flushing nmethod 0x000002004347a110
Event: 22.404 Thread 0x00000200584f6530 flushing nmethod 0x000002004347af90
Event: 22.404 Thread 0x00000200584f6530 flushing nmethod 0x00000200434a4810


Dynamic libraries:
0x00007ff6c1e20000 - 0x00007ff6c1e2e000 	C:\Users\user\.jdks\openjdk-18.0.1-1\bin\java.exe
0x00007ffcdd010000 - 0x00007ffcdd208000 	C:\Windows\SYSTEM32\ntdll.dll
0x00007ffcdcc00000 - 0x00007ffcdccbf000 	C:\Windows\System32\KERNEL32.DLL
0x00007ffcda990000 - 0x00007ffcdac62000 	C:\Windows\System32\KERNELBASE.dll
0x00007ffcda750000 - 0x00007ffcda850000 	C:\Windows\System32\ucrtbase.dll
0x00007ffcba9d0000 - 0x00007ffcba9e7000 	C:\Users\user\.jdks\openjdk-18.0.1-1\bin\jli.dll
0x00007ffca76a0000 - 0x00007ffca76ba000 	C:\Users\user\.jdks\openjdk-18.0.1-1\bin\VCRUNTIME140.dll
0x00007ffcdc880000 - 0x00007ffcdca21000 	C:\Windows\System32\USER32.dll
0x00007ffcbb130000 - 0x00007ffcbb3ca000 	C:\Windows\WinSxS\amd64_microsoft.windows.common-controls_6595b64144ccf1df_6.0.19041.1110_none_60b5254171f9507e\COMCTL32.dll
0x00007ffcdae70000 - 0x00007ffcdae92000 	C:\Windows\System32\win32u.dll
0x00007ffcdc850000 - 0x00007ffcdc87b000 	C:\Windows\System32\GDI32.dll
0x00007ffcdb870000 - 0x00007ffcdb90e000 	C:\Windows\System32\msvcrt.dll
0x00007ffcdaea0000 - 0x00007ffcdafaf000 	C:\Windows\System32\gdi32full.dll
0x00007ffcdafb0000 - 0x00007ffcdb04d000 	C:\Windows\System32\msvcp_win.dll
0x00007ffcdb0b0000 - 0x00007ffcdb0e2000 	C:\Windows\System32\IMM32.DLL
0x00007ffcb5750000 - 0x00007ffcb575c000 	C:\Users\user\.jdks\openjdk-18.0.1-1\bin\vcruntime140_1.dll
0x00007ffc8eb60000 - 0x00007ffc8ebed000 	C:\Users\user\.jdks\openjdk-18.0.1-1\bin\msvcp140.dll
0x00007ffc8df50000 - 0x00007ffc8eb60000 	C:\Users\user\.jdks\openjdk-18.0.1-1\bin\server\jvm.dll
0x00007ffcdb910000 - 0x00007ffcdb9be000 	C:\Windows\System32\ADVAPI32.dll
0x00007ffcdcf30000 - 0x00007ffcdcfcc000 	C:\Windows\System32\sechost.dll
0x00007ffcdb9c0000 - 0x00007ffcdbae5000 	C:\Windows\System32\RPCRT4.dll
0x00007ffcdb3d0000 - 0x00007ffcdb3d8000 	C:\Windows\System32\PSAPI.DLL
0x00007ffcaadf0000 - 0x00007ffcaadf9000 	C:\Windows\SYSTEM32\WSOCK32.dll
0x00007ffcbdff0000 - 0x00007ffcbe017000 	C:\Windows\SYSTEM32\WINMM.dll
0x00007ffcd21c0000 - 0x00007ffcd21ca000 	C:\Windows\SYSTEM32\VERSION.dll
0x00007ffcdc3d0000 - 0x00007ffcdc43b000 	C:\Windows\System32\WS2_32.dll
0x00007ffcd85e0000 - 0x00007ffcd85f2000 	C:\Windows\SYSTEM32\kernel.appcore.dll
0x00007ffcaa740000 - 0x00007ffcaa74a000 	C:\Users\user\.jdks\openjdk-18.0.1-1\bin\jimage.dll
0x00007ffcc9c70000 - 0x00007ffcc9e54000 	C:\Windows\SYSTEM32\DBGHELP.DLL
0x00007ffcd06e0000 - 0x00007ffcd0715000 	C:\Windows\SYSTEM32\dbgcore.DLL
0x00007ffcda850000 - 0x00007ffcda8d2000 	C:\Windows\System32\bcryptPrimitives.dll
0x00007ffcc6c20000 - 0x00007ffcc6c2e000 	C:\Users\user\.jdks\openjdk-18.0.1-1\bin\instrument.dll
0x00007ffc8dcf0000 - 0x00007ffc8dd15000 	C:\Users\user\.jdks\openjdk-18.0.1-1\bin\java.dll
0x00007ffc8de70000 - 0x00007ffc8df46000 	C:\Users\user\.jdks\openjdk-18.0.1-1\bin\jsvml.dll
0x00007ffcdbb60000 - 0x00007ffcdc2a5000 	C:\Windows\System32\SHELL32.dll
0x00007ffcd87e0000 - 0x00007ffcd8f72000 	C:\Windows\SYSTEM32\windows.storage.dll
0x00007ffcdc4f0000 - 0x00007ffcdc845000 	C:\Windows\System32\combase.dll
0x00007ffcda080000 - 0x00007ffcda0b0000 	C:\Windows\SYSTEM32\Wldp.dll
0x00007ffcdc440000 - 0x00007ffcdc4ed000 	C:\Windows\System32\SHCORE.dll
0x00007ffcdb050000 - 0x00007ffcdb0a5000 	C:\Windows\System32\shlwapi.dll
0x00007ffcda640000 - 0x00007ffcda65f000 	C:\Windows\SYSTEM32\profapi.dll
0x00007ffc8dcd0000 - 0x00007ffc8dce8000 	C:\Users\user\.jdks\openjdk-18.0.1-1\bin\zip.dll
0x00007ffc8de00000 - 0x00007ffc8de13000 	C:\Users\user\.jdks\openjdk-18.0.1-1\bin\net.dll
0x00007ffcd2390000 - 0x00007ffcd249c000 	C:\Windows\SYSTEM32\WINHTTP.dll
0x00007ffcd9de0000 - 0x00007ffcd9e4a000 	C:\Windows\system32\mswsock.dll
0x00007ffc8dde0000 - 0x00007ffc8ddf6000 	C:\Users\user\.jdks\openjdk-18.0.1-1\bin\nio.dll
0x00007ffcc6b90000 - 0x00007ffcc6baa000 	C:\Program Files\JetBrains\IntelliJ IDEA Community Edition 2022.1\bin\breakgen64.dll
0x00007ffcbf670000 - 0x00007ffcbf680000 	C:\Users\user\.jdks\openjdk-18.0.1-1\bin\verify.dll
0x00007ffcd9fe0000 - 0x00007ffcd9ff8000 	C:\Windows\SYSTEM32\CRYPTSP.dll
0x00007ffcd9700000 - 0x00007ffcd9734000 	C:\Windows\system32\rsaenh.dll
0x00007ffcdae40000 - 0x00007ffcdae67000 	C:\Windows\System32\bcrypt.dll
0x00007ffcda600000 - 0x00007ffcda62e000 	C:\Windows\SYSTEM32\USERENV.dll
0x00007ffcd9fd0000 - 0x00007ffcd9fdc000 	C:\Windows\SYSTEM32\CRYPTBASE.dll
0x00007ffcd9ad0000 - 0x00007ffcd9b0b000 	C:\Windows\SYSTEM32\IPHLPAPI.DLL
0x00007ffcdcf20000 - 0x00007ffcdcf28000 	C:\Windows\System32\NSI.dll
0x00007ffcd30c0000 - 0x00007ffcd30d7000 	C:\Windows\SYSTEM32\dhcpcsvc6.DLL
0x00007ffcd3140000 - 0x00007ffcd315d000 	C:\Windows\SYSTEM32\dhcpcsvc.DLL
0x00007ffcd9b10000 - 0x00007ffcd9bdb000 	C:\Windows\SYSTEM32\DNSAPI.dll
0x00007ffcc6b50000 - 0x00007ffcc6b5a000 	C:\Users\user\AppData\Local\Temp\jansi-1.17.1-11549008200915643219.dll
0x00007ffcc6860000 - 0x00007ffcc686a000 	C:\Users\user\AppData\Local\Temp\jansi-1.17.1-17152107849070173474.dll

dbghelp: loaded successfully - version: 4.0.5 - missing functions: none
symbol engine: initialized successfully - sym options: 0x614 - pdb path: .;C:\Users\user\.jdks\openjdk-18.0.1-1\bin;C:\Windows\SYSTEM32;C:\Windows\WinSxS\amd64_microsoft.windows.common-controls_6595b64144ccf1df_6.0.19041.1110_none_60b5254171f9507e;C:\Users\user\.jdks\openjdk-18.0.1-1\bin\server;C:\Program Files\JetBrains\IntelliJ IDEA Community Edition 2022.1\bin;C:\Users\user\AppData\Local\Temp

VM Arguments:
jvm_args: -Dmaven.multiModuleProjectDirectory=C:\Users\user\Desktop\LHA-QA -Dmaven.home=C:\Program Files\JetBrains\IntelliJ IDEA Community Edition 2022.1\plugins\maven\lib\maven3 -Dclassworlds.conf=C:\Program Files\JetBrains\IntelliJ IDEA Community Edition 2022.1\plugins\maven\lib\maven3\bin\m2.conf -Dmaven.ext.class.path=C:\Program Files\JetBrains\IntelliJ IDEA Community Edition 2022.1\plugins\maven\lib\maven-event-listener.jar -javaagent:C:\Program Files\JetBrains\IntelliJ IDEA Community Edition 2022.1\lib\idea_rt.jar=52896:C:\Program Files\JetBrains\IntelliJ IDEA Community Edition 2022.1\bin -Dfile.encoding=UTF-8 
java_command: org.codehaus.classworlds.Launcher -Didea.version=2022.1 clean test -Dtest=TestRunner -Dcucumber.filter.tags=@C167
java_class_path (initial): C:\Program Files\JetBrains\IntelliJ IDEA Community Edition 2022.1\plugins\maven\lib\maven3\boot\plexus-classworlds-2.6.0.jar;C:\Program Files\JetBrains\IntelliJ IDEA Community Edition 2022.1\plugins\maven\lib\maven3\boot\plexus-classworlds.license
Launcher Type: SUN_STANDARD

[Global flags]
     intx CICompilerCount                          = 3                                         {product} {ergonomic}
     uint ConcGCThreads                            = 1                                         {product} {ergonomic}
     uint G1ConcRefinementThreads                  = 4                                         {product} {ergonomic}
   size_t G1HeapRegionSize                         = 1048576                                   {product} {ergonomic}
    uintx GCDrainStackTargetSize                   = 64                                        {product} {ergonomic}
   size_t InitialHeapSize                          = 134217728                                 {product} {ergonomic}
   size_t MarkStackSize                            = 4194304                                   {product} {ergonomic}
   size_t MaxHeapSize                              = 2147483648                                {product} {ergonomic}
   size_t MaxNewSize                               = 1287651328                                {product} {ergonomic}
   size_t MinHeapDeltaBytes                        = 1048576                                   {product} {ergonomic}
   size_t MinHeapSize                              = 8388608                                   {product} {ergonomic}
    uintx NonNMethodCodeHeapSize                   = 5832780                                {pd product} {ergonomic}
    uintx NonProfiledCodeHeapSize                  = 122912730                              {pd product} {ergonomic}
    uintx ProfiledCodeHeapSize                     = 122912730                              {pd product} {ergonomic}
    uintx ReservedCodeCacheSize                    = 251658240                              {pd product} {ergonomic}
     bool SegmentedCodeCache                       = true                                      {product} {ergonomic}
   size_t SoftMaxHeapSize                          = 2147483648                             {manageable} {ergonomic}
     bool UseCompressedClassPointers               = true                           {product lp64_product} {ergonomic}
     bool UseCompressedOops                        = true                           {product lp64_product} {ergonomic}
     bool UseG1GC                                  = true                                      {product} {ergonomic}
     bool UseLargePagesIndividualAllocation        = false                                  {pd product} {ergonomic}

Logging:
Log output configuration:
 #0: stdout all=warning uptime,level,tags foldmultilines=false
 #1: stderr all=off uptime,level,tags foldmultilines=false

Environment Variables:
JAVA_HOME=C:\Program Files\Java\jdk1.8.0_202
PATH=C:\Program Files (x86)\Common Files\Oracle\Java\javapath;C:\Windows\system32;C:\Windows;C:\Windows\System32\Wbem;C:\Windows\System32\WindowsPowerShell\v1.0\;C:\Windows\System32\OpenSSH\;C:\Program Files\Git\cmd;C:\Program Files\Java\jdk1.8.0_202\bin;C:\maven\bin;C:\Program Files\TortoiseGit\bin;C:\Users\user\scoop\shims;C:\Users\user\AppData\Local\Microsoft\WindowsApps;
USERNAME=user
OS=Windows_NT
PROCESSOR_IDENTIFIER=Intel64 Family 6 Model 165 Stepping 5, GenuineIntel



---------------  S Y S T E M  ---------------

OS:
 Windows 10 , 64 bit Build 19041 (10.0.19041.2546)
OS uptime: 3 days 4:48 hours
VMWare virtualization detected

CPU: total 4 (initial active 4) (4 cores per cpu, 1 threads per core) family 6 model 165 stepping 5 microcode 0xca, cx8, cmov, fxsr, mmx, 3dnowpref, sse, sse2, sse3, ssse3, sse4.1, sse4.2, popcnt, lzcnt, tsc, tscinvbit, avx, avx2, aes, erms, clmul, bmi1, bmi2, adx, fma, vzeroupper, clflush, clflushopt, hv

Memory: 4k page, system-wide physical 8191M (671M free)
TotalPageFile size 13793M (AvailPageFile size 1M)
current process WorkingSet (physical memory assigned to process): 257M, peak: 287M
current process commit charge ("private bytes"): 291M, peak: 322M

vm_info: OpenJDK 64-Bit Server VM (18.0.1+10-24) for windows-amd64 JRE (18.0.1+10-24), built on Mar  9 2022 22:38:37 by "mach5one" with MS VC++ 16.8 / 16.9 (VS2019)

END.
