#
# There is insufficient memory for the Java Runtime Environment to continue.
# Native memory allocation (mmap) failed to map 153092096 bytes for G1 virtual space
# Possible reasons:
#   The system is out of physical RAM or swap space
#   The process is running with CompressedOops enabled, and the Java Heap may be blocking the growth of the native heap
# Possible solutions:
#   Reduce memory load on the system
#   Increase physical memory or swap space
#   Check if swap backing store is full
#   Decrease Java heap size (-Xmx/-Xms)
#   Decrease number of Java threads
#   Decrease Java thread stack sizes (-Xss)
#   Set larger code cache with -XX:ReservedCodeCacheSize=
#   JVM is running with Unscaled Compressed Oops mode in which the Java heap is
#     placed in the first 4GB address space. The Java Heap base address is the
#     maximum limit for the native heap growth. Please use -XX:HeapBaseMinAddress
#     to set the Java Heap base and to place the Java Heap above 4GB virtual address.
# This output file may be truncated or incomplete.
#
#  Out of Memory Error (os_windows.cpp:3530), pid=11176, tid=9012
#
# JRE version: OpenJDK Runtime Environment (18.0.1+10) (build 18.0.1+10-24)
# Java VM: OpenJDK 64-Bit Server VM (18.0.1+10-24, mixed mode, sharing, tiered, compressed oops, compressed class ptrs, g1 gc, windows-amd64)
# No core dump will be written. Minidumps are not enabled by default on client versions of Windows
#

---------------  S U M M A R Y ------------

Command Line: -javaagent:C:\Users\user\.m2\repository/org/aspectj/aspectjweaver/1.8.10/aspectjweaver-1.8.10.jar C:\Users\user\Desktop\LHA-QA\target\surefire\surefirebooter5330913980161165552.jar C:\Users\user\Desktop\LHA-QA\target\surefire 2023-04-05T02-39-37_825-jvmRun1 surefire11667658799277394701tmp surefire_017543110535032313059tmp

Host: Intel(R) Core(TM) i9-10900 CPU @ 2.80GHz, 4 cores, 7G,  Windows 10 , 64 bit Build 19041 (10.0.19041.2546)
Time: Wed Apr  5 02:39:41 2023 FLE Daylight Time elapsed time: 3.865832 seconds (0d 0h 0m 3s)

---------------  T H R E A D  ---------------

Current thread (0x000002086f3aeaa0):  VMThread "VM Thread" [stack: 0x0000004dfd000000,0x0000004dfd100000] [id=9012]

Stack: [0x0000004dfd000000,0x0000004dfd100000]
Native frames: (J=compiled Java code, j=interpreted, Vv=VM code, C=native code)
V  [jvm.dll+0x69887a]
V  [jvm.dll+0x7f38bd]
V  [jvm.dll+0x7f51ce]
V  [jvm.dll+0x7f5883]
V  [jvm.dll+0x25ca3f]
V  [jvm.dll+0x6957c9]
V  [jvm.dll+0x68a2fa]
V  [jvm.dll+0x321efb]
V  [jvm.dll+0x3298d6]
V  [jvm.dll+0x37e47e]
V  [jvm.dll+0x37e6af]
V  [jvm.dll+0x2f9c7a]
V  [jvm.dll+0x2f9d27]
V  [jvm.dll+0x33e262]
V  [jvm.dll+0x33c804]
V  [jvm.dll+0x2f9450]
V  [jvm.dll+0x33bddb]
V  [jvm.dll+0x7fa66b]
V  [jvm.dll+0x7fb404]
V  [jvm.dll+0x7fb93c]
V  [jvm.dll+0x7fbd94]
V  [jvm.dll+0x7fbe57]
V  [jvm.dll+0x7a03ea]
V  [jvm.dll+0x697725]
C  [ucrtbase.dll+0x21bb2]
C  [KERNEL32.DLL+0x17614]
C  [ntdll.dll+0x526a1]

VM_Operation (0x0000004dfcafa8f0): G1CollectForAllocation, mode: safepoint, requested by thread 0x000002086f2e1db0


---------------  P R O C E S S  ---------------

Threads class SMR info:
_java_thread_list=0x0000020813d3c030, length=15, elements={
0x000002086f2e1db0, 0x000002087dc7cc30, 0x000002087dc80040, 0x000002087dc96dc0,
0x000002087dc98770, 0x000002087dc9b900, 0x000002087dca03f0, 0x000002087dca1200,
0x000002087dc9a080, 0x000002087dc9aab0, 0x000002087deabf80, 0x000002087dea9900,
0x000002087deab5e0, 0x000002087deac920, 0x000002087ee10850
}

Java Threads: ( => current thread )
  0x000002086f2e1db0 JavaThread "main" [_thread_blocked, id=9320, stack(0x0000004dfca00000,0x0000004dfcb00000)]
  0x000002087dc7cc30 JavaThread "Reference Handler" daemon [_thread_blocked, id=7012, stack(0x0000004dfd100000,0x0000004dfd200000)]
  0x000002087dc80040 JavaThread "Finalizer" daemon [_thread_blocked, id=5060, stack(0x0000004dfd200000,0x0000004dfd300000)]
  0x000002087dc96dc0 JavaThread "Signal Dispatcher" daemon [_thread_blocked, id=5368, stack(0x0000004dfd300000,0x0000004dfd400000)]
  0x000002087dc98770 JavaThread "Attach Listener" daemon [_thread_blocked, id=7740, stack(0x0000004dfd400000,0x0000004dfd500000)]
  0x000002087dc9b900 JavaThread "Service Thread" daemon [_thread_blocked, id=2616, stack(0x0000004dfd500000,0x0000004dfd600000)]
  0x000002087dca03f0 JavaThread "Monitor Deflation Thread" daemon [_thread_blocked, id=13024, stack(0x0000004dfd600000,0x0000004dfd700000)]
  0x000002087dca1200 JavaThread "C2 CompilerThread0" daemon [_thread_blocked, id=7348, stack(0x0000004dfd700000,0x0000004dfd800000)]
  0x000002087dc9a080 JavaThread "C1 CompilerThread0" daemon [_thread_blocked, id=12380, stack(0x0000004dfd800000,0x0000004dfd900000)]
  0x000002087dc9aab0 JavaThread "Sweeper thread" daemon [_thread_blocked, id=5668, stack(0x0000004dfd900000,0x0000004dfda00000)]
  0x000002087deabf80 JavaThread "Common-Cleaner" daemon [_thread_blocked, id=9692, stack(0x0000004dfda00000,0x0000004dfdb00000)]
  0x000002087dea9900 JavaThread "Notification Thread" daemon [_thread_blocked, id=1108, stack(0x0000004dfdc00000,0x0000004dfdd00000)]
  0x000002087deab5e0 JavaThread "surefire-forkedjvm-command-thread" daemon [_thread_in_native, id=7456, stack(0x0000004dfe000000,0x0000004dfe100000)]
  0x000002087deac920 JavaThread "ping-20s" daemon [_thread_blocked, id=11020, stack(0x0000004dfe100000,0x0000004dfe200000)]
  0x000002087ee10850 JavaThread "C2 CompilerThread1" daemon [_thread_blocked, id=8444, stack(0x0000004dfe200000,0x0000004dfe300000)]

Other Threads:
=>0x000002086f3aeaa0 VMThread "VM Thread" [stack: 0x0000004dfd000000,0x0000004dfd100000] [id=9012]
  0x000002086f2e2b60 WatcherThread "VM Periodic Task Thread" [stack: 0x0000004dfdd00000,0x0000004dfde00000] [id=10048]
  0x000002086f342010 WorkerThread "GC Thread#0" [stack: 0x0000004dfcb00000,0x0000004dfcc00000] [id=6736]
  0x000002087ea4ecf0 WorkerThread "GC Thread#1" [stack: 0x0000004dfdb00000,0x0000004dfdc00000] [id=8832]
  0x000002087e7bfd00 WorkerThread "GC Thread#2" [stack: 0x0000004dfde00000,0x0000004dfdf00000] [id=4252]
  0x000002087e7eff00 WorkerThread "GC Thread#3" [stack: 0x0000004dfdf00000,0x0000004dfe000000] [id=11028]
  0x000002086f353f50 ConcurrentGCThread "G1 Main Marker" [stack: 0x0000004dfcc00000,0x0000004dfcd00000] [id=8628]
  0x000002086f3550e0 WorkerThread "G1 Conc#0" [stack: 0x0000004dfcd00000,0x0000004dfce00000] [id=9980]
  0x000002086f3913c0 ConcurrentGCThread "G1 Refine#0" [stack: 0x0000004dfce00000,0x0000004dfcf00000] [id=8688]
  0x000002086f391cd0 ConcurrentGCThread "G1 Service" [stack: 0x0000004dfcf00000,0x0000004dfd000000] [id=12732]

Threads with active compile tasks:
C1 CompilerThread0     3959 4665       3       sun.security.util.ObjectIdentifier::toString (285 bytes)
C2 CompilerThread1     3959 4646       4       sun.security.util.DerValue::<init> (445 bytes)

VM state: at safepoint (normal execution)

VM Mutex/Monitor currently owned by a thread:  ([mutex/lock_event])
[0x000002086f2dc180] Threads_lock - owner thread: 0x000002086f3aeaa0
[0x000002086f2dc210] Heap_lock - owner thread: 0x000002086f2e1db0

Heap address: 0x0000000080000000, size: 2048 MB, Compressed Oops mode: 32-bit

CDS archive(s) mapped at: [0x0000000800000000-0x0000000800b90000-0x0000000800b90000), size 12124160, SharedBaseAddress: 0x0000000800000000, ArchiveRelocationMode: 0.
Compressed class space mapped at: 0x0000000800c00000-0x0000000840c00000, reserved size: 1073741824
Narrow klass base: 0x0000000800000000, Narrow klass shift: 0, Narrow klass range: 0x100000000

GC Precious Log:
 CardTable entry size: 512
 Card Set container configuration: InlinePtr #cards 5 size 8 Array Of Cards #cards 12 size 40 Howl #buckets 4 coarsen threshold 1843 Howl Bitmap #cards 512 size 80 coarsen threshold 460 Card regions per heap region 1 cards per card region 2048
 CPUs: 4 total, 4 available
 Memory: 8191M
 Large Page Support: Disabled
 NUMA Support: Disabled
 Compressed Oops: Enabled (32-bit)
 Heap Region Size: 1M
 Heap Min Capacity: 8M
 Heap Initial Capacity: 128M
 Heap Max Capacity: 2G
 Pre-touch: Disabled
 Parallel Workers: 4
 Concurrent Workers: 1
 Concurrent Refinement Workers: 4
 Periodic GC: Disabled

Heap:
 garbage-first heap   total 157696K, used 55761K [0x0000000080000000, 0x0000000100000000)
  region size 1024K, 8 young (8192K), 8 survivors (8192K)
 Metaspace       used 29050K, committed 29440K, reserved 1114112K
  class space    used 3037K, committed 3264K, reserved 1048576K

Heap Regions: E=young(eden), S=young(survivor), O=old, HS=humongous(starts), HC=humongous(continues), CS=collection set, F=free, OA=open archive, CA=closed archive, TAMS=top-at-mark-start (previous, next)
|   0|0x0000000080000000, 0x0000000080100000, 0x0000000080100000|100%|HS|  |TAMS 0x0000000080100000, 0x0000000080000000| Complete 
|   1|0x0000000080100000, 0x0000000080200000, 0x0000000080200000|100%| O|  |TAMS 0x0000000080200000, 0x0000000080100000| Untracked 
|   2|0x0000000080200000, 0x0000000080300000, 0x0000000080300000|100%| O|  |TAMS 0x0000000080300000, 0x0000000080200000| Untracked 
|   3|0x0000000080300000, 0x0000000080400000, 0x0000000080400000|100%| O|  |TAMS 0x0000000080400000, 0x0000000080300000| Untracked 
|   4|0x0000000080400000, 0x0000000080500000, 0x0000000080500000|100%| O|  |TAMS 0x0000000080500000, 0x0000000080400000| Untracked 
|   5|0x0000000080500000, 0x0000000080600000, 0x0000000080600000|100%| O|  |TAMS 0x0000000080600000, 0x0000000080500000| Untracked 
|   6|0x0000000080600000, 0x0000000080700000, 0x0000000080700000|100%| O|  |TAMS 0x0000000080700000, 0x0000000080600000| Untracked 
|   7|0x0000000080700000, 0x0000000080800000, 0x0000000080800000|100%| O|  |TAMS 0x0000000080800000, 0x0000000080700000| Untracked 
|   8|0x0000000080800000, 0x0000000080900000, 0x0000000080900000|100%| O|  |TAMS 0x0000000080900000, 0x0000000080800000| Untracked 
|   9|0x0000000080900000, 0x0000000080a00000, 0x0000000080a00000|100%| O|  |TAMS 0x0000000080a00000, 0x0000000080900000| Untracked 
|  10|0x0000000080a00000, 0x0000000080b00000, 0x0000000080b00000|100%| O|  |TAMS 0x0000000080b00000, 0x0000000080a00000| Untracked 
|  11|0x0000000080b00000, 0x0000000080c00000, 0x0000000080c00000|100%| O|  |TAMS 0x0000000080c00000, 0x0000000080b00000| Untracked 
|  12|0x0000000080c00000, 0x0000000080d00000, 0x0000000080d00000|100%| O|  |TAMS 0x0000000080d00000, 0x0000000080c00000| Untracked 
|  13|0x0000000080d00000, 0x0000000080e00000, 0x0000000080e00000|100%| O|  |TAMS 0x0000000080e00000, 0x0000000080d00000| Untracked 
|  14|0x0000000080e00000, 0x0000000080f00000, 0x0000000080f00000|100%| O|  |TAMS 0x0000000080f00000, 0x0000000080e00000| Untracked 
|  15|0x0000000080f00000, 0x0000000081000000, 0x0000000081000000|100%| O|  |TAMS 0x0000000081000000, 0x0000000080f00000| Untracked 
|  16|0x0000000081000000, 0x0000000081100000, 0x0000000081100000|100%| O|  |TAMS 0x0000000081100000, 0x0000000081000000| Untracked 
|  17|0x0000000081100000, 0x0000000081200000, 0x0000000081200000|100%| O|  |TAMS 0x0000000081200000, 0x0000000081100000| Untracked 
|  18|0x0000000081200000, 0x0000000081300000, 0x0000000081300000|100%| O|  |TAMS 0x0000000081300000, 0x0000000081200000| Untracked 
|  19|0x0000000081300000, 0x0000000081400000, 0x0000000081400000|100%| O|  |TAMS 0x0000000081400000, 0x0000000081300000| Untracked 
|  20|0x0000000081400000, 0x0000000081500000, 0x0000000081500000|100%| O|  |TAMS 0x0000000081500000, 0x0000000081400000| Untracked 
|  21|0x0000000081500000, 0x0000000081600000, 0x0000000081600000|100%| O|  |TAMS 0x0000000081600000, 0x0000000081500000| Untracked 
|  22|0x0000000081600000, 0x0000000081700000, 0x0000000081700000|100%| O|  |TAMS 0x0000000081700000, 0x0000000081600000| Untracked 
|  23|0x0000000081700000, 0x0000000081800000, 0x0000000081800000|100%| O|  |TAMS 0x0000000081800000, 0x0000000081700000| Untracked 
|  24|0x0000000081800000, 0x0000000081900000, 0x0000000081900000|100%| O|  |TAMS 0x0000000081900000, 0x0000000081800000| Untracked 
|  25|0x0000000081900000, 0x0000000081a00000, 0x0000000081a00000|100%| O|  |TAMS 0x0000000081a00000, 0x0000000081900000| Untracked 
|  26|0x0000000081a00000, 0x0000000081b00000, 0x0000000081b00000|100%| O|  |TAMS 0x0000000081b00000, 0x0000000081a00000| Untracked 
|  27|0x0000000081b00000, 0x0000000081c00000, 0x0000000081c00000|100%| O|  |TAMS 0x0000000081c00000, 0x0000000081b00000| Untracked 
|  28|0x0000000081c00000, 0x0000000081d00000, 0x0000000081d00000|100%| O|  |TAMS 0x0000000081d00000, 0x0000000081c00000| Untracked 
|  29|0x0000000081d00000, 0x0000000081d74400, 0x0000000081e00000| 45%| O|  |TAMS 0x0000000081d00000, 0x0000000081d00000| Untracked 
|  30|0x0000000081e00000, 0x0000000081f00000, 0x0000000081f00000|100%| O|  |TAMS 0x0000000081f00000, 0x0000000081e00000| Untracked 
|  31|0x0000000081f00000, 0x0000000082000000, 0x0000000082000000|100%| O|  |TAMS 0x0000000082000000, 0x0000000081f00000| Untracked 
|  32|0x0000000082000000, 0x0000000082100000, 0x0000000082100000|100%| O|  |TAMS 0x0000000082100000, 0x0000000082000000| Untracked 
|  33|0x0000000082100000, 0x0000000082200000, 0x0000000082200000|100%| O|  |TAMS 0x0000000082200000, 0x0000000082100000| Untracked 
|  34|0x0000000082200000, 0x0000000082300000, 0x0000000082300000|100%| O|  |TAMS 0x0000000082300000, 0x0000000082200000| Untracked 
|  35|0x0000000082300000, 0x0000000082400000, 0x0000000082400000|100%| O|  |TAMS 0x0000000082400000, 0x0000000082300000| Untracked 
|  36|0x0000000082400000, 0x0000000082500000, 0x0000000082500000|100%| O|  |TAMS 0x0000000082500000, 0x0000000082400000| Untracked 
|  37|0x0000000082500000, 0x0000000082500000, 0x0000000082600000|  0%| F|  |TAMS 0x0000000082500000, 0x0000000082500000| Untracked 
|  38|0x0000000082600000, 0x0000000082700000, 0x0000000082700000|100%| O|  |TAMS 0x0000000082600000, 0x0000000082600000| Untracked 
|  39|0x0000000082700000, 0x0000000082800000, 0x0000000082800000|100%| O|  |TAMS 0x0000000082700000, 0x0000000082700000| Untracked 
|  40|0x0000000082800000, 0x0000000082900000, 0x0000000082900000|100%| O|  |TAMS 0x0000000082800000, 0x0000000082800000| Untracked 
|  41|0x0000000082900000, 0x0000000082a00000, 0x0000000082a00000|100%| O|  |TAMS 0x0000000082900000, 0x0000000082900000| Untracked 
|  42|0x0000000082a00000, 0x0000000082b00000, 0x0000000082b00000|100%| O|  |TAMS 0x0000000082a00000, 0x0000000082a00000| Untracked 
|  43|0x0000000082b00000, 0x0000000082c00000, 0x0000000082c00000|100%| O|  |TAMS 0x0000000082b00000, 0x0000000082b00000| Untracked 
|  44|0x0000000082c00000, 0x0000000082d00000, 0x0000000082d00000|100%| O|  |TAMS 0x0000000082c00000, 0x0000000082c00000| Untracked 
|  45|0x0000000082d00000, 0x0000000082e00000, 0x0000000082e00000|100%| O|  |TAMS 0x0000000082d00000, 0x0000000082d00000| Untracked 
|  46|0x0000000082e00000, 0x0000000082f00000, 0x0000000082f00000|100%| O|  |TAMS 0x0000000082e00000, 0x0000000082e00000| Untracked 
|  47|0x0000000082f00000, 0x0000000083000000, 0x0000000083000000|100%| O|  |TAMS 0x0000000082f00000, 0x0000000082f00000| Untracked 
|  48|0x0000000083000000, 0x0000000083000000, 0x0000000083100000|  0%| F|  |TAMS 0x0000000083000000, 0x0000000083000000| Untracked 
|  49|0x0000000083100000, 0x0000000083100000, 0x0000000083200000|  0%| F|  |TAMS 0x0000000083100000, 0x0000000083100000| Untracked 
|  50|0x0000000083200000, 0x0000000083200000, 0x0000000083300000|  0%| F|  |TAMS 0x0000000083200000, 0x0000000083200000| Untracked 
|  51|0x0000000083300000, 0x0000000083300000, 0x0000000083400000|  0%| F|  |TAMS 0x0000000083300000, 0x0000000083300000| Untracked 
|  52|0x0000000083400000, 0x0000000083400000, 0x0000000083500000|  0%| F|  |TAMS 0x0000000083400000, 0x0000000083400000| Untracked 
|  53|0x0000000083500000, 0x0000000083500000, 0x0000000083600000|  0%| F|  |TAMS 0x0000000083500000, 0x0000000083500000| Untracked 
|  54|0x0000000083600000, 0x0000000083600000, 0x0000000083700000|  0%| F|  |TAMS 0x0000000083600000, 0x0000000083600000| Untracked 
|  55|0x0000000083700000, 0x0000000083700000, 0x0000000083800000|  0%| F|  |TAMS 0x0000000083700000, 0x0000000083700000| Untracked 
|  56|0x0000000083800000, 0x0000000083800000, 0x0000000083900000|  0%| F|  |TAMS 0x0000000083800000, 0x0000000083800000| Untracked 
|  57|0x0000000083900000, 0x0000000083900000, 0x0000000083a00000|  0%| F|  |TAMS 0x0000000083900000, 0x0000000083900000| Untracked 
|  58|0x0000000083a00000, 0x0000000083a00000, 0x0000000083b00000|  0%| F|  |TAMS 0x0000000083a00000, 0x0000000083a00000| Untracked 
|  59|0x0000000083b00000, 0x0000000083b00000, 0x0000000083c00000|  0%| F|  |TAMS 0x0000000083b00000, 0x0000000083b00000| Untracked 
|  60|0x0000000083c00000, 0x0000000083c00000, 0x0000000083d00000|  0%| F|  |TAMS 0x0000000083c00000, 0x0000000083c00000| Untracked 
|  61|0x0000000083d00000, 0x0000000083d00000, 0x0000000083e00000|  0%| F|  |TAMS 0x0000000083d00000, 0x0000000083d00000| Untracked 
|  62|0x0000000083e00000, 0x0000000083e00000, 0x0000000083f00000|  0%| F|  |TAMS 0x0000000083e00000, 0x0000000083e00000| Untracked 
|  63|0x0000000083f00000, 0x0000000083f00000, 0x0000000084000000|  0%| F|  |TAMS 0x0000000083f00000, 0x0000000083f00000| Untracked 
|  64|0x0000000084000000, 0x0000000084000000, 0x0000000084100000|  0%| F|  |TAMS 0x0000000084000000, 0x0000000084000000| Untracked 
|  65|0x0000000084100000, 0x0000000084100000, 0x0000000084200000|  0%| F|  |TAMS 0x0000000084100000, 0x0000000084100000| Untracked 
|  66|0x0000000084200000, 0x0000000084200000, 0x0000000084300000|  0%| F|  |TAMS 0x0000000084200000, 0x0000000084200000| Untracked 
|  67|0x0000000084300000, 0x0000000084300000, 0x0000000084400000|  0%| F|  |TAMS 0x0000000084300000, 0x0000000084300000| Untracked 
|  68|0x0000000084400000, 0x0000000084400000, 0x0000000084500000|  0%| F|  |TAMS 0x0000000084400000, 0x0000000084400000| Untracked 
|  69|0x0000000084500000, 0x0000000084500000, 0x0000000084600000|  0%| F|  |TAMS 0x0000000084500000, 0x0000000084500000| Untracked 
|  70|0x0000000084600000, 0x0000000084600000, 0x0000000084700000|  0%| F|  |TAMS 0x0000000084600000, 0x0000000084600000| Untracked 
|  71|0x0000000084700000, 0x0000000084700000, 0x0000000084800000|  0%| F|  |TAMS 0x0000000084700000, 0x0000000084700000| Untracked 
|  72|0x0000000084800000, 0x0000000084800000, 0x0000000084900000|  0%| F|  |TAMS 0x0000000084800000, 0x0000000084800000| Untracked 
|  73|0x0000000084900000, 0x0000000084900000, 0x0000000084a00000|  0%| F|  |TAMS 0x0000000084900000, 0x0000000084900000| Untracked 
|  74|0x0000000084a00000, 0x0000000084a00000, 0x0000000084b00000|  0%| F|  |TAMS 0x0000000084a00000, 0x0000000084a00000| Untracked 
|  75|0x0000000084b00000, 0x0000000084b00000, 0x0000000084c00000|  0%| F|  |TAMS 0x0000000084b00000, 0x0000000084b00000| Untracked 
|  76|0x0000000084c00000, 0x0000000084c00000, 0x0000000084d00000|  0%| F|  |TAMS 0x0000000084c00000, 0x0000000084c00000| Untracked 
|  77|0x0000000084d00000, 0x0000000084d00000, 0x0000000084e00000|  0%| F|  |TAMS 0x0000000084d00000, 0x0000000084d00000| Untracked 
|  78|0x0000000084e00000, 0x0000000084f00000, 0x0000000084f00000|100%| S|CS|TAMS 0x0000000084e00000, 0x0000000084e00000| Complete 
|  79|0x0000000084f00000, 0x0000000085000000, 0x0000000085000000|100%| S|CS|TAMS 0x0000000084f00000, 0x0000000084f00000| Complete 
|  80|0x0000000085000000, 0x0000000085100000, 0x0000000085100000|100%| S|CS|TAMS 0x0000000085000000, 0x0000000085000000| Complete 
|  81|0x0000000085100000, 0x0000000085200000, 0x0000000085200000|100%| S|CS|TAMS 0x0000000085100000, 0x0000000085100000| Complete 
|  82|0x0000000085200000, 0x0000000085300000, 0x0000000085300000|100%| S|CS|TAMS 0x0000000085200000, 0x0000000085200000| Complete 
|  83|0x0000000085300000, 0x0000000085400000, 0x0000000085400000|100%| S|CS|TAMS 0x0000000085300000, 0x0000000085300000| Complete 
|  84|0x0000000085400000, 0x0000000085500000, 0x0000000085500000|100%| S|CS|TAMS 0x0000000085400000, 0x0000000085400000| Complete 
|  85|0x0000000085500000, 0x0000000085600000, 0x0000000085600000|100%| S|CS|TAMS 0x0000000085500000, 0x0000000085500000| Complete 
|  86|0x0000000085600000, 0x0000000085600000, 0x0000000085700000|  0%| F|  |TAMS 0x0000000085600000, 0x0000000085600000| Untracked 
|  87|0x0000000085700000, 0x0000000085700000, 0x0000000085800000|  0%| F|  |TAMS 0x0000000085700000, 0x0000000085700000| Untracked 
|  88|0x0000000085800000, 0x0000000085800000, 0x0000000085900000|  0%| F|  |TAMS 0x0000000085800000, 0x0000000085800000| Untracked 
|  89|0x0000000085900000, 0x0000000085900000, 0x0000000085a00000|  0%| F|  |TAMS 0x0000000085900000, 0x0000000085900000| Untracked 
|  90|0x0000000085a00000, 0x0000000085a00000, 0x0000000085b00000|  0%| F|  |TAMS 0x0000000085a00000, 0x0000000085a00000| Untracked 
|  91|0x0000000085b00000, 0x0000000085b00000, 0x0000000085c00000|  0%| F|  |TAMS 0x0000000085b00000, 0x0000000085b00000| Untracked 
|  92|0x0000000085c00000, 0x0000000085c00000, 0x0000000085d00000|  0%| F|  |TAMS 0x0000000085c00000, 0x0000000085c00000| Untracked 
|  93|0x0000000085d00000, 0x0000000085d00000, 0x0000000085e00000|  0%| F|  |TAMS 0x0000000085d00000, 0x0000000085d00000| Untracked 
|  94|0x0000000085e00000, 0x0000000085e00000, 0x0000000085f00000|  0%| F|  |TAMS 0x0000000085e00000, 0x0000000085e00000| Untracked 
|  95|0x0000000085f00000, 0x0000000085f00000, 0x0000000086000000|  0%| F|  |TAMS 0x0000000085f00000, 0x0000000085f00000| Untracked 
|  96|0x0000000086000000, 0x0000000086000000, 0x0000000086100000|  0%| F|  |TAMS 0x0000000086000000, 0x0000000086000000| Untracked 
|  97|0x0000000086100000, 0x0000000086100000, 0x0000000086200000|  0%| F|  |TAMS 0x0000000086100000, 0x0000000086100000| Untracked 
|  98|0x0000000086200000, 0x0000000086200000, 0x0000000086300000|  0%| F|  |TAMS 0x0000000086200000, 0x0000000086200000| Untracked 
|  99|0x0000000086300000, 0x0000000086300000, 0x0000000086400000|  0%| F|  |TAMS 0x0000000086300000, 0x0000000086300000| Untracked 
| 100|0x0000000086400000, 0x0000000086400000, 0x0000000086500000|  0%| F|  |TAMS 0x0000000086400000, 0x0000000086400000| Untracked 
| 101|0x0000000086500000, 0x0000000086500000, 0x0000000086600000|  0%| F|  |TAMS 0x0000000086500000, 0x0000000086500000| Untracked 
| 102|0x0000000086600000, 0x0000000086600000, 0x0000000086700000|  0%| F|  |TAMS 0x0000000086600000, 0x0000000086600000| Untracked 
| 103|0x0000000086700000, 0x0000000086700000, 0x0000000086800000|  0%| F|  |TAMS 0x0000000086700000, 0x0000000086700000| Untracked 
| 104|0x0000000086800000, 0x0000000086800000, 0x0000000086900000|  0%| F|  |TAMS 0x0000000086800000, 0x0000000086800000| Untracked 
| 105|0x0000000086900000, 0x0000000086900000, 0x0000000086a00000|  0%| F|  |TAMS 0x0000000086900000, 0x0000000086900000| Untracked 
| 106|0x0000000086a00000, 0x0000000086a00000, 0x0000000086b00000|  0%| F|  |TAMS 0x0000000086a00000, 0x0000000086a00000| Untracked 
| 107|0x0000000086b00000, 0x0000000086b00000, 0x0000000086c00000|  0%| F|  |TAMS 0x0000000086b00000, 0x0000000086b00000| Untracked 
| 108|0x0000000086c00000, 0x0000000086c00000, 0x0000000086d00000|  0%| F|  |TAMS 0x0000000086c00000, 0x0000000086c00000| Untracked 
| 109|0x0000000086d00000, 0x0000000086d00000, 0x0000000086e00000|  0%| F|  |TAMS 0x0000000086d00000, 0x0000000086d00000| Untracked 
| 110|0x0000000086e00000, 0x0000000086e00000, 0x0000000086f00000|  0%| F|  |TAMS 0x0000000086e00000, 0x0000000086e00000| Untracked 
| 111|0x0000000086f00000, 0x0000000086f00000, 0x0000000087000000|  0%| F|  |TAMS 0x0000000086f00000, 0x0000000086f00000| Untracked 
| 112|0x0000000087000000, 0x0000000087000000, 0x0000000087100000|  0%| F|  |TAMS 0x0000000087000000, 0x0000000087000000| Untracked 
| 113|0x0000000087100000, 0x0000000087100000, 0x0000000087200000|  0%| F|  |TAMS 0x0000000087100000, 0x0000000087100000| Untracked 
| 114|0x0000000087200000, 0x0000000087200000, 0x0000000087300000|  0%| F|  |TAMS 0x0000000087200000, 0x0000000087200000| Untracked 
| 115|0x0000000087300000, 0x0000000087300000, 0x0000000087400000|  0%| F|  |TAMS 0x0000000087300000, 0x0000000087300000| Untracked 
| 116|0x0000000087400000, 0x0000000087400000, 0x0000000087500000|  0%| F|  |TAMS 0x0000000087400000, 0x0000000087400000| Untracked 
| 117|0x0000000087500000, 0x0000000087500000, 0x0000000087600000|  0%| F|  |TAMS 0x0000000087500000, 0x0000000087500000| Untracked 
| 118|0x0000000087600000, 0x0000000087600000, 0x0000000087700000|  0%| F|  |TAMS 0x0000000087600000, 0x0000000087600000| Untracked 
| 119|0x0000000087700000, 0x0000000087700000, 0x0000000087800000|  0%| F|  |TAMS 0x0000000087700000, 0x0000000087700000| Untracked 
| 120|0x0000000087800000, 0x0000000087800000, 0x0000000087900000|  0%| F|  |TAMS 0x0000000087800000, 0x0000000087800000| Untracked 
| 121|0x0000000087900000, 0x0000000087900000, 0x0000000087a00000|  0%| F|  |TAMS 0x0000000087900000, 0x0000000087900000| Untracked 
| 122|0x0000000087a00000, 0x0000000087a00000, 0x0000000087b00000|  0%| F|  |TAMS 0x0000000087a00000, 0x0000000087a00000| Untracked 
| 123|0x0000000087b00000, 0x0000000087b00000, 0x0000000087c00000|  0%| F|  |TAMS 0x0000000087b00000, 0x0000000087b00000| Untracked 
| 124|0x0000000087c00000, 0x0000000087c00000, 0x0000000087d00000|  0%| F|  |TAMS 0x0000000087c00000, 0x0000000087c00000| Untracked 
| 125|0x0000000087d00000, 0x0000000087d00000, 0x0000000087e00000|  0%| F|  |TAMS 0x0000000087d00000, 0x0000000087d00000| Untracked 
| 126|0x0000000087e00000, 0x0000000087e00000, 0x0000000087f00000|  0%| F|  |TAMS 0x0000000087e00000, 0x0000000087e00000| Untracked 
| 127|0x0000000087f00000, 0x0000000087f00000, 0x0000000088000000|  0%| F|  |TAMS 0x0000000087f00000, 0x0000000087f00000| Untracked 
| 128|0x0000000088000000, 0x0000000088000000, 0x0000000088100000|  0%| F|  |TAMS 0x0000000088000000, 0x0000000088000000| Untracked 
| 129|0x0000000088100000, 0x0000000088100000, 0x0000000088200000|  0%| F|  |TAMS 0x0000000088100000, 0x0000000088100000| Untracked 
| 130|0x0000000088200000, 0x0000000088200000, 0x0000000088300000|  0%| F|  |TAMS 0x0000000088200000, 0x0000000088200000| Untracked 
| 131|0x0000000088300000, 0x0000000088300000, 0x0000000088400000|  0%| F|  |TAMS 0x0000000088300000, 0x0000000088300000| Untracked 
| 132|0x0000000088400000, 0x0000000088400000, 0x0000000088500000|  0%| F|  |TAMS 0x0000000088400000, 0x0000000088400000| Untracked 
| 133|0x0000000088500000, 0x0000000088500000, 0x0000000088600000|  0%| F|  |TAMS 0x0000000088500000, 0x0000000088500000| Untracked 
| 134|0x0000000088600000, 0x0000000088600000, 0x0000000088700000|  0%| F|  |TAMS 0x0000000088600000, 0x0000000088600000| Untracked 
| 135|0x0000000088700000, 0x0000000088700000, 0x0000000088800000|  0%| F|  |TAMS 0x0000000088700000, 0x0000000088700000| Untracked 
| 136|0x0000000088800000, 0x0000000088800000, 0x0000000088900000|  0%| F|  |TAMS 0x0000000088800000, 0x0000000088800000| Untracked 
| 137|0x0000000088900000, 0x0000000088900000, 0x0000000088a00000|  0%| F|  |TAMS 0x0000000088900000, 0x0000000088900000| Untracked 
| 138|0x0000000088a00000, 0x0000000088a00000, 0x0000000088b00000|  0%| F|  |TAMS 0x0000000088a00000, 0x0000000088a00000| Untracked 
| 139|0x0000000088b00000, 0x0000000088b00000, 0x0000000088c00000|  0%| F|  |TAMS 0x0000000088b00000, 0x0000000088b00000| Untracked 
| 140|0x0000000088c00000, 0x0000000088c00000, 0x0000000088d00000|  0%| F|  |TAMS 0x0000000088c00000, 0x0000000088c00000| Untracked 
| 141|0x0000000088d00000, 0x0000000088d00000, 0x0000000088e00000|  0%| F|  |TAMS 0x0000000088d00000, 0x0000000088d00000| Untracked 
| 142|0x0000000088e00000, 0x0000000088e00000, 0x0000000088f00000|  0%| F|  |TAMS 0x0000000088e00000, 0x0000000088e00000| Untracked 
| 143|0x0000000088f00000, 0x0000000088f00000, 0x0000000089000000|  0%| F|  |TAMS 0x0000000088f00000, 0x0000000088f00000| Untracked 
| 144|0x0000000089000000, 0x0000000089000000, 0x0000000089100000|  0%| F|  |TAMS 0x0000000089000000, 0x0000000089000000| Untracked 
| 145|0x0000000089100000, 0x0000000089100000, 0x0000000089200000|  0%| F|  |TAMS 0x0000000089100000, 0x0000000089100000| Untracked 
| 146|0x0000000089200000, 0x0000000089200000, 0x0000000089300000|  0%| F|  |TAMS 0x0000000089200000, 0x0000000089200000| Untracked 
| 147|0x0000000089300000, 0x0000000089300000, 0x0000000089400000|  0%| F|  |TAMS 0x0000000089300000, 0x0000000089300000| Untracked 
| 148|0x0000000089400000, 0x0000000089400000, 0x0000000089500000|  0%| F|  |TAMS 0x0000000089400000, 0x0000000089400000| Untracked 
| 149|0x0000000089500000, 0x0000000089500000, 0x0000000089600000|  0%| F|  |TAMS 0x0000000089500000, 0x0000000089500000| Untracked 
| 150|0x0000000089600000, 0x0000000089600000, 0x0000000089700000|  0%| F|  |TAMS 0x0000000089600000, 0x0000000089600000| Untracked 
| 151|0x0000000089700000, 0x0000000089700000, 0x0000000089800000|  0%| F|  |TAMS 0x0000000089700000, 0x0000000089700000| Untracked 
| 152|0x0000000089800000, 0x0000000089800000, 0x0000000089900000|  0%| F|  |TAMS 0x0000000089800000, 0x0000000089800000| Untracked 
| 153|0x0000000089900000, 0x0000000089900000, 0x0000000089a00000|  0%| F|  |TAMS 0x0000000089900000, 0x0000000089900000| Untracked 

Card table byte_map: [0x0000020877020000,0x0000020877420000] _byte_map_base: 0x0000020876c20000

Marking Bits (Prev, Next): (CMBitMap*) 0x000002086f343660, (CMBitMap*) 0x000002086f343620
 Prev Bits: [0x0000020879820000, 0x000002087b820000)
 Next Bits: [0x0000020877820000, 0x0000020879820000)

Polling page: 0x000002086d190000

Metaspace:

Usage:
  Non-class:     25.40 MB used.
      Class:      2.97 MB used.
       Both:     28.37 MB used.

Virtual space:
  Non-class space:       64.00 MB reserved,      25.56 MB ( 40%) committed,  1 nodes.
      Class space:        1.00 GB reserved,       3.19 MB ( <1%) committed,  1 nodes.
             Both:        1.06 GB reserved,      28.75 MB (  3%) committed. 

Chunk freelists:
   Non-Class:  2.13 MB
       Class:  703.00 KB
        Both:  2.82 MB

MaxMetaspaceSize: unlimited
CompressedClassSpaceSize: 1.00 GB
Initial GC threshold: 21.00 MB
Current GC threshold: 35.25 MB
CDS: on
MetaspaceReclaimPolicy: balanced
 - commit_granule_bytes: 65536.
 - commit_granule_words: 8192.
 - virtual_space_node_default_size: 8388608.
 - enlarge_chunks_in_place: 1.
 - new_chunks_are_fully_committed: 0.
 - uncommit_free_chunks: 1.
 - use_allocation_guard: 0.


Internal statistics:

num_allocs_failed_limit: 3.
num_arena_births: 350.
num_arena_deaths: 0.
num_vsnodes_births: 2.
num_vsnodes_deaths: 0.
num_space_committed: 460.
num_space_uncommitted: 0.
num_chunks_returned_to_freelist: 3.
num_chunks_taken_from_freelist: 1169.
num_chunk_merges: 3.
num_chunk_splits: 855.
num_chunks_enlarged: 700.
num_inconsistent_stats: 0.

CodeHeap 'non-profiled nmethods': size=120000Kb used=2853Kb max_used=2853Kb free=117146Kb
 bounds [0x0000020807ad0000, 0x0000020807da0000, 0x000002080f000000]
CodeHeap 'profiled nmethods': size=120000Kb used=8556Kb max_used=8556Kb free=111443Kb
 bounds [0x00000208005a0000, 0x0000020800e00000, 0x0000020807ad0000]
CodeHeap 'non-nmethods': size=5760Kb used=1239Kb max_used=1312Kb free=4520Kb
 bounds [0x0000020800000000, 0x0000020800270000, 0x00000208005a0000]
 total_blobs=4607 nmethods=4074 adapters=445
 compilation: enabled
              stopped_count=0, restarted_count=0
 full_count=0

Compilation events (20 events):
Event: 3.828 Thread 0x000002087dca1200 nmethod 4659 0x0000020807d97890 code [0x0000020807d97a20, 0x0000020807d97b88]
Event: 3.828 Thread 0x000002087dc9a080 4653       1       sun.util.calendar.CalendarDate::getHours (5 bytes)
Event: 3.828 Thread 0x000002087dca1200 4661       4       java.lang.String::compareTo (9 bytes)
Event: 3.828 Thread 0x000002087dc9a080 nmethod 4653 0x0000020807d97c90 code [0x0000020807d97e20, 0x0000020807d97ef8]
Event: 3.828 Thread 0x000002087dc9a080 4654       1       sun.util.calendar.CalendarDate::getMinutes (5 bytes)
Event: 3.828 Thread 0x000002087dc9a080 nmethod 4654 0x0000020807d97f90 code [0x0000020807d98120, 0x0000020807d981f8]
Event: 3.828 Thread 0x000002087dc9a080 4655       1       sun.util.calendar.CalendarDate::getSeconds (5 bytes)
Event: 3.828 Thread 0x000002087dc9a080 nmethod 4655 0x0000020807d98290 code [0x0000020807d98420, 0x0000020807d984f8]
Event: 3.828 Thread 0x000002087dc9a080 4656       1       sun.util.calendar.CalendarDate::getMillis (5 bytes)
Event: 3.828 Thread 0x000002087dc9a080 nmethod 4656 0x0000020807d98590 code [0x0000020807d98720, 0x0000020807d987f8]
Event: 3.828 Thread 0x000002087dc9a080 4657       1       sun.util.calendar.CalendarDate::setZoneOffset (6 bytes)
Event: 3.828 Thread 0x000002087dc9a080 nmethod 4657 0x0000020807d98890 code [0x0000020807d98a20, 0x0000020807d98af8]
Event: 3.828 Thread 0x000002087dc9a080 4658       1       sun.util.calendar.CalendarDate::setDaylightSaving (6 bytes)
Event: 3.828 Thread 0x000002087dc9a080 nmethod 4658 0x0000020807d98b90 code [0x0000020807d98d20, 0x0000020807d98df8]
Event: 3.828 Thread 0x000002087dc9a080 4660       1       sun.security.util.BitArray::length (5 bytes)
Event: 3.828 Thread 0x000002087dc9a080 nmethod 4660 0x0000020807d98e90 code [0x0000020807d99020, 0x0000020807d990f8]
Event: 3.828 Thread 0x000002087dc9a080 4663       3       java.lang.Class::getConstructor0 (83 bytes)
Event: 3.828 Thread 0x000002087dca1200 nmethod 4661 0x0000020807d99190 code [0x0000020807d99320, 0x0000020807d99558]
Event: 3.828 Thread 0x000002087dc9a080 nmethod 4663 0x0000020800dfb090 code [0x0000020800dfb300, 0x0000020800dfbd78]
Event: 3.828 Thread 0x000002087dc9a080 4665       3       sun.security.util.ObjectIdentifier::toString (285 bytes)

GC Heap History (20 events):
Event: 0.668 GC heap after
{Heap after GC invocations=1 (full 0):
 garbage-first heap   total 131072K, used 6689K [0x0000000080000000, 0x0000000100000000)
  region size 1024K, 2 young (2048K), 2 survivors (2048K)
 Metaspace       used 3763K, committed 3968K, reserved 1114112K
  class space    used 346K, committed 448K, reserved 1048576K
}
Event: 0.940 GC heap before
{Heap before GC invocations=1 (full 0):
 garbage-first heap   total 131072K, used 18977K [0x0000000080000000, 0x0000000100000000)
  region size 1024K, 15 young (15360K), 2 survivors (2048K)
 Metaspace       used 7014K, committed 7168K, reserved 1114112K
  class space    used 635K, committed 704K, reserved 1048576K
}
Event: 0.943 GC heap after
{Heap after GC invocations=2 (full 0):
 garbage-first heap   total 131072K, used 8698K [0x0000000080000000, 0x0000000100000000)
  region size 1024K, 2 young (2048K), 2 survivors (2048K)
 Metaspace       used 7014K, committed 7168K, reserved 1114112K
  class space    used 635K, committed 704K, reserved 1048576K
}
Event: 1.279 GC heap before
{Heap before GC invocations=2 (full 0):
 garbage-first heap   total 131072K, used 33274K [0x0000000080000000, 0x0000000100000000)
  region size 1024K, 26 young (26624K), 2 survivors (2048K)
 Metaspace       used 9921K, committed 10112K, reserved 1114112K
  class space    used 904K, committed 1024K, reserved 1048576K
}
Event: 1.283 GC heap after
{Heap after GC invocations=3 (full 0):
 garbage-first heap   total 131072K, used 12820K [0x0000000080000000, 0x0000000100000000)
  region size 1024K, 4 young (4096K), 4 survivors (4096K)
 Metaspace       used 9921K, committed 10112K, reserved 1114112K
  class space    used 904K, committed 1024K, reserved 1048576K
}
Event: 1.606 GC heap before
{Heap before GC invocations=3 (full 0):
 garbage-first heap   total 131072K, used 62996K [0x0000000080000000, 0x0000000100000000)
  region size 1024K, 54 young (55296K), 4 survivors (4096K)
 Metaspace       used 13032K, committed 13184K, reserved 1114112K
  class space    used 1150K, committed 1216K, reserved 1048576K
}
Event: 1.615 GC heap after
{Heap after GC invocations=4 (full 0):
 garbage-first heap   total 131072K, used 24909K [0x0000000080000000, 0x0000000100000000)
  region size 1024K, 7 young (7168K), 7 survivors (7168K)
 Metaspace       used 13032K, committed 13184K, reserved 1114112K
  class space    used 1150K, committed 1216K, reserved 1048576K
}
Event: 1.891 GC heap before
{Heap before GC invocations=4 (full 0):
 garbage-first heap   total 131072K, used 69965K [0x0000000080000000, 0x0000000100000000)
  region size 1024K, 51 young (52224K), 7 survivors (7168K)
 Metaspace       used 16039K, committed 16192K, reserved 1114112K
  class space    used 1524K, committed 1600K, reserved 1048576K
}
Event: 1.898 GC heap after
{Heap after GC invocations=5 (full 0):
 garbage-first heap   total 131072K, used 30029K [0x0000000080000000, 0x0000000100000000)
  region size 1024K, 5 young (5120K), 5 survivors (5120K)
 Metaspace       used 16039K, committed 16192K, reserved 1114112K
  class space    used 1524K, committed 1600K, reserved 1048576K
}
Event: 2.379 GC heap before
{Heap before GC invocations=5 (full 0):
 garbage-first heap   total 131072K, used 79181K [0x0000000080000000, 0x0000000100000000)
  region size 1024K, 53 young (54272K), 5 survivors (5120K)
 Metaspace       used 18280K, committed 18496K, reserved 1114112K
  class space    used 1766K, committed 1856K, reserved 1048576K
}
Event: 2.384 GC heap after
{Heap after GC invocations=6 (full 0):
 garbage-first heap   total 131072K, used 37888K [0x0000000080000000, 0x0000000100000000)
  region size 1024K, 7 young (7168K), 7 survivors (7168K)
 Metaspace       used 18280K, committed 18496K, reserved 1114112K
  class space    used 1766K, committed 1856K, reserved 1048576K
}
Event: 2.636 GC heap before
{Heap before GC invocations=6 (full 0):
 garbage-first heap   total 131072K, used 86016K [0x0000000080000000, 0x0000000100000000)
  region size 1024K, 54 young (55296K), 7 survivors (7168K)
 Metaspace       used 20795K, committed 20992K, reserved 1114112K
  class space    used 2093K, committed 2176K, reserved 1048576K
}
Event: 2.641 GC heap after
{Heap after GC invocations=7 (full 0):
 garbage-first heap   total 157696K, used 42172K [0x0000000080000000, 0x0000000100000000)
  region size 1024K, 4 young (4096K), 4 survivors (4096K)
 Metaspace       used 20795K, committed 20992K, reserved 1114112K
  class space    used 2093K, committed 2176K, reserved 1048576K
}
Event: 2.695 GC heap before
{Heap before GC invocations=7 (full 0):
 garbage-first heap   total 157696K, used 50364K [0x0000000080000000, 0x0000000100000000)
  region size 1024K, 13 young (13312K), 4 survivors (4096K)
 Metaspace       used 21322K, committed 21504K, reserved 1114112K
  class space    used 2155K, committed 2240K, reserved 1048576K
}
Event: 2.698 GC heap after
{Heap after GC invocations=8 (full 0):
 garbage-first heap   total 157696K, used 42877K [0x0000000080000000, 0x0000000100000000)
  region size 1024K, 5 young (5120K), 5 survivors (5120K)
 Metaspace       used 21322K, committed 21504K, reserved 1114112K
  class space    used 2155K, committed 2240K, reserved 1048576K
}
Event: 3.190 GC heap before
{Heap before GC invocations=9 (full 0):
 garbage-first heap   total 153600K, used 108413K [0x0000000080000000, 0x0000000100000000)
  region size 1024K, 69 young (70656K), 5 survivors (5120K)
 Metaspace       used 24914K, committed 25216K, reserved 1114112K
  class space    used 2574K, committed 2688K, reserved 1048576K
}
Event: 3.195 GC heap after
{Heap after GC invocations=10 (full 0):
 garbage-first heap   total 153600K, used 47449K [0x0000000080000000, 0x0000000100000000)
  region size 1024K, 9 young (9216K), 9 survivors (9216K)
 Metaspace       used 24914K, committed 25216K, reserved 1114112K
  class space    used 2574K, committed 2688K, reserved 1048576K
}
Event: 3.202 GC heap before
{Heap before GC invocations=10 (full 0):
 garbage-first heap   total 153600K, used 48473K [0x0000000080000000, 0x0000000100000000)
  region size 1024K, 10 young (10240K), 9 survivors (9216K)
 Metaspace       used 24962K, committed 25280K, reserved 1114112K
  class space    used 2584K, committed 2752K, reserved 1048576K
}
Event: 3.207 GC heap after
{Heap after GC invocations=11 (full 0):
 garbage-first heap   total 153600K, used 47670K [0x0000000080000000, 0x0000000100000000)
  region size 1024K, 2 young (2048K), 2 survivors (2048K)
 Metaspace       used 24962K, committed 25280K, reserved 1114112K
  class space    used 2584K, committed 2752K, reserved 1048576K
}
Event: 3.829 GC heap before
{Heap before GC invocations=11 (full 0):
 garbage-first heap   total 153600K, used 111158K [0x0000000080000000, 0x0000000100000000)
  region size 1024K, 64 young (65536K), 2 survivors (2048K)
 Metaspace       used 29050K, committed 29440K, reserved 1114112K
  class space    used 3037K, committed 3264K, reserved 1048576K
}

Deoptimization events (20 events):
Event: 3.507 Thread 0x000002086f2e1db0 Uncommon trap: trap_request=0xffffff45 fr.pc=0x0000020807c3ebf8 relative=0x00000000000002d8
Event: 3.507 Thread 0x000002086f2e1db0 Uncommon trap: reason=unstable_if action=reinterpret pc=0x0000020807c3ebf8 method=java.lang.String.indexOf([BBILjava/lang/String;I)I @ 21 c2
Event: 3.507 Thread 0x000002086f2e1db0 DEOPT PACKING pc=0x0000020807c3ebf8 sp=0x0000004dfcafc8b0
Event: 3.507 Thread 0x000002086f2e1db0 DEOPT UNPACKING pc=0x00000208000523a3 sp=0x0000004dfcafc7c0 mode 2
Event: 3.508 Thread 0x000002086f2e1db0 DEOPT PACKING pc=0x0000020800d27982 sp=0x0000004dfcaf9e50
Event: 3.508 Thread 0x000002086f2e1db0 DEOPT UNPACKING pc=0x0000020800052b43 sp=0x0000004dfcaf9420 mode 0
Event: 3.522 Thread 0x000002086f2e1db0 DEOPT PACKING pc=0x0000020800d27982 sp=0x0000004dfcaf9180
Event: 3.522 Thread 0x000002086f2e1db0 DEOPT UNPACKING pc=0x0000020800052b43 sp=0x0000004dfcaf8750 mode 0
Event: 3.552 Thread 0x000002086f2e1db0 DEOPT PACKING pc=0x0000020800d27982 sp=0x0000004dfcaf9c20
Event: 3.552 Thread 0x000002086f2e1db0 DEOPT UNPACKING pc=0x0000020800052b43 sp=0x0000004dfcaf91f0 mode 0
Event: 3.694 Thread 0x000002086f2e1db0 Uncommon trap: trap_request=0xffffff45 fr.pc=0x0000020807bcf4f4 relative=0x0000000000000774
Event: 3.694 Thread 0x000002086f2e1db0 Uncommon trap: reason=unstable_if action=reinterpret pc=0x0000020807bcf4f4 method=java.io.BufferedInputStream.read([BII)I @ 31 c2
Event: 3.694 Thread 0x000002086f2e1db0 DEOPT PACKING pc=0x0000020807bcf4f4 sp=0x0000004dfcafc090
Event: 3.694 Thread 0x000002086f2e1db0 DEOPT UNPACKING pc=0x00000208000523a3 sp=0x0000004dfcafc068 mode 2
Event: 3.824 Thread 0x000002086f2e1db0 DEOPT PACKING pc=0x0000020800de183e sp=0x0000004dfcafbf00
Event: 3.824 Thread 0x000002086f2e1db0 DEOPT UNPACKING pc=0x0000020800052b43 sp=0x0000004dfcafb380 mode 0
Event: 3.824 Thread 0x000002086f2e1db0 DEOPT PACKING pc=0x0000020800de183e sp=0x0000004dfcafbf30
Event: 3.824 Thread 0x000002086f2e1db0 DEOPT UNPACKING pc=0x0000020800052b43 sp=0x0000004dfcafb3b0 mode 0
Event: 3.825 Thread 0x000002086f2e1db0 DEOPT PACKING pc=0x0000020800de183e sp=0x0000004dfcafbf30
Event: 3.825 Thread 0x000002086f2e1db0 DEOPT UNPACKING pc=0x0000020800052b43 sp=0x0000004dfcafb3b0 mode 0

Classes loaded (20 events):
Event: 3.817 Loading class sun/security/x509/DNSName
Event: 3.818 Loading class sun/security/x509/DNSName done
Event: 3.818 Loading class sun/security/x509/NetscapeCertTypeExtension
Event: 3.818 Loading class sun/security/x509/NetscapeCertTypeExtension done
Event: 3.818 Loading class sun/security/x509/NetscapeCertTypeExtension$MapEntry
Event: 3.818 Loading class sun/security/x509/NetscapeCertTypeExtension$MapEntry done
Event: 3.818 Loading class sun/security/x509/SubjectAlternativeNameExtension
Event: 3.818 Loading class sun/security/x509/SubjectAlternativeNameExtension done
Event: 3.818 Loading class sun/security/x509/RFC822Name
Event: 3.818 Loading class sun/security/x509/RFC822Name done
Event: 3.818 Loading class sun/security/x509/IssuerAlternativeNameExtension
Event: 3.819 Loading class sun/security/x509/IssuerAlternativeNameExtension done
Event: 3.822 Loading class sun/security/x509/PrivateKeyUsageExtension
Event: 3.822 Loading class sun/security/x509/PrivateKeyUsageExtension done
Event: 3.822 Loading class java/security/cert/CertificateException
Event: 3.822 Loading class java/security/cert/CertificateException done
Event: 3.825 Loading class sun/security/x509/AuthorityInfoAccessExtension
Event: 3.825 Loading class sun/security/x509/AuthorityInfoAccessExtension done
Event: 3.826 Loading class sun/security/x509/AccessDescription
Event: 3.826 Loading class sun/security/x509/AccessDescription done

Classes unloaded (0 events):
No events

Classes redefined (0 events):
No events

Internal exceptions (20 events):
Event: 3.361 Thread 0x000002086f2e1db0 Exception <a 'java/lang/ArrayIndexOutOfBoundsException'{0x0000000087829cf8}: Index 7 out of bounds for length 7> (0x0000000087829cf8) 
thrown [s\open\src\hotspot\share\interpreter\interpreterRuntime.cpp, line 431]
Event: 3.361 Thread 0x000002086f2e1db0 Exception <a 'java/lang/ArrayIndexOutOfBoundsException'{0x000000008782d050}> (0x000000008782d050) 
thrown [s\open\src\hotspot\share\runtime\sharedRuntime.cpp, line 625]
Event: 3.361 Thread 0x000002086f2e1db0 Exception <a 'java/lang/ArrayIndexOutOfBoundsException'{0x000000008782d8c0}> (0x000000008782d8c0) 
thrown [s\open\src\hotspot\share\runtime\sharedRuntime.cpp, line 625]
Event: 3.361 Thread 0x000002086f2e1db0 Exception <a 'java/lang/ArrayIndexOutOfBoundsException'{0x000000008782e130}: Index 7 out of bounds for length 7> (0x000000008782e130) 
thrown [s\open\src\hotspot\share\interpreter\interpreterRuntime.cpp, line 431]
Event: 3.361 Thread 0x000002086f2e1db0 Exception <a 'java/lang/ArrayIndexOutOfBoundsException'{0x00000000878311a8}> (0x00000000878311a8) 
thrown [s\open\src\hotspot\share\runtime\sharedRuntime.cpp, line 625]
Event: 3.361 Thread 0x000002086f2e1db0 Exception <a 'java/lang/ArrayIndexOutOfBoundsException'{0x0000000087831a18}> (0x0000000087831a18) 
thrown [s\open\src\hotspot\share\runtime\sharedRuntime.cpp, line 625]
Event: 3.362 Thread 0x000002086f2e1db0 Exception <a 'java/lang/ArrayIndexOutOfBoundsException'{0x0000000087832288}: Index 7 out of bounds for length 7> (0x0000000087832288) 
thrown [s\open\src\hotspot\share\interpreter\interpreterRuntime.cpp, line 431]
Event: 3.374 Thread 0x000002086f2e1db0 Exception <a 'java/lang/NoSuchMethodError'{0x0000000087719320}: 'java.lang.Object java.lang.invoke.DirectMethodHandle$Holder.invokeStatic(java.lang.Object, java.lang.Object, java.lang.Object, java.lang.Object, int)'> (0x0000000087719320) 
thrown [s\open\src\hotspot\share\interpreter\linkResolver.cpp, line 766]
Event: 3.376 Thread 0x000002086f2e1db0 Exception <a 'java/lang/IncompatibleClassChangeError'{0x000000008774cb70}: Found class java.lang.Object, but interface was expected> (0x000000008774cb70) 
thrown [s\open\src\hotspot\share\interpreter\linkResolver.cpp, line 833]
Event: 3.376 Thread 0x000002086f2e1db0 Exception <a 'java/lang/IncompatibleClassChangeError'{0x0000000087753fe0}: Found class java.lang.Object, but interface was expected> (0x0000000087753fe0) 
thrown [s\open\src\hotspot\share\interpreter\linkResolver.cpp, line 833]
Event: 3.377 Thread 0x000002086f2e1db0 Exception <a 'java/lang/IncompatibleClassChangeError'{0x000000008776c6d8}: Found class java.lang.Object, but interface was expected> (0x000000008776c6d8) 
thrown [s\open\src\hotspot\share\interpreter\linkResolver.cpp, line 833]
Event: 3.377 Thread 0x000002086f2e1db0 Exception <a 'java/lang/IncompatibleClassChangeError'{0x000000008776fb80}: Found class java.lang.Object, but interface was expected> (0x000000008776fb80) 
thrown [s\open\src\hotspot\share\interpreter\linkResolver.cpp, line 833]
Event: 3.378 Thread 0x000002086f2e1db0 Exception <a 'java/lang/IncompatibleClassChangeError'{0x0000000087775788}: Found class java.lang.Object, but interface was expected> (0x0000000087775788) 
thrown [s\open\src\hotspot\share\interpreter\linkResolver.cpp, line 833]
Event: 3.378 Thread 0x000002086f2e1db0 Exception <a 'java/lang/IncompatibleClassChangeError'{0x0000000087778c58}: Found class java.lang.Object, but interface was expected> (0x0000000087778c58) 
thrown [s\open\src\hotspot\share\interpreter\linkResolver.cpp, line 833]
Event: 3.394 Thread 0x000002086f2e1db0 Implicit null exception at 0x0000020807af60e0 to 0x0000020807af6b50
Event: 3.394 Thread 0x000002086f2e1db0 Implicit null exception at 0x0000020807b6038f to 0x0000020807b60409
Event: 3.398 Thread 0x000002086f2e1db0 Exception <a 'java/lang/NoSuchMethodError'{0x000000008740a248}: 'java.lang.Object java.lang.invoke.DirectMethodHandle$Holder.invokeStatic(java.lang.Object, int, java.lang.Object)'> (0x000000008740a248) 
thrown [s\open\src\hotspot\share\interpreter\linkResolver.cpp, line 766]
Event: 3.503 Thread 0x000002086f2e1db0 Exception <a 'java/lang/NoSuchMethodError'{0x00000000864662f8}: 'java.lang.Object java.lang.invoke.DirectMethodHandle$Holder.newInvokeSpecial(java.lang.Object, java.lang.Object, java.lang.Object, java.lang.Object, java.lang.Object, java.lang.Object, java.lang.Object, java.lang.Object)'> (0x00000000864662f8) 
thrown [s\open\src\hotspot\share\interpreter\linkResolver.cpp, line 766]
Event: 3.504 Thread 0x000002086f2e1db0 Exception <a 'java/lang/NoSuchMethodError'{0x000000008646b518}: 'java.lang.Object java.lang.invoke.DirectMethodHandle$Holder.invokeSpecial(java.lang.Object, java.lang.Object, java.lang.Object, java.lang.Object, java.lang.Object, java.lang.Object, java.lang.Object, java.lang.Object, java.lang.Object)'> (0x000000008646b518) 
thrown [s\open\src\hotspot\share\interpreter\linkResolver.cpp, line 766]
Event: 3.504 Thread 0x000002086f2e1db0 Exception <a 'java/lang/NoSuchMethodError'{0x000000008646f818}: 'java.lang.Object java.lang.invoke.Invokers$Holder.linkToTargetMethod(java.lang.Object, java.lang.Object, java.lang.Object, java.lang.Object, java.lang.Object, java.lang.Object, java.lang.Object, java.lang.Object)'> (0x000000008646f818) 
thrown [s\open\src\hotspot\share\interpreter\linkResolver.cpp, line 766]

VM Operations (20 events):
Event: 2.961 Executing VM operation: HandshakeAllThreads done
Event: 3.113 Executing VM operation: ICBufferFull
Event: 3.113 Executing VM operation: ICBufferFull done
Event: 3.190 Executing VM operation: G1CollectForAllocation
Event: 3.195 Executing VM operation: G1CollectForAllocation done
Event: 3.202 Executing VM operation: G1CollectForAllocation
Event: 3.207 Executing VM operation: G1CollectForAllocation done
Event: 3.362 Executing VM operation: ICBufferFull
Event: 3.362 Executing VM operation: ICBufferFull done
Event: 3.517 Executing VM operation: ICBufferFull
Event: 3.517 Executing VM operation: ICBufferFull done
Event: 3.563 Executing VM operation: HandshakeAllThreads
Event: 3.563 Executing VM operation: HandshakeAllThreads done
Event: 3.619 Executing VM operation: HandshakeAllThreads
Event: 3.619 Executing VM operation: HandshakeAllThreads done
Event: 3.726 Executing VM operation: HandshakeAllThreads
Event: 3.726 Executing VM operation: HandshakeAllThreads done
Event: 3.810 Executing VM operation: HandshakeAllThreads
Event: 3.810 Executing VM operation: HandshakeAllThreads done
Event: 3.829 Executing VM operation: G1CollectForAllocation

Events (20 events):
Event: 2.913 Thread 0x000002087dc9aab0 flushing nmethod 0x0000020800c48310
Event: 2.913 Thread 0x000002087dc9aab0 flushing nmethod 0x0000020800c48d10
Event: 2.913 Thread 0x000002087dc9aab0 flushing nmethod 0x0000020800c50f90
Event: 2.913 Thread 0x000002087dc9aab0 flushing nmethod 0x0000020800c52190
Event: 2.913 Thread 0x000002087dc9aab0 flushing nmethod 0x0000020800c53a90
Event: 2.913 Thread 0x000002087dc9aab0 flushing nmethod 0x0000020800c5bc10
Event: 2.913 Thread 0x000002087dc9aab0 flushing nmethod 0x0000020800c5dd10
Event: 2.913 Thread 0x000002087dc9aab0 flushing nmethod 0x0000020800c61990
Event: 2.913 Thread 0x000002087dc9aab0 flushing nmethod 0x0000020800c68690
Event: 2.913 Thread 0x000002087dc9aab0 flushing nmethod 0x0000020800c6af90
Event: 2.913 Thread 0x000002087dc9aab0 flushing nmethod 0x0000020800c6d090
Event: 2.913 Thread 0x000002087dc9aab0 flushing nmethod 0x0000020800c70b90
Event: 2.913 Thread 0x000002087dc9aab0 flushing nmethod 0x0000020800cb1d90
Event: 2.913 Thread 0x000002087dc9aab0 flushing nmethod 0x0000020800ccb110
Event: 2.913 Thread 0x000002087dc9aab0 flushing nmethod 0x0000020800cefa90
Event: 2.913 Thread 0x000002087dc9aab0 flushing nmethod 0x0000020800cf3810
Event: 2.913 Thread 0x000002087dc9aab0 flushing nmethod 0x0000020800d02710
Event: 3.565 Thread 0x000002087dc9aab0 flushing nmethod 0x000002080082e890
Event: 3.749 Thread 0x000002087eb77c50 Thread exited: 0x000002087eb77c50
Event: 3.821 Thread 0x000002087ee10850 Thread added: 0x000002087ee10850


Dynamic libraries:
0x00007ff641920000 - 0x00007ff64192e000 	C:\Users\user\.jdks\openjdk-18.0.1-1\bin\java.exe
0x00007ff86ec50000 - 0x00007ff86ee48000 	C:\Windows\SYSTEM32\ntdll.dll
0x00007ff86d9c0000 - 0x00007ff86da7f000 	C:\Windows\System32\KERNEL32.DLL
0x00007ff86c350000 - 0x00007ff86c622000 	C:\Windows\System32\KERNELBASE.dll
0x00007ff86cae0000 - 0x00007ff86cbe0000 	C:\Windows\System32\ucrtbase.dll
0x00007ff833d70000 - 0x00007ff833d87000 	C:\Users\user\.jdks\openjdk-18.0.1-1\bin\jli.dll
0x00007ff833d50000 - 0x00007ff833d6a000 	C:\Users\user\.jdks\openjdk-18.0.1-1\bin\VCRUNTIME140.dll
0x00007ff86e9f0000 - 0x00007ff86eb91000 	C:\Windows\System32\USER32.dll
0x00007ff86cc70000 - 0x00007ff86cc92000 	C:\Windows\System32\win32u.dll
0x00007ff84ee60000 - 0x00007ff84f0fa000 	C:\Windows\WinSxS\amd64_microsoft.windows.common-controls_6595b64144ccf1df_6.0.19041.1110_none_60b5254171f9507e\COMCTL32.dll
0x00007ff86d8e0000 - 0x00007ff86d90b000 	C:\Windows\System32\GDI32.dll
0x00007ff86dbb0000 - 0x00007ff86dc4e000 	C:\Windows\System32\msvcrt.dll
0x00007ff86c9d0000 - 0x00007ff86cadf000 	C:\Windows\System32\gdi32full.dll
0x00007ff86c8c0000 - 0x00007ff86c95d000 	C:\Windows\System32\msvcp_win.dll
0x00007ff86d770000 - 0x00007ff86d7a0000 	C:\Windows\System32\IMM32.DLL
0x00007ff8474b0000 - 0x00007ff8474bc000 	C:\Users\user\.jdks\openjdk-18.0.1-1\bin\vcruntime140_1.dll
0x00007ff82b3e0000 - 0x00007ff82b46d000 	C:\Users\user\.jdks\openjdk-18.0.1-1\bin\msvcp140.dll
0x00007ff8299e0000 - 0x00007ff82a5f0000 	C:\Users\user\.jdks\openjdk-18.0.1-1\bin\server\jvm.dll
0x00007ff86dc50000 - 0x00007ff86dcfe000 	C:\Windows\System32\ADVAPI32.dll
0x00007ff86e950000 - 0x00007ff86e9ec000 	C:\Windows\System32\sechost.dll
0x00007ff86d4a0000 - 0x00007ff86d5c4000 	C:\Windows\System32\RPCRT4.dll
0x00007ff86d750000 - 0x00007ff86d758000 	C:\Windows\System32\PSAPI.DLL
0x00007ff852330000 - 0x00007ff852339000 	C:\Windows\SYSTEM32\WSOCK32.dll
0x00007ff8579e0000 - 0x00007ff857a07000 	C:\Windows\SYSTEM32\WINMM.dll
0x00007ff86eba0000 - 0x00007ff86ec0b000 	C:\Windows\System32\WS2_32.dll
0x00007ff863aa0000 - 0x00007ff863aaa000 	C:\Windows\SYSTEM32\VERSION.dll
0x00007ff86a230000 - 0x00007ff86a242000 	C:\Windows\SYSTEM32\kernel.appcore.dll
0x00007ff83fde0000 - 0x00007ff83fdea000 	C:\Users\user\.jdks\openjdk-18.0.1-1\bin\jimage.dll
0x00007ff85b090000 - 0x00007ff85b274000 	C:\Windows\SYSTEM32\DBGHELP.DLL
0x00007ff85b050000 - 0x00007ff85b085000 	C:\Windows\SYSTEM32\dbgcore.DLL
0x00007ff86cbe0000 - 0x00007ff86cc62000 	C:\Windows\System32\bcryptPrimitives.dll
0x00007ff8643a0000 - 0x00007ff8643ae000 	C:\Users\user\.jdks\openjdk-18.0.1-1\bin\instrument.dll
0x00007ff832600000 - 0x00007ff832625000 	C:\Users\user\.jdks\openjdk-18.0.1-1\bin\java.dll
0x00007ff82b300000 - 0x00007ff82b3d6000 	C:\Users\user\.jdks\openjdk-18.0.1-1\bin\jsvml.dll
0x00007ff86cca0000 - 0x00007ff86d3e5000 	C:\Windows\System32\SHELL32.dll
0x00007ff86a430000 - 0x00007ff86abc2000 	C:\Windows\SYSTEM32\windows.storage.dll
0x00007ff86e5f0000 - 0x00007ff86e945000 	C:\Windows\System32\combase.dll
0x00007ff86bdb0000 - 0x00007ff86bde0000 	C:\Windows\SYSTEM32\Wldp.dll
0x00007ff86d910000 - 0x00007ff86d9bd000 	C:\Windows\System32\SHCORE.dll
0x00007ff86d5d0000 - 0x00007ff86d625000 	C:\Windows\System32\shlwapi.dll
0x00007ff86c290000 - 0x00007ff86c2af000 	C:\Windows\SYSTEM32\profapi.dll
0x00007ff830340000 - 0x00007ff830358000 	C:\Users\user\.jdks\openjdk-18.0.1-1\bin\zip.dll
0x00007ff831aa0000 - 0x00007ff831ab3000 	C:\Users\user\.jdks\openjdk-18.0.1-1\bin\net.dll
0x00007ff8641f0000 - 0x00007ff8642fa000 	C:\Windows\SYSTEM32\WINHTTP.dll
0x00007ff86bb10000 - 0x00007ff86bb7a000 	C:\Windows\system32\mswsock.dll
0x00007ff830360000 - 0x00007ff830376000 	C:\Users\user\.jdks\openjdk-18.0.1-1\bin\nio.dll
0x00007ff8335c0000 - 0x00007ff8335d0000 	C:\Users\user\.jdks\openjdk-18.0.1-1\bin\verify.dll
0x00007ff862910000 - 0x00007ff862919000 	C:\Users\user\.jdks\openjdk-18.0.1-1\bin\management.dll
0x00007ff862900000 - 0x00007ff86290b000 	C:\Users\user\.jdks\openjdk-18.0.1-1\bin\management_ext.dll
0x00007ff86bd10000 - 0x00007ff86bd28000 	C:\Windows\SYSTEM32\CRYPTSP.dll
0x00007ff86b3c0000 - 0x00007ff86b3f4000 	C:\Windows\system32\rsaenh.dll
0x00007ff86c630000 - 0x00007ff86c657000 	C:\Windows\System32\bcrypt.dll
0x00007ff86c250000 - 0x00007ff86c27e000 	C:\Windows\SYSTEM32\USERENV.dll
0x00007ff86bd00000 - 0x00007ff86bd0c000 	C:\Windows\SYSTEM32\CRYPTBASE.dll
0x00007ff86b7b0000 - 0x00007ff86b7eb000 	C:\Windows\SYSTEM32\IPHLPAPI.DLL
0x00007ff86d760000 - 0x00007ff86d768000 	C:\Windows\System32\NSI.dll
0x00007ff864e50000 - 0x00007ff864e67000 	C:\Windows\SYSTEM32\dhcpcsvc6.DLL
0x00007ff864e30000 - 0x00007ff864e4d000 	C:\Windows\SYSTEM32\dhcpcsvc.DLL
0x00007ff86b800000 - 0x00007ff86b8cb000 	C:\Windows\SYSTEM32\DNSAPI.dll
0x00007ff85b6c0000 - 0x00007ff85b6d7000 	C:\Windows\system32\napinsp.dll
0x00007ff85b6a0000 - 0x00007ff85b6bb000 	C:\Windows\system32\pnrpnsp.dll
0x00007ff85b680000 - 0x00007ff85b695000 	C:\Windows\system32\wshbth.dll
0x00007ff867c30000 - 0x00007ff867c4d000 	C:\Windows\system32\NLAapi.dll
0x00007ff85afe0000 - 0x00007ff85aff2000 	C:\Windows\System32\winrnr.dll
0x00007ff862ee0000 - 0x00007ff862eea000 	C:\Windows\System32\rasadhlp.dll
0x00007ff862da0000 - 0x00007ff862e20000 	C:\Windows\System32\fwpuclnt.dll

dbghelp: loaded successfully - version: 4.0.5 - missing functions: none
symbol engine: initialized successfully - sym options: 0x614 - pdb path: .;C:\Users\user\.jdks\openjdk-18.0.1-1\bin;C:\Windows\SYSTEM32;C:\Windows\WinSxS\amd64_microsoft.windows.common-controls_6595b64144ccf1df_6.0.19041.1110_none_60b5254171f9507e;C:\Users\user\.jdks\openjdk-18.0.1-1\bin\server

VM Arguments:
jvm_args: -javaagent:C:\Users\user\.m2\repository/org/aspectj/aspectjweaver/1.8.10/aspectjweaver-1.8.10.jar 
java_command: C:\Users\user\Desktop\LHA-QA\target\surefire\surefirebooter5330913980161165552.jar C:\Users\user\Desktop\LHA-QA\target\surefire 2023-04-05T02-39-37_825-jvmRun1 surefire11667658799277394701tmp surefire_017543110535032313059tmp
java_class_path (initial): C:\Users\user\Desktop\LHA-QA\target\surefire\surefirebooter5330913980161165552.jar
Launcher Type: SUN_STANDARD

[Global flags]
     intx CICompilerCount                          = 3                                         {product} {ergonomic}
     uint ConcGCThreads                            = 1                                         {product} {ergonomic}
     uint G1ConcRefinementThreads                  = 4                                         {product} {ergonomic}
   size_t G1HeapRegionSize                         = 1048576                                   {product} {ergonomic}
    uintx GCDrainStackTargetSize                   = 64                                        {product} {ergonomic}
   size_t InitialHeapSize                          = 134217728                                 {product} {ergonomic}
   size_t MarkStackSize                            = 4194304                                   {product} {ergonomic}
   size_t MaxHeapSize                              = 2147483648                                {product} {ergonomic}
   size_t MaxNewSize                               = 1287651328                                {product} {ergonomic}
   size_t MinHeapDeltaBytes                        = 1048576                                   {product} {ergonomic}
   size_t MinHeapSize                              = 8388608                                   {product} {ergonomic}
    uintx NonNMethodCodeHeapSize                   = 5832780                                {pd product} {ergonomic}
    uintx NonProfiledCodeHeapSize                  = 122912730                              {pd product} {ergonomic}
    uintx ProfiledCodeHeapSize                     = 122912730                              {pd product} {ergonomic}
    uintx ReservedCodeCacheSize                    = 251658240                              {pd product} {ergonomic}
     bool SegmentedCodeCache                       = true                                      {product} {ergonomic}
   size_t SoftMaxHeapSize                          = 2147483648                             {manageable} {ergonomic}
     bool UseCompressedClassPointers               = true                           {product lp64_product} {ergonomic}
     bool UseCompressedOops                        = true                           {product lp64_product} {ergonomic}
     bool UseG1GC                                  = true                                      {product} {ergonomic}
     bool UseLargePagesIndividualAllocation        = false                                  {pd product} {ergonomic}

Logging:
Log output configuration:
 #0: stdout all=warning uptime,level,tags foldmultilines=false
 #1: stderr all=off uptime,level,tags foldmultilines=false

Environment Variables:
JAVA_HOME=C:\Program Files\Java\jdk1.8.0_202
PATH=C:\Program Files (x86)\Common Files\Oracle\Java\javapath;C:\Windows\system32;C:\Windows;C:\Windows\System32\Wbem;C:\Windows\System32\WindowsPowerShell\v1.0\;C:\Windows\System32\OpenSSH\;C:\Program Files\Git\cmd;C:\Program Files\Java\jdk1.8.0_202\bin;C:\maven\bin;C:\Program Files\TortoiseGit\bin;C:\Users\user\scoop\shims;C:\Users\user\AppData\Local\Microsoft\WindowsApps;
USERNAME=user
OS=Windows_NT
PROCESSOR_IDENTIFIER=Intel64 Family 6 Model 165 Stepping 5, GenuineIntel



---------------  S Y S T E M  ---------------

OS:
 Windows 10 , 64 bit Build 19041 (10.0.19041.2546)
OS uptime: 5 days 10:28 hours
VMWare virtualization detected

CPU: total 4 (initial active 4) (4 cores per cpu, 1 threads per core) family 6 model 165 stepping 5 microcode 0xca, cx8, cmov, fxsr, mmx, 3dnowpref, sse, sse2, sse3, ssse3, sse4.1, sse4.2, popcnt, lzcnt, tsc, tscinvbit, avx, avx2, aes, erms, clmul, bmi1, bmi2, adx, fma, vzeroupper, clflush, clflushopt, hv

Memory: 4k page, system-wide physical 8191M (967M free)
TotalPageFile size 12561M (AvailPageFile size 125M)
current process WorkingSet (physical memory assigned to process): 247M, peak: 249M
current process commit charge ("private bytes"): 305M, peak: 451M

vm_info: OpenJDK 64-Bit Server VM (18.0.1+10-24) for windows-amd64 JRE (18.0.1+10-24), built on Mar  9 2022 22:38:37 by "mach5one" with MS VC++ 16.8 / 16.9 (VS2019)

END.
